Energy-E_F (eV)    DOS (1/eV)    PDOS (1/eV)  of atom type Bi Te 
     -3.64818     34.68301      0.00000      0.00000
     -3.63818     36.85297      0.00000      0.00000
     -3.62818     39.64481      0.00000      0.00000
     -3.61818     39.25885      0.00000      0.00000
     -3.60818     35.23285      0.00000      0.00000
     -3.59818     32.69256      0.00000      0.00000
     -3.58818     32.78734      0.00000      0.00000
     -3.57818     34.21088      0.00000      0.00000
     -3.56818     33.84137      0.00000      0.00000
     -3.55818     33.83866      0.00000      0.00000
     -3.54818     36.68778      0.00000      0.00000
     -3.53818     40.38959      0.00000      0.00000
     -3.52818     40.93904      0.00000      0.00000
     -3.51818     38.35776      0.00000      0.00000
     -3.50818     37.31637      0.00000      0.00000
     -3.49818     38.68398      0.00000      0.00000
     -3.48818     41.27853      0.00000      0.00000
     -3.47818     42.30772      0.00000      0.00000
     -3.46818     42.43956      0.00000      0.00000
     -3.45818     43.61681      0.00000      0.00000
     -3.44818     43.68512      0.00000      0.00000
     -3.43818     41.86809      0.00000      0.00000
     -3.42818     41.53764      0.00000      0.00000
     -3.41818     42.32272      0.00000      0.00000
     -3.40818     43.04730      0.00000      0.00000
     -3.39818     44.32685      0.00000      0.00000
     -3.38818     44.57497      0.00000      0.00000
     -3.37818     44.41255      0.00000      0.00000
     -3.36818     42.61657      0.00000      0.00000
     -3.35818     40.49113      0.00000      0.00000
     -3.34818     43.54943      0.00000      0.00000
     -3.33818     46.52797      0.00000      0.00000
     -3.32818     46.12945      0.00000      0.00000
     -3.31818     45.86691      0.00000      0.00000
     -3.30818     47.50354      0.00000      0.00000
     -3.29818     48.46222      0.00000      0.00000
     -3.28818     48.66161      0.00000      0.00000
     -3.27818     49.25527      0.00000      0.00000
     -3.26818     50.34572      0.00000      0.00000
     -3.25818     52.75719      0.00000      0.00000
     -3.24818     53.85169      0.00000      0.00000
     -3.23818     52.97993      0.00000      0.00000
     -3.22818     50.80375      0.00000      0.00000
     -3.21818     49.93535      0.00000      0.00000
     -3.20818     51.13892      0.00000      0.00000
     -3.19818     50.73724      0.00000      0.00000
     -3.18818     49.56040      0.00000      0.00000
     -3.17818     49.63803      0.00000      0.00000
     -3.16818     49.18862      0.00000      0.00000
     -3.15818     48.52090      0.00000      0.00000
     -3.14818     49.02807      0.00000      0.00000
     -3.13818     49.20227      0.00000      0.00000
     -3.12818     48.50413      0.00000      0.00000
     -3.11818     49.34083      0.00000      0.00000
     -3.10818     48.99842      0.00000      0.00000
     -3.09818     50.45030      0.00000      0.00000
     -3.08818     53.53020      0.00000      0.00000
     -3.07818     53.64043      0.00000      0.00000
     -3.06818     52.85951      0.00000      0.00000
     -3.05818     52.69970      0.00000      0.00000
     -3.04818     53.24901      0.00000      0.00000
     -3.03818     54.91947      0.00000      0.00000
     -3.02818     54.81643      0.00000      0.00000
     -3.01818     52.40988      0.00000      0.00000
     -3.00818     51.06317      0.00000      0.00000
     -2.99818     51.40937      0.00000      0.00000
     -2.98818     51.08548      0.00000      0.00000
     -2.97818     49.19910      0.00000      0.00000
     -2.96818     49.53300      0.00000      0.00000
     -2.95818     52.92904      0.00000      0.00000
     -2.94818     55.98377      0.00000      0.00000
     -2.93818     56.70393      0.00000      0.00000
     -2.92818     53.49128      0.00000      0.00000
     -2.91818     50.05721      0.00000      0.00000
     -2.90818     51.25024      0.00000      0.00000
     -2.89818     52.98188      0.00000      0.00000
     -2.88818     50.73050      0.00000      0.00000
     -2.87818     49.04550      0.00000      0.00000
     -2.86818     50.30663      0.00000      0.00000
     -2.85818     50.15793      0.00000      0.00000
     -2.84818     47.88842      0.00000      0.00000
     -2.83818     47.59175      0.00000      0.00000
     -2.82818     51.48769      0.00000      0.00000
     -2.81818     54.62809      0.00000      0.00000
     -2.80818     53.23826      0.00000      0.00000
     -2.79818     49.23753      0.00000      0.00000
     -2.78818     49.53682      0.00000      0.00000
     -2.77818     53.82890      0.00000      0.00000
     -2.76818     57.23916      0.00000      0.00000
     -2.75818     59.17199      0.00000      0.00000
     -2.74818     58.61041      0.00000      0.00000
     -2.73818     57.99489      0.00000      0.00000
     -2.72818     57.72673      0.00000      0.00000
     -2.71818     57.38958      0.00000      0.00000
     -2.70818     58.99047      0.00000      0.00000
     -2.69818     57.82954      0.00000      0.00000
     -2.68818     52.73580      0.00000      0.00000
     -2.67818     49.97516      0.00000      0.00000
     -2.66818     51.46725      0.00000      0.00000
     -2.65818     52.40534      0.00000      0.00000
     -2.64818     54.11186      0.00000      0.00000
     -2.63818     59.49519      0.00000      0.00000
     -2.62818     62.66353      0.00000      0.00000
     -2.61818     61.69118      0.00000      0.00000
     -2.60818     61.58340      0.00000      0.00000
     -2.59818     63.70778      0.00000      0.00000
     -2.58818     65.40503      0.00000      0.00000
     -2.57818     64.21994      0.00000      0.00000
     -2.56818     62.60045      0.00000      0.00000
     -2.55818     62.14732      0.00000      0.00000
     -2.54818     62.83125      0.00000      0.00000
     -2.53818     64.50777      0.00000      0.00000
     -2.52818     64.98571      0.00000      0.00000
     -2.51818     64.46316      0.00000      0.00000
     -2.50818     64.23293      0.00000      0.00000
     -2.49818     63.49569      0.00000      0.00000
     -2.48818     63.63105      0.00000      0.00000
     -2.47818     64.26596      0.00000      0.00000
     -2.46818     65.37833      0.00000      0.00000
     -2.45818     65.80763      0.00000      0.00000
     -2.44818     65.37456      0.00000      0.00000
     -2.43818     67.25381      0.00000      0.00000
     -2.42818     68.67304      0.00000      0.00000
     -2.41818     68.68808      0.00000      0.00000
     -2.40818     68.09961      0.00000      0.00000
     -2.39818     65.22088      0.00000      0.00000
     -2.38818     63.90348      0.00000      0.00000
     -2.37818     68.30153      0.00000      0.00000
     -2.36818     71.96852      0.00000      0.00000
     -2.35818     72.02360      0.00000      0.00000
     -2.34818     71.26728      0.00000      0.00000
     -2.33818     69.79638      0.00000      0.00000
     -2.32818     67.44755      0.00000      0.00000
     -2.31818     64.38328      0.00000      0.00000
     -2.30818     64.69429      0.00000      0.00000
     -2.29818     66.40889      0.00000      0.00000
     -2.28818     67.79706      0.00000      0.00000
     -2.27818     67.41338      0.00000      0.00000
     -2.26818     66.16776      0.00000      0.00000
     -2.25818     67.34484      0.00000      0.00000
     -2.24818     69.75867      0.00000      0.00000
     -2.23818     71.15852      0.00000      0.00000
     -2.22818     68.91470      0.00000      0.00000
     -2.21818     63.53151      0.00000      0.00000
     -2.20818     60.49614      0.00000      0.00000
     -2.19818     62.00128      0.00000      0.00000
     -2.18818     62.59354      0.00000      0.00000
     -2.17818     60.47749      0.00000      0.00000
     -2.16818     59.68982      0.00000      0.00000
     -2.15818     63.40181      0.00000      0.00000
     -2.14818     68.18192      0.00000      0.00000
     -2.13818     68.58964      0.00000      0.00000
     -2.12818     64.13711      0.00000      0.00000
     -2.11818     59.13905      0.00000      0.00000
     -2.10818     58.41837      0.00000      0.00000
     -2.09818     60.30302      0.00000      0.00000
     -2.08818     59.35131      0.00000      0.00000
     -2.07818     56.94554      0.00000      0.00000
     -2.06818     58.08874      0.00000      0.00000
     -2.05818     58.94950      0.00000      0.00000
     -2.04818     57.81137      0.00000      0.00000
     -2.03818     57.82642      0.00000      0.00000
     -2.02818     59.76449      0.00000      0.00000
     -2.01818     61.94755      0.00000      0.00000
     -2.00818     61.18628      0.00000      0.00000
     -1.99818     58.65387      0.00000      0.00000
     -1.98818     56.88213      0.00000      0.00000
     -1.97818     56.41989      0.00000      0.00000
     -1.96818     55.85517      0.00000      0.00000
     -1.95818     55.13528      0.00000      0.00000
     -1.94818     56.48787      0.00000      0.00000
     -1.93818     59.21192      0.00000      0.00000
     -1.92818     60.17668      0.00000      0.00000
     -1.91818     58.23138      0.00000      0.00000
     -1.90818     56.73983      0.00000      0.00000
     -1.89818     57.00190      0.00000      0.00000
     -1.88818     58.58947      0.00000      0.00000
     -1.87818     61.37263      0.00000      0.00000
     -1.86818     62.80225      0.00000      0.00000
     -1.85818     61.89743      0.00000      0.00000
     -1.84818     61.30831      0.00000      0.00000
     -1.83818     61.15655      0.00000      0.00000
     -1.82818     59.44536      0.00000      0.00000
     -1.81818     58.54346      0.00000      0.00000
     -1.80818     59.33305      0.00000      0.00000
     -1.79818     63.32362      0.00000      0.00000
     -1.78818     65.12430      0.00000      0.00000
     -1.77818     62.62607      0.00000      0.00000
     -1.76818     60.88916      0.00000      0.00000
     -1.75818     59.46262      0.00000      0.00000
     -1.74818     59.19910      0.00000      0.00000
     -1.73818     61.43599      0.00000      0.00000
     -1.72818     63.50639      0.00000      0.00000
     -1.71818     62.71435      0.00000      0.00000
     -1.70818     60.24972      0.00000      0.00000
     -1.69818     59.45202      0.00000      0.00000
     -1.68818     60.24149      0.00000      0.00000
     -1.67818     61.74480      0.00000      0.00000
     -1.66818     62.00587      0.00000      0.00000
     -1.65818     61.85765      0.00000      0.00000
     -1.64818     64.15685      0.00000      0.00000
     -1.63818     64.22555      0.00000      0.00000
     -1.62818     61.84546      0.00000      0.00000
     -1.61818     57.85080      0.00000      0.00000
     -1.60818     54.45244      0.00000      0.00000
     -1.59818     53.61709      0.00000      0.00000
     -1.58818     55.38112      0.00000      0.00000
     -1.57818     57.71006      0.00000      0.00000
     -1.56818     55.89808      0.00000      0.00000
     -1.55818     55.11386      0.00000      0.00000
     -1.54818     56.44774      0.00000      0.00000
     -1.53818     54.61443      0.00000      0.00000
     -1.52818     54.06501      0.00000      0.00000
     -1.51818     56.12670      0.00000      0.00000
     -1.50818     56.26890      0.00000      0.00000
     -1.49818     57.17754      0.00000      0.00000
     -1.48818     57.83806      0.00000      0.00000
     -1.47818     59.12123      0.00000      0.00000
     -1.46818     61.19787      0.00000      0.00000
     -1.45818     58.71138      0.00000      0.00000
     -1.44818     54.46221      0.00000      0.00000
     -1.43818     54.97171      0.00000      0.00000
     -1.42818     58.49091      0.00000      0.00000
     -1.41818     62.40236      0.00000      0.00000
     -1.40818     64.99184      0.00000      0.00000
     -1.39818     63.48340      0.00000      0.00000
     -1.38818     61.03533      0.00000      0.00000
     -1.37818     58.64591      0.00000      0.00000
     -1.36818     56.94662      0.00000      0.00000
     -1.35818     57.49338      0.00000      0.00000
     -1.34818     57.40891      0.00000      0.00000
     -1.33818     56.68828      0.00000      0.00000
     -1.32818     57.24753      0.00000      0.00000
     -1.31818     60.18852      0.00000      0.00000
     -1.30818     60.99617      0.00000      0.00000
     -1.29818     58.35154      0.00000      0.00000
     -1.28818     55.35380      0.00000      0.00000
     -1.27818     52.82365      0.00000      0.00000
     -1.26818     54.48105      0.00000      0.00000
     -1.25818     58.10973      0.00000      0.00000
     -1.24818     57.80841      0.00000      0.00000
     -1.23818     56.79565      0.00000      0.00000
     -1.22818     58.00416      0.00000      0.00000
     -1.21818     58.70547      0.00000      0.00000
     -1.20818     59.65878      0.00000      0.00000
     -1.19818     61.28374      0.00000      0.00000
     -1.18818     60.24885      0.00000      0.00000
     -1.17818     56.87234      0.00000      0.00000
     -1.16818     53.35092      0.00000      0.00000
     -1.15818     53.46068      0.00000      0.00000
     -1.14818     56.63806      0.00000      0.00000
     -1.13818     58.61721      0.00000      0.00000
     -1.12818     59.55148      0.00000      0.00000
     -1.11818     59.43604      0.00000      0.00000
     -1.10818     59.15282      0.00000      0.00000
     -1.09818     59.61530      0.00000      0.00000
     -1.08818     57.54920      0.00000      0.00000
     -1.07818     54.32937      0.00000      0.00000
     -1.06818     55.34710      0.00000      0.00000
     -1.05818     58.08018      0.00000      0.00000
     -1.04818     60.57781      0.00000      0.00000
     -1.03818     61.85537      0.00000      0.00000
     -1.02818     60.95927      0.00000      0.00000
     -1.01818     59.80305      0.00000      0.00000
     -1.00818     60.79756      0.00000      0.00000
     -0.99818     60.29629      0.00000      0.00000
     -0.98818     57.92354      0.00000      0.00000
     -0.97818     55.78382      0.00000      0.00000
     -0.96818     55.90633      0.00000      0.00000
     -0.95818     59.86621      0.00000      0.00000
     -0.94818     60.90755      0.00000      0.00000
     -0.93818     59.45352      0.00000      0.00000
     -0.92818     59.30744      0.00000      0.00000
     -0.91818     58.36333      0.00000      0.00000
     -0.90818     56.78129      0.00000      0.00000
     -0.89818     54.87381      0.00000      0.00000
     -0.88818     55.35794      0.00000      0.00000
     -0.87818     58.26888      0.00000      0.00000
     -0.86818     61.14502      0.00000      0.00000
     -0.85818     62.82040      0.00000      0.00000
     -0.84818     62.26870      0.00000      0.00000
     -0.83818     65.30730      0.00000      0.00000
     -0.82818     69.05879      0.00000      0.00000
     -0.81818     67.92736      0.00000      0.00000
     -0.80818     64.30676      0.00000      0.00000
     -0.79818     60.40278      0.00000      0.00000
     -0.78818     58.97840      0.00000      0.00000
     -0.77818     62.04041      0.00000      0.00000
     -0.76818     65.20477      0.00000      0.00000
     -0.75818     66.56540      0.00000      0.00000
     -0.74818     65.76696      0.00000      0.00000
     -0.73818     65.77157      0.00000      0.00000
     -0.72818     68.05576      0.00000      0.00000
     -0.71818     69.48555      0.00000      0.00000
     -0.70818     70.54690      0.00000      0.00000
     -0.69818     70.12299      0.00000      0.00000
     -0.68818     67.99172      0.00000      0.00000
     -0.67818     66.14396      0.00000      0.00000
     -0.66818     67.06721      0.00000      0.00000
     -0.65818     69.49906      0.00000      0.00000
     -0.64818     67.86066      0.00000      0.00000
     -0.63818     63.74673      0.00000      0.00000
     -0.62818     63.52947      0.00000      0.00000
     -0.61818     65.43046      0.00000      0.00000
     -0.60818     64.94899      0.00000      0.00000
     -0.59818     63.56639      0.00000      0.00000
     -0.58818     61.51476      0.00000      0.00000
     -0.57818     61.51621      0.00000      0.00000
     -0.56818     64.56969      0.00000      0.00000
     -0.55818     66.57265      0.00000      0.00000
     -0.54818     65.47331      0.00000      0.00000
     -0.53818     65.31593      0.00000      0.00000
     -0.52818     67.90742      0.00000      0.00000
     -0.51818     68.08858      0.00000      0.00000
     -0.50818     65.38051      0.00000      0.00000
     -0.49818     64.85988      0.00000      0.00000
     -0.48818     65.12055      0.00000      0.00000
     -0.47818     64.19910      0.00000      0.00000
     -0.46818     66.21033      0.00000      0.00000
     -0.45818     70.11902      0.00000      0.00000
     -0.44818     70.78129      0.00000      0.00000
     -0.43818     71.41305      0.00000      0.00000
     -0.42818     74.40434      0.00000      0.00000
     -0.41818     75.71879      0.00000      0.00000
     -0.40818     74.10223      0.00000      0.00000
     -0.39818     71.81898      0.00000      0.00000
     -0.38818     71.57872      0.00000      0.00000
     -0.37818     70.19181      0.00000      0.00000
     -0.36818     65.96774      0.00000      0.00000
     -0.35818     66.26249      0.00000      0.00000
     -0.34818     72.43245      0.00000      0.00000
     -0.33818     75.63130      0.00000      0.00000
     -0.32818     73.07208      0.00000      0.00000
     -0.31818     69.72176      0.00000      0.00000
     -0.30818     68.59052      0.00000      0.00000
     -0.29818     68.78709      0.00000      0.00000
     -0.28818     69.83492      0.00000      0.00000
     -0.27818     68.22772      0.00000      0.00000
     -0.26818     60.80287      0.00000      0.00000
     -0.25818     55.34132      0.00000      0.00000
     -0.24818     58.32900      0.00000      0.00000
     -0.23818     65.57334      0.00000      0.00000
     -0.22818     67.70628      0.00000      0.00000
     -0.21818     65.00502      0.00000      0.00000
     -0.20818     65.32051      0.00000      0.00000
     -0.19818     65.74898      0.00000      0.00000
     -0.18818     64.58156      0.00000      0.00000
     -0.17818     64.97921      0.00000      0.00000
     -0.16818     66.01609      0.00000      0.00000
     -0.15818     64.67415      0.00000      0.00000
     -0.14818     62.81411      0.00000      0.00000
     -0.13818     65.46102      0.00000      0.00000
     -0.12818     69.01361      0.00000      0.00000
     -0.11818     70.56638      0.00000      0.00000
     -0.10818     69.62677      0.00000      0.00000
     -0.09818     67.81201      0.00000      0.00000
     -0.08818     70.18596      0.00000      0.00000
     -0.07818     74.46569      0.00000      0.00000
     -0.06818     77.21046      0.00000      0.00000
     -0.05818     79.22003      0.00000      0.00000
     -0.04818     79.57757      0.00000      0.00000
     -0.03818     74.28537      0.00000      0.00000
     -0.02818     64.61777      0.00000      0.00000
     -0.01818     58.84890      0.00000      0.00000
     -0.00818     60.64485      0.00000      0.00000
      0.00182     60.57549      0.00000      0.00000
      0.01182     57.40179      0.00000      0.00000
      0.02182     57.76174      0.00000      0.00000
      0.03182     58.60338      0.00000      0.00000
      0.04182     58.96685      0.00000      0.00000
      0.05182     62.46227      0.00000      0.00000
      0.06182     65.81611      0.00000      0.00000
      0.07182     66.17551      0.00000      0.00000
      0.08182     63.90421      0.00000      0.00000
      0.09182     61.53419      0.00000      0.00000
      0.10182     62.28508      0.00000      0.00000
      0.11182     64.39707      0.00000      0.00000
      0.12182     62.96503      0.00000      0.00000
      0.13182     60.07977      0.00000      0.00000
      0.14182     54.89489      0.00000      0.00000
      0.15182     49.69992      0.00000      0.00000
      0.16182     49.02493      0.00000      0.00000
      0.17182     49.76212      0.00000      0.00000
      0.18182     48.72185      0.00000      0.00000
      0.19182     46.68219      0.00000      0.00000
      0.20182     45.85603      0.00000      0.00000
      0.21182     44.17133      0.00000      0.00000
      0.22182     44.48102      0.00000      0.00000
      0.23182     45.80680      0.00000      0.00000
      0.24182     45.89218      0.00000      0.00000
      0.25182     45.20025      0.00000      0.00000
      0.26182     44.93182      0.00000      0.00000
      0.27182     44.97526      0.00000      0.00000
      0.28182     43.46227      0.00000      0.00000
      0.29182     43.59435      0.00000      0.00000
      0.30182     47.79573      0.00000      0.00000
      0.31182     49.51372      0.00000      0.00000
      0.32182     46.07268      0.00000      0.00000
      0.33182     41.98508      0.00000      0.00000
      0.34182     38.25690      0.00000      0.00000
      0.35182     35.58526      0.00000      0.00000
      0.36182     33.67301      0.00000      0.00000
      0.37182     32.99663      0.00000      0.00000
      0.38182     32.34126      0.00000      0.00000
      0.39182     32.26598      0.00000      0.00000
      0.40182     37.10593      0.00000      0.00000
      0.41182     40.77634      0.00000      0.00000
      0.42182     38.13757      0.00000      0.00000
      0.43182     32.82385      0.00000      0.00000
      0.44182     29.76514      0.00000      0.00000
      0.45182     30.23008      0.00000      0.00000
      0.46182     31.01081      0.00000      0.00000
      0.47182     31.38480      0.00000      0.00000
      0.48182     32.03303      0.00000      0.00000
      0.49182     31.31032      0.00000      0.00000
      0.50182     29.67470      0.00000      0.00000
      0.51182     29.75680      0.00000      0.00000
      0.52182     31.54355      0.00000      0.00000
      0.53182     34.99183      0.00000      0.00000
      0.54182     37.56763      0.00000      0.00000
      0.55182     35.62449      0.00000      0.00000
      0.56182     32.90182      0.00000      0.00000
      0.57182     34.12124      0.00000      0.00000
      0.58182     35.48213      0.00000      0.00000
      0.59182     35.65570      0.00000      0.00000
      0.60182     36.00283      0.00000      0.00000
      0.61182     35.86531      0.00000      0.00000
      0.62182     34.59766      0.00000      0.00000
      0.63182     33.99673      0.00000      0.00000
      0.64182     35.51856      0.00000      0.00000
      0.65182     37.72098      0.00000      0.00000
      0.66182     38.95265      0.00000      0.00000
      0.67182     36.22552      0.00000      0.00000
      0.68182     31.35734      0.00000      0.00000
      0.69182     28.89966      0.00000      0.00000
      0.70182     27.99608      0.00000      0.00000
      0.71182     26.91763      0.00000      0.00000
      0.72182     26.80286      0.00000      0.00000
      0.73182     26.31974      0.00000      0.00000
      0.74182     25.30497      0.00000      0.00000
      0.75182     24.46923      0.00000      0.00000
      0.76182     23.34616      0.00000      0.00000
      0.77182     23.89527      0.00000      0.00000
      0.78182     24.97776      0.00000      0.00000
      0.79182     23.13897      0.00000      0.00000
      0.80182     22.34362      0.00000      0.00000
      0.81182     23.71344      0.00000      0.00000
      0.82182     23.48567      0.00000      0.00000
      0.83182     22.16563      0.00000      0.00000
      0.84182     21.23309      0.00000      0.00000
      0.85182     21.61146      0.00000      0.00000
      0.86182     22.51600      0.00000      0.00000
      0.87182     22.80439      0.00000      0.00000
      0.88182     22.53560      0.00000      0.00000
      0.89182     22.53596      0.00000      0.00000
      0.90182     24.69255      0.00000      0.00000
      0.91182     28.06569      0.00000      0.00000
      0.92182     28.86195      0.00000      0.00000
      0.93182     26.62888      0.00000      0.00000
      0.94182     24.03883      0.00000      0.00000
      0.95182     21.45504      0.00000      0.00000
      0.96182     19.54690      0.00000      0.00000
      0.97182     18.55023      0.00000      0.00000
      0.98182     17.66218      0.00000      0.00000
      0.99182     18.88661      0.00000      0.00000
      1.00182     21.58749      0.00000      0.00000
      1.01182     22.28783      0.00000      0.00000
      1.02182     22.39257      0.00000      0.00000
      1.03182     23.23870      0.00000      0.00000
      1.04182     23.28140      0.00000      0.00000
      1.05182     23.55635      0.00000      0.00000
      1.06182     23.61857      0.00000      0.00000
      1.07182     23.33804      0.00000      0.00000
      1.08182     24.93552      0.00000      0.00000
      1.09182     26.56997      0.00000      0.00000
      1.10182     25.88683      0.00000      0.00000
      1.11182     23.71242      0.00000      0.00000
      1.12182     21.83839      0.00000      0.00000
      1.13182     21.84159      0.00000      0.00000
      1.14182     22.79058      0.00000      0.00000
      1.15182     21.76436      0.00000      0.00000
      1.16182     18.85051      0.00000      0.00000
      1.17182     17.83269      0.00000      0.00000
      1.18182     18.82741      0.00000      0.00000
      1.19182     20.78188      0.00000      0.00000
      1.20182     21.24989      0.00000      0.00000
      1.21182     19.87407      0.00000      0.00000
      1.22182     20.23912      0.00000      0.00000
      1.23182     21.84083      0.00000      0.00000
      1.24182     22.88249      0.00000      0.00000
      1.25182     24.02441      0.00000      0.00000
      1.26182     24.85938      0.00000      0.00000
      1.27182     24.94091      0.00000      0.00000
      1.28182     25.34405      0.00000      0.00000
      1.29182     26.60178      0.00000      0.00000
      1.30182     28.80177      0.00000      0.00000
      1.31182     31.35616      0.00000      0.00000
      1.32182     31.75663      0.00000      0.00000
      1.33182     30.47390      0.00000      0.00000
      1.34182     31.19973      0.00000      0.00000
      1.35182     34.37832      0.00000      0.00000
      1.36182     36.62323      0.00000      0.00000
      1.37182     37.31526      0.00000      0.00000
      1.38182     38.54299      0.00000      0.00000
      1.39182     38.28178      0.00000      0.00000
      1.40182     34.75709      0.00000      0.00000
      1.41182     32.50454      0.00000      0.00000
      1.42182     32.14712      0.00000      0.00000
      1.43182     32.13127      0.00000      0.00000
      1.44182     33.39403      0.00000      0.00000
      1.45182     36.00080      0.00000      0.00000
      1.46182     40.63586      0.00000      0.00000
      1.47182     41.99524      0.00000      0.00000
      1.48182     35.33824      0.00000      0.00000
      1.49182     29.53512      0.00000      0.00000
      1.50182     31.01057      0.00000      0.00000
      1.51182     33.08462      0.00000      0.00000
      1.52182     32.20037      0.00000      0.00000
      1.53182     32.86723      0.00000      0.00000
      1.54182     33.06436      0.00000      0.00000
      1.55182     31.52108      0.00000      0.00000
      1.56182     30.78255      0.00000      0.00000
      1.57182     31.40606      0.00000      0.00000
      1.58182     32.32128      0.00000      0.00000
      1.59182     31.62356      0.00000      0.00000
      1.60182     30.52887      0.00000      0.00000
      1.61182     30.21314      0.00000      0.00000
      1.62182     31.13948      0.00000      0.00000
      1.63182     33.85717      0.00000      0.00000
      1.64182     36.45357      0.00000      0.00000
      1.65182     37.45267      0.00000      0.00000
      1.66182     37.21696      0.00000      0.00000
      1.67182     35.51850      0.00000      0.00000
      1.68182     34.87980      0.00000      0.00000
      1.69182     36.98791      0.00000      0.00000
      1.70182     38.83518      0.00000      0.00000
      1.71182     36.47845      0.00000      0.00000
      1.72182     31.55144      0.00000      0.00000
      1.73182     27.63238      0.00000      0.00000
      1.74182     27.01383      0.00000      0.00000
      1.75182     28.91719      0.00000      0.00000
      1.76182     31.55031      0.00000      0.00000
      1.77182     33.70801      0.00000      0.00000
      1.78182     35.30871      0.00000      0.00000
      1.79182     35.48579      0.00000      0.00000
      1.80182     36.60831      0.00000      0.00000
      1.81182     39.08055      0.00000      0.00000
      1.82182     40.50319      0.00000      0.00000
      1.83182     41.82745      0.00000      0.00000
      1.84182     44.74971      0.00000      0.00000
      1.85182     48.26182      0.00000      0.00000
      1.86182     48.95742      0.00000      0.00000
      1.87182     48.07983      0.00000      0.00000
      1.88182     47.63958      0.00000      0.00000
      1.89182     46.87383      0.00000      0.00000
      1.90182     46.63548      0.00000      0.00000
      1.91182     47.12195      0.00000      0.00000
      1.92182     47.37520      0.00000      0.00000
      1.93182     48.77473      0.00000      0.00000
      1.94182     51.14483      0.00000      0.00000
      1.95182     55.65898      0.00000      0.00000
      1.96182     61.60867      0.00000      0.00000
      1.97182     65.06947      0.00000      0.00000
      1.98182     64.22653      0.00000      0.00000
      1.99182     62.04011      0.00000      0.00000
      2.00182     59.58386      0.00000      0.00000
      2.01182     52.77232      0.00000      0.00000
      2.02182     49.30376      0.00000      0.00000
      2.03182     53.52094      0.00000      0.00000
      2.04182     56.81972      0.00000      0.00000
      2.05182     56.84069      0.00000      0.00000
      2.06182     60.62348      0.00000      0.00000
      2.07182     62.24413      0.00000      0.00000
      2.08182     56.95015      0.00000      0.00000
      2.09182     53.30855      0.00000      0.00000
      2.10182     55.03086      0.00000      0.00000
      2.11182     56.04228      0.00000      0.00000
      2.12182     52.66478      0.00000      0.00000
      2.13182     48.05297      0.00000      0.00000
      2.14182     48.41742      0.00000      0.00000
      2.15182     53.75127      0.00000      0.00000
      2.16182     57.48632      0.00000      0.00000
      2.17182     57.39535      0.00000      0.00000
      2.18182     56.24335      0.00000      0.00000
      2.19182     54.48678      0.00000      0.00000
      2.20182     50.80082      0.00000      0.00000
      2.21182     50.54359      0.00000      0.00000
      2.22182     56.52368      0.00000      0.00000
      2.23182     62.39123      0.00000      0.00000
      2.24182     66.15937      0.00000      0.00000
      2.25182     67.49716      0.00000      0.00000
      2.26182     66.93693      0.00000      0.00000
      2.27182     64.84776      0.00000      0.00000
      2.28182     61.74090      0.00000      0.00000
      2.29182     60.73377      0.00000      0.00000
      2.30182     63.43523      0.00000      0.00000
      2.31182     66.95646      0.00000      0.00000
      2.32182     66.54935      0.00000      0.00000
      2.33182     61.01290      0.00000      0.00000
      2.34182     56.08502      0.00000      0.00000
      2.35182     56.99603      0.00000      0.00000
      2.36182     59.02393      0.00000      0.00000
      2.37182     61.68376      0.00000      0.00000
      2.38182     64.44299      0.00000      0.00000
      2.39182     62.83888      0.00000      0.00000
      2.40182     61.49740      0.00000      0.00000
      2.41182     62.37183      0.00000      0.00000
      2.42182     61.54925      0.00000      0.00000
      2.43182     61.41652      0.00000      0.00000
      2.44182     63.82968      0.00000      0.00000
      2.45182     65.99170      0.00000      0.00000
      2.46182     65.64579      0.00000      0.00000
      2.47182     62.27702      0.00000      0.00000
      2.48182     58.22249      0.00000      0.00000
      2.49182     57.26726      0.00000      0.00000
      2.50182     58.81026      0.00000      0.00000
      2.51182     62.66799      0.00000      0.00000
      2.52182     65.65271      0.00000      0.00000
      2.53182     66.23567      0.00000      0.00000
      2.54182     65.76220      0.00000      0.00000
      2.55182     65.38935      0.00000      0.00000
      2.56182     63.43736      0.00000      0.00000
      2.57182     60.03923      0.00000      0.00000
      2.58182     59.52358      0.00000      0.00000
      2.59182     63.72364      0.00000      0.00000
      2.60182     65.67282      0.00000      0.00000
      2.61182     64.05244      0.00000      0.00000
      2.62182     62.70043      0.00000      0.00000
      2.63182     62.62677      0.00000      0.00000
      2.64182     64.55311      0.00000      0.00000
      2.65182     65.22041      0.00000      0.00000
      2.66182     63.97624      0.00000      0.00000
      2.67182     64.86350      0.00000      0.00000
      2.68182     65.09201      0.00000      0.00000
      2.69182     61.52518      0.00000      0.00000
      2.70182     60.96243      0.00000      0.00000
      2.71182     62.66001      0.00000      0.00000
      2.72182     61.23652      0.00000      0.00000
      2.73182     59.45703      0.00000      0.00000
      2.74182     58.31006      0.00000      0.00000
      2.75182     54.65323      0.00000      0.00000
      2.76182     53.49807      0.00000      0.00000
      2.77182     58.51892      0.00000      0.00000
      2.78182     64.52826      0.00000      0.00000
      2.79182     65.88316      0.00000      0.00000
      2.80182     60.91475      0.00000      0.00000
      2.81182     56.36382      0.00000      0.00000
      2.82182     56.53133      0.00000      0.00000
      2.83182     57.17810      0.00000      0.00000
      2.84182     57.08837      0.00000      0.00000
      2.85182     58.83495      0.00000      0.00000
      2.86182     62.46570      0.00000      0.00000
      2.87182     63.62393      0.00000      0.00000
      2.88182     60.17540      0.00000      0.00000
      2.89182     56.22333      0.00000      0.00000
      2.90182     54.11652      0.00000      0.00000
      2.91182     53.15871      0.00000      0.00000
      2.92182     53.46454      0.00000      0.00000
      2.93182     55.42623      0.00000      0.00000
      2.94182     58.45398      0.00000      0.00000
      2.95182     59.22855      0.00000      0.00000
      2.96182     55.24336      0.00000      0.00000
      2.97182     52.21130      0.00000      0.00000
      2.98182     52.66300      0.00000      0.00000
      2.99182     52.67868      0.00000      0.00000
      3.00182     51.47702      0.00000      0.00000
      3.01182     51.46537      0.00000      0.00000
      3.02182     52.74073      0.00000      0.00000
      3.03182     53.94755      0.00000      0.00000
      3.04182     55.03410      0.00000      0.00000
      3.05182     51.75185      0.00000      0.00000
      3.06182     49.41497      0.00000      0.00000
      3.07182     51.82750      0.00000      0.00000
      3.08182     52.83816      0.00000      0.00000
      3.09182     53.49054      0.00000      0.00000
      3.10182     56.69497      0.00000      0.00000
      3.11182     58.00166      0.00000      0.00000
      3.12182     58.89056      0.00000      0.00000
      3.13182     57.20706      0.00000      0.00000
      3.14182     50.41600      0.00000      0.00000
      3.15182     47.14509      0.00000      0.00000
      3.16182     51.82057      0.00000      0.00000
      3.17182     57.35858      0.00000      0.00000
      3.18182     58.02466      0.00000      0.00000
      3.19182     55.44630      0.00000      0.00000
      3.20182     52.44250      0.00000      0.00000
      3.21182     51.86615      0.00000      0.00000
      3.22182     54.46054      0.00000      0.00000
      3.23182     56.17110      0.00000      0.00000
      3.24182     53.20377      0.00000      0.00000
      3.25182     49.72936      0.00000      0.00000
      3.26182     48.97053      0.00000      0.00000
      3.27182     49.55764      0.00000      0.00000
      3.28182     49.86517      0.00000      0.00000
      3.29182     48.93863      0.00000      0.00000
      3.30182     48.10121      0.00000      0.00000
      3.31182     47.09002      0.00000      0.00000
      3.32182     46.89400      0.00000      0.00000
      3.33182     46.80072      0.00000      0.00000
      3.34182     45.67900      0.00000      0.00000
      3.35182     44.61474      0.00000      0.00000
      3.36182     44.22533      0.00000      0.00000
      3.37182     43.63357      0.00000      0.00000
      3.38182     43.99717      0.00000      0.00000
      3.39182     46.09104      0.00000      0.00000
      3.40182     45.35303      0.00000      0.00000
      3.41182     42.39439      0.00000      0.00000
      3.42182     43.49395      0.00000      0.00000
      3.43182     47.52437      0.00000      0.00000
      3.44182     47.61978      0.00000      0.00000
      3.45182     44.79192      0.00000      0.00000
      3.46182     44.90570      0.00000      0.00000
      3.47182     47.84636      0.00000      0.00000
      3.48182     47.89988      0.00000      0.00000
      3.49182     44.55993      0.00000      0.00000
      3.50182     42.96823      0.00000      0.00000
      3.51182     44.69586      0.00000      0.00000
      3.52182     45.98077      0.00000      0.00000
      3.53182     46.44764      0.00000      0.00000
      3.54182     46.86279      0.00000      0.00000
      3.55182     48.36893      0.00000      0.00000
      3.56182     51.66966      0.00000      0.00000
      3.57182     54.21185      0.00000      0.00000
      3.58182     54.29870      0.00000      0.00000
      3.59182     52.77321      0.00000      0.00000
      3.60182     50.82458      0.00000      0.00000
      3.61182     48.60367      0.00000      0.00000
      3.62182     46.40653      0.00000      0.00000
      3.63182     46.84147      0.00000      0.00000
      3.64182     48.95484      0.00000      0.00000
      3.65182     49.71848      0.00000      0.00000
      3.66182     47.45167      0.00000      0.00000
      3.67182     43.75007      0.00000      0.00000
      3.68182     41.11787      0.00000      0.00000
      3.69182     42.65515      0.00000      0.00000
      3.70182     48.14316      0.00000      0.00000
      3.71182     50.87628      0.00000      0.00000
      3.72182     48.03497      0.00000      0.00000
      3.73182     47.44181      0.00000      0.00000
      3.74182     50.02450      0.00000      0.00000
      3.75182     50.11617      0.00000      0.00000
      3.76182     49.97977      0.00000      0.00000
      3.77182     51.49534      0.00000      0.00000
      3.78182     52.72108      0.00000      0.00000
      3.79182     51.73274      0.00000      0.00000
      3.80182     48.96477      0.00000      0.00000
      3.81182     49.74657      0.00000      0.00000
      3.82182     54.57842      0.00000      0.00000
      3.83182     58.83044      0.00000      0.00000
      3.84182     58.65579      0.00000      0.00000
      3.85182     57.78156      0.00000      0.00000
      3.86182     56.67433      0.00000      0.00000
      3.87182     53.27776      0.00000      0.00000
      3.88182     51.85034      0.00000      0.00000
      3.89182     53.78647      0.00000      0.00000
      3.90182     55.28530      0.00000      0.00000
      3.91182     55.19136      0.00000      0.00000
      3.92182     56.78416      0.00000      0.00000
      3.93182     62.52534      0.00000      0.00000
      3.94182     65.60531      0.00000      0.00000
      3.95182     64.23083      0.00000      0.00000
      3.96182     61.83026      0.00000      0.00000
      3.97182     59.75703      0.00000      0.00000
      3.98182     62.40870      0.00000      0.00000
      3.99182     62.75868      0.00000      0.00000
      4.00182     58.40179      0.00000      0.00000
      4.01182     56.23631      0.00000      0.00000
      4.02182     57.77694      0.00000      0.00000
      4.03182     59.20797      0.00000      0.00000
      4.04182     57.39305      0.00000      0.00000
      4.05182     55.72863      0.00000      0.00000
      4.06182     55.82140      0.00000      0.00000
      4.07182     54.44302      0.00000      0.00000
      4.08182     51.59819      0.00000      0.00000
      4.09182     50.99014      0.00000      0.00000
      4.10182     51.82733      0.00000      0.00000
      4.11182     51.46000      0.00000      0.00000
      4.12182     52.32922      0.00000      0.00000
      4.13182     55.97419      0.00000      0.00000
      4.14182     56.61705      0.00000      0.00000
      4.15182     54.33639      0.00000      0.00000
      4.16182     54.13722      0.00000      0.00000
      4.17182     55.10681      0.00000      0.00000
      4.18182     55.00315      0.00000      0.00000
      4.19182     53.25451      0.00000      0.00000
      4.20182     53.43993      0.00000      0.00000
      4.21182     54.37242      0.00000      0.00000
      4.22182     53.89781      0.00000      0.00000
      4.23182     52.78305      0.00000      0.00000
      4.24182     55.97283      0.00000      0.00000
      4.25182     63.63420      0.00000      0.00000
      4.26182     64.85480      0.00000      0.00000
      4.27182     61.67589      0.00000      0.00000
      4.28182     62.30620      0.00000      0.00000
      4.29182     65.61329      0.00000      0.00000
      4.30182     67.66958      0.00000      0.00000
      4.31182     67.67858      0.00000      0.00000
      4.32182     65.19402      0.00000      0.00000
      4.33182     62.83382      0.00000      0.00000
      4.34182     61.39237      0.00000      0.00000
      4.35182     60.07909      0.00000      0.00000
      4.36182     60.03248      0.00000      0.00000
      4.37182     59.81016      0.00000      0.00000
      4.38182     60.11508      0.00000      0.00000
      4.39182     64.72313      0.00000      0.00000
      4.40182     70.64963      0.00000      0.00000
      4.41182     71.80151      0.00000      0.00000
      4.42182     68.40099      0.00000      0.00000
      4.43182     64.00584      0.00000      0.00000
      4.44182     60.80109      0.00000      0.00000
      4.45182     56.81488      0.00000      0.00000
      4.46182     55.18640      0.00000      0.00000
      4.47182     56.34021      0.00000      0.00000
      4.48182     57.19836      0.00000      0.00000
      4.49182     56.81184      0.00000      0.00000
      4.50182     54.51586      0.00000      0.00000
      4.51182     55.41005      0.00000      0.00000
      4.52182     60.63792      0.00000      0.00000
      4.53182     65.37577      0.00000      0.00000
      4.54182     67.56392      0.00000      0.00000
      4.55182     65.66329      0.00000      0.00000
      4.56182     60.35522      0.00000      0.00000
      4.57182     55.66461      0.00000      0.00000
      4.58182     54.80201      0.00000      0.00000
      4.59182     56.34817      0.00000      0.00000
      4.60182     58.39149      0.00000      0.00000
      4.61182     60.51488      0.00000      0.00000
      4.62182     61.88818      0.00000      0.00000
      4.63182     61.07305      0.00000      0.00000
      4.64182     59.19428      0.00000      0.00000
      4.65182     59.10344      0.00000      0.00000
      4.66182     58.61937      0.00000      0.00000
      4.67182     58.21556      0.00000      0.00000
      4.68182     60.58727      0.00000      0.00000
      4.69182     62.22725      0.00000      0.00000
      4.70182     60.91394      0.00000      0.00000
      4.71182     59.31967      0.00000      0.00000
      4.72182     58.62637      0.00000      0.00000
      4.73182     59.23615      0.00000      0.00000
      4.74182     60.58827      0.00000      0.00000
      4.75182     59.45442      0.00000      0.00000
      4.76182     56.84305      0.00000      0.00000
      4.77182     55.50716      0.00000      0.00000
      4.78182     57.53342      0.00000      0.00000
      4.79182     59.76021      0.00000      0.00000
      4.80182     59.37668      0.00000      0.00000
      4.81182     57.29456      0.00000      0.00000
      4.82182     55.18801      0.00000      0.00000
      4.83182     55.43870      0.00000      0.00000
      4.84182     56.21163      0.00000      0.00000
      4.85182     57.03547      0.00000      0.00000
      4.86182     58.76624      0.00000      0.00000
      4.87182     60.66818      0.00000      0.00000
      4.88182     62.17680      0.00000      0.00000
      4.89182     61.48232      0.00000      0.00000
      4.90182     58.27645      0.00000      0.00000
      4.91182     56.85992      0.00000      0.00000
      4.92182     57.82047      0.00000      0.00000
      4.93182     56.75928      0.00000      0.00000
      4.94182     55.32863      0.00000      0.00000
      4.95182     56.35539      0.00000      0.00000
      4.96182     55.49445      0.00000      0.00000
      4.97182     54.35316      0.00000      0.00000
      4.98182     54.44994      0.00000      0.00000
      4.99182     51.13373      0.00000      0.00000
      5.00182     49.23408      0.00000      0.00000
      5.01182     52.41864      0.00000      0.00000
      5.02182     55.37433      0.00000      0.00000
      5.03182     55.84579      0.00000      0.00000
      5.04182     54.75387      0.00000      0.00000
      5.05182     52.97674      0.00000      0.00000
      5.06182     51.56072      0.00000      0.00000
      5.07182     51.15052      0.00000      0.00000
      5.08182     52.36952      0.00000      0.00000
      5.09182     52.20313      0.00000      0.00000
      5.10182     48.85125      0.00000      0.00000
      5.11182     44.94565      0.00000      0.00000
      5.12182     43.77758      0.00000      0.00000
      5.13182     43.92947      0.00000      0.00000
      5.14182     45.54461      0.00000      0.00000
      5.15182     49.58669      0.00000      0.00000
      5.16182     52.80186      0.00000      0.00000
      5.17182     53.31085      0.00000      0.00000
      5.18182     53.30530      0.00000      0.00000
      5.19182     51.58373      0.00000      0.00000
      5.20182     47.95768      0.00000      0.00000
      5.21182     48.55620      0.00000      0.00000
      5.22182     49.95826      0.00000      0.00000
      5.23182     49.17720      0.00000      0.00000
      5.24182     49.23418      0.00000      0.00000
      5.25182     47.06913      0.00000      0.00000
      5.26182     43.99552      0.00000      0.00000
      5.27182     45.72784      0.00000      0.00000
      5.28182     48.20969      0.00000      0.00000
      5.29182     45.75621      0.00000      0.00000
      5.30182     44.86292      0.00000      0.00000
      5.31182     48.02104      0.00000      0.00000
      5.32182     50.25493      0.00000      0.00000
      5.33182     48.48440      0.00000      0.00000
      5.34182     45.10905      0.00000      0.00000
      5.35182     43.31939      0.00000      0.00000
      5.36182     45.61058      0.00000      0.00000
      5.37182     47.76681      0.00000      0.00000
      5.38182     47.39427      0.00000      0.00000
      5.39182     48.63497      0.00000      0.00000
      5.40182     48.75898      0.00000      0.00000
      5.41182     47.23120      0.00000      0.00000
      5.42182     49.19686      0.00000      0.00000
      5.43182     51.95149      0.00000      0.00000
      5.44182     51.45636      0.00000      0.00000
      5.45182     50.78487      0.00000      0.00000
      5.46182     51.25063      0.00000      0.00000
      5.47182     52.31804      0.00000      0.00000
