Energy-E_F (eV)    DOS (1/eV)    PDOS (1/eV)  of atom type Bi Te 
     -4.72987     34.42655      0.00000      0.00000
     -4.71987     29.64452      0.00000      0.00000
     -4.70987     29.15605      0.00000      0.00000
     -4.69987     28.77715      0.00000      0.00000
     -4.68987     28.76640      0.00000      0.00000
     -4.67987     30.02783      0.00000      0.00000
     -4.66987     31.21597      0.00000      0.00000
     -4.65987     31.51834      0.00000      0.00000
     -4.64987     30.85861      0.00000      0.00000
     -4.63987     31.87344      0.00000      0.00000
     -4.62987     37.79136      0.00000      0.00000
     -4.61987     42.78736      0.00000      0.00000
     -4.60987     43.91300      0.00000      0.00000
     -4.59987     44.55596      0.00000      0.00000
     -4.58987     44.68954      0.00000      0.00000
     -4.57987     43.97934      0.00000      0.00000
     -4.56987     42.87346      0.00000      0.00000
     -4.55987     42.29870      0.00000      0.00000
     -4.54987     42.49154      0.00000      0.00000
     -4.53987     43.43210      0.00000      0.00000
     -4.52987     43.75043      0.00000      0.00000
     -4.51987     42.57818      0.00000      0.00000
     -4.50987     42.40243      0.00000      0.00000
     -4.49987     43.40899      0.00000      0.00000
     -4.48987     45.25065      0.00000      0.00000
     -4.47987     45.56511      0.00000      0.00000
     -4.46987     44.36748      0.00000      0.00000
     -4.45987     43.60634      0.00000      0.00000
     -4.44987     42.79418      0.00000      0.00000
     -4.43987     41.36564      0.00000      0.00000
     -4.42987     40.56697      0.00000      0.00000
     -4.41987     42.56312      0.00000      0.00000
     -4.40987     45.47443      0.00000      0.00000
     -4.39987     46.10416      0.00000      0.00000
     -4.38987     45.02294      0.00000      0.00000
     -4.37987     46.05342      0.00000      0.00000
     -4.36987     48.14227      0.00000      0.00000
     -4.35987     49.48785      0.00000      0.00000
     -4.34987     50.31857      0.00000      0.00000
     -4.33987     55.45441      0.00000      0.00000
     -4.32987     62.80695      0.00000      0.00000
     -4.31987     65.34958      0.00000      0.00000
     -4.30987     63.66167      0.00000      0.00000
     -4.29987     61.17688      0.00000      0.00000
     -4.28987     59.80456      0.00000      0.00000
     -4.27987     61.95308      0.00000      0.00000
     -4.26987     64.09641      0.00000      0.00000
     -4.25987     63.01537      0.00000      0.00000
     -4.24987     59.14463      0.00000      0.00000
     -4.23987     54.27217      0.00000      0.00000
     -4.22987     54.45472      0.00000      0.00000
     -4.21987     58.88511      0.00000      0.00000
     -4.20987     59.89213      0.00000      0.00000
     -4.19987     58.41770      0.00000      0.00000
     -4.18987     59.70013      0.00000      0.00000
     -4.17987     61.88287      0.00000      0.00000
     -4.16987     64.87200      0.00000      0.00000
     -4.15987     68.24327      0.00000      0.00000
     -4.14987     67.57182      0.00000      0.00000
     -4.13987     65.33693      0.00000      0.00000
     -4.12987     65.30133      0.00000      0.00000
     -4.11987     67.43350      0.00000      0.00000
     -4.10987     70.93528      0.00000      0.00000
     -4.09987     73.06489      0.00000      0.00000
     -4.08987     71.45874      0.00000      0.00000
     -4.07987     67.53368      0.00000      0.00000
     -4.06987     64.53452      0.00000      0.00000
     -4.05987     61.93146      0.00000      0.00000
     -4.04987     58.48918      0.00000      0.00000
     -4.03987     57.01777      0.00000      0.00000
     -4.02987     60.56807      0.00000      0.00000
     -4.01987     62.41063      0.00000      0.00000
     -4.00987     60.89548      0.00000      0.00000
     -3.99987     61.49184      0.00000      0.00000
     -3.98987     60.88043      0.00000      0.00000
     -3.97987     58.18392      0.00000      0.00000
     -3.96987     58.23291      0.00000      0.00000
     -3.95987     60.49884      0.00000      0.00000
     -3.94987     61.41123      0.00000      0.00000
     -3.93987     62.01910      0.00000      0.00000
     -3.92987     62.74803      0.00000      0.00000
     -3.91987     61.80669      0.00000      0.00000
     -3.90987     59.00695      0.00000      0.00000
     -3.89987     58.20230      0.00000      0.00000
     -3.88987     59.25904      0.00000      0.00000
     -3.87987     58.34010      0.00000      0.00000
     -3.86987     58.23303      0.00000      0.00000
     -3.85987     60.00615      0.00000      0.00000
     -3.84987     59.82985      0.00000      0.00000
     -3.83987     62.27216      0.00000      0.00000
     -3.82987     65.00508      0.00000      0.00000
     -3.81987     62.45550      0.00000      0.00000
     -3.80987     61.02160      0.00000      0.00000
     -3.79987     61.97689      0.00000      0.00000
     -3.78987     61.11234      0.00000      0.00000
     -3.77987     61.71653      0.00000      0.00000
     -3.76987     62.13903      0.00000      0.00000
     -3.75987     62.54889      0.00000      0.00000
     -3.74987     63.17911      0.00000      0.00000
     -3.73987     61.72357      0.00000      0.00000
     -3.72987     61.63401      0.00000      0.00000
     -3.71987     60.77728      0.00000      0.00000
     -3.70987     59.23572      0.00000      0.00000
     -3.69987     62.17472      0.00000      0.00000
     -3.68987     67.99410      0.00000      0.00000
     -3.67987     70.50723      0.00000      0.00000
     -3.66987     67.93109      0.00000      0.00000
     -3.65987     62.77265      0.00000      0.00000
     -3.64987     61.21924      0.00000      0.00000
     -3.63987     66.13852      0.00000      0.00000
     -3.62987     68.45790      0.00000      0.00000
     -3.61987     63.94832      0.00000      0.00000
     -3.60987     60.44983      0.00000      0.00000
     -3.59987     63.28747      0.00000      0.00000
     -3.58987     69.82847      0.00000      0.00000
     -3.57987     71.66329      0.00000      0.00000
     -3.56987     68.37196      0.00000      0.00000
     -3.55987     69.38199      0.00000      0.00000
     -3.54987     77.92686      0.00000      0.00000
     -3.53987     87.98109      0.00000      0.00000
     -3.52987     90.91624      0.00000      0.00000
     -3.51987     87.62230      0.00000      0.00000
     -3.50987     83.80890      0.00000      0.00000
     -3.49987     87.60039      0.00000      0.00000
     -3.48987     84.36561      0.00000      0.00000
     -3.47987     75.74550      0.00000      0.00000
     -3.46987     80.75611      0.00000      0.00000
     -3.45987     97.69847      0.00000      0.00000
     -3.44987     94.30068      0.00000      0.00000
     -3.43987     80.95548      0.00000      0.00000
     -3.42987     95.39802      0.00000      0.00000
     -3.41987    112.83605      0.00000      0.00000
     -3.40987     99.86945      0.00000      0.00000
     -3.39987     85.26365      0.00000      0.00000
     -3.38987     96.08798      0.00000      0.00000
     -3.37987    107.25998      0.00000      0.00000
     -3.36987    101.72955      0.00000      0.00000
     -3.35987     94.87054      0.00000      0.00000
     -3.34987     87.65433      0.00000      0.00000
     -3.33987     87.01393      0.00000      0.00000
     -3.32987     93.45438      0.00000      0.00000
     -3.31987     93.58674      0.00000      0.00000
     -3.30987     86.18520      0.00000      0.00000
     -3.29987     84.61061      0.00000      0.00000
     -3.28987     92.65379      0.00000      0.00000
     -3.27987     97.21759      0.00000      0.00000
     -3.26987     94.89915      0.00000      0.00000
     -3.25987     91.82677      0.00000      0.00000
     -3.24987     88.74218      0.00000      0.00000
     -3.23987     80.56157      0.00000      0.00000
     -3.22987     76.80186      0.00000      0.00000
     -3.21987     75.51107      0.00000      0.00000
     -3.20987     77.75421      0.00000      0.00000
     -3.19987     92.30852      0.00000      0.00000
     -3.18987     97.72824      0.00000      0.00000
     -3.17987     83.37359      0.00000      0.00000
     -3.16987     76.28631      0.00000      0.00000
     -3.15987     82.98705      0.00000      0.00000
     -3.14987     84.71160      0.00000      0.00000
     -3.13987     89.49993      0.00000      0.00000
     -3.12987     94.95336      0.00000      0.00000
     -3.11987     81.68370      0.00000      0.00000
     -3.10987     68.05767      0.00000      0.00000
     -3.09987     73.54544      0.00000      0.00000
     -3.08987     85.55212      0.00000      0.00000
     -3.07987     90.45695      0.00000      0.00000
     -3.06987     85.36598      0.00000      0.00000
     -3.05987     77.98033      0.00000      0.00000
     -3.04987     81.95227      0.00000      0.00000
     -3.03987     80.29533      0.00000      0.00000
     -3.02987     71.91141      0.00000      0.00000
     -3.01987     75.96949      0.00000      0.00000
     -3.00987     90.48900      0.00000      0.00000
     -2.99987     90.71757      0.00000      0.00000
     -2.98987     72.47479      0.00000      0.00000
     -2.97987     61.51533      0.00000      0.00000
     -2.96987     60.91815      0.00000      0.00000
     -2.95987     61.75670      0.00000      0.00000
     -2.94987     62.99870      0.00000      0.00000
     -2.93987     64.31330      0.00000      0.00000
     -2.92987     64.57559      0.00000      0.00000
     -2.91987     62.70404      0.00000      0.00000
     -2.90987     59.12299      0.00000      0.00000
     -2.89987     57.62383      0.00000      0.00000
     -2.88987     59.71326      0.00000      0.00000
     -2.87987     62.04563      0.00000      0.00000
     -2.86987     65.64945      0.00000      0.00000
     -2.85987     75.03221      0.00000      0.00000
     -2.84987     77.81740      0.00000      0.00000
     -2.83987     71.98290      0.00000      0.00000
     -2.82987     74.29764      0.00000      0.00000
     -2.81987     77.65918      0.00000      0.00000
     -2.80987     75.32700      0.00000      0.00000
     -2.79987     77.14875      0.00000      0.00000
     -2.78987     74.26664      0.00000      0.00000
     -2.77987     64.43344      0.00000      0.00000
     -2.76987     61.29892      0.00000      0.00000
     -2.75987     63.03037      0.00000      0.00000
     -2.74987     62.31666      0.00000      0.00000
     -2.73987     64.60340      0.00000      0.00000
     -2.72987     78.86828      0.00000      0.00000
     -2.71987     96.94763      0.00000      0.00000
     -2.70987    104.30297      0.00000      0.00000
     -2.69987     97.40948      0.00000      0.00000
     -2.68987     78.52946      0.00000      0.00000
     -2.67987     74.18827      0.00000      0.00000
     -2.66987     83.53655      0.00000      0.00000
     -2.65987     84.85532      0.00000      0.00000
     -2.64987     81.02596      0.00000      0.00000
     -2.63987     82.39214      0.00000      0.00000
     -2.62987     83.07977      0.00000      0.00000
     -2.61987     77.99211      0.00000      0.00000
     -2.60987     67.45596      0.00000      0.00000
     -2.59987     59.45473      0.00000      0.00000
     -2.58987     54.03292      0.00000      0.00000
     -2.57987     53.95126      0.00000      0.00000
     -2.56987     71.29301      0.00000      0.00000
     -2.55987     93.67019      0.00000      0.00000
     -2.54987     93.01537      0.00000      0.00000
     -2.53987     76.38328      0.00000      0.00000
     -2.52987     64.49975      0.00000      0.00000
     -2.51987     68.16938      0.00000      0.00000
     -2.50987     76.50223      0.00000      0.00000
     -2.49987     71.43541      0.00000      0.00000
     -2.48987     61.24385      0.00000      0.00000
     -2.47987     63.11777      0.00000      0.00000
     -2.46987     76.50618      0.00000      0.00000
     -2.45987     89.99316      0.00000      0.00000
     -2.44987     88.07699      0.00000      0.00000
     -2.43987     92.01599      0.00000      0.00000
     -2.42987    104.58091      0.00000      0.00000
     -2.41987     97.24673      0.00000      0.00000
     -2.40987     72.80407      0.00000      0.00000
     -2.39987     62.58520      0.00000      0.00000
     -2.38987     73.41048      0.00000      0.00000
     -2.37987     87.57795      0.00000      0.00000
     -2.36987     81.04887      0.00000      0.00000
     -2.35987     67.50914      0.00000      0.00000
     -2.34987     67.97627      0.00000      0.00000
     -2.33987     68.78757      0.00000      0.00000
     -2.32987     60.33374      0.00000      0.00000
     -2.31987     58.68156      0.00000      0.00000
     -2.30987     67.37437      0.00000      0.00000
     -2.29987     73.35123      0.00000      0.00000
     -2.28987     82.06798      0.00000      0.00000
     -2.27987     96.49669      0.00000      0.00000
     -2.26987    100.76980      0.00000      0.00000
     -2.25987     94.81422      0.00000      0.00000
     -2.24987     86.42756      0.00000      0.00000
     -2.23987     77.31629      0.00000      0.00000
     -2.22987     62.86543      0.00000      0.00000
     -2.21987     52.98562      0.00000      0.00000
     -2.20987     50.31348      0.00000      0.00000
     -2.19987     50.14178      0.00000      0.00000
     -2.18987     50.69925      0.00000      0.00000
     -2.17987     55.15231      0.00000      0.00000
     -2.16987     69.05111      0.00000      0.00000
     -2.15987     87.54369      0.00000      0.00000
     -2.14987    101.21430      0.00000      0.00000
     -2.13987     99.35178      0.00000      0.00000
     -2.12987     85.55767      0.00000      0.00000
     -2.11987     74.09103      0.00000      0.00000
     -2.10987     68.91083      0.00000      0.00000
     -2.09987     68.03513      0.00000      0.00000
     -2.08987     70.69734      0.00000      0.00000
     -2.07987     76.43317      0.00000      0.00000
     -2.06987     71.72285      0.00000      0.00000
     -2.05987     60.74315      0.00000      0.00000
     -2.04987     57.75295      0.00000      0.00000
     -2.03987     59.62910      0.00000      0.00000
     -2.02987     62.36965      0.00000      0.00000
     -2.01987     73.43605      0.00000      0.00000
     -2.00987     87.88305      0.00000      0.00000
     -1.99987     79.67471      0.00000      0.00000
     -1.98987     64.33984      0.00000      0.00000
     -1.97987     64.28041      0.00000      0.00000
     -1.96987     79.47184      0.00000      0.00000
     -1.95987    104.94610      0.00000      0.00000
     -1.94987    106.44774      0.00000      0.00000
     -1.93987     83.31142      0.00000      0.00000
     -1.92987     76.75677      0.00000      0.00000
     -1.91987     93.25060      0.00000      0.00000
     -1.90987     97.13024      0.00000      0.00000
     -1.89987     86.87321      0.00000      0.00000
     -1.88987     92.27205      0.00000      0.00000
     -1.87987    100.66505      0.00000      0.00000
     -1.86987     95.88640      0.00000      0.00000
     -1.85987     89.59868      0.00000      0.00000
     -1.84987     85.80410      0.00000      0.00000
     -1.83987     92.40666      0.00000      0.00000
     -1.82987    102.58381      0.00000      0.00000
     -1.81987    115.29304      0.00000      0.00000
     -1.80987    125.25302      0.00000      0.00000
     -1.79987    107.86165      0.00000      0.00000
     -1.78987     80.86204      0.00000      0.00000
     -1.77987     77.84902      0.00000      0.00000
     -1.76987     80.55265      0.00000      0.00000
     -1.75987     78.53274      0.00000      0.00000
     -1.74987     81.17683      0.00000      0.00000
     -1.73987     75.06716      0.00000      0.00000
     -1.72987     74.54025      0.00000      0.00000
     -1.71987     95.01515      0.00000      0.00000
     -1.70987    113.68624      0.00000      0.00000
     -1.69987    108.84835      0.00000      0.00000
     -1.68987     95.92008      0.00000      0.00000
     -1.67987     82.94321      0.00000      0.00000
     -1.66987     71.74296      0.00000      0.00000
     -1.65987     71.53063      0.00000      0.00000
     -1.64987     82.69567      0.00000      0.00000
     -1.63987    100.07360      0.00000      0.00000
     -1.62987    107.44123      0.00000      0.00000
     -1.61987     96.91154      0.00000      0.00000
     -1.60987     79.13099      0.00000      0.00000
     -1.59987     66.86495      0.00000      0.00000
     -1.58987     67.10647      0.00000      0.00000
     -1.57987     82.49708      0.00000      0.00000
     -1.56987    100.11230      0.00000      0.00000
     -1.55987    106.71366      0.00000      0.00000
     -1.54987    103.24944      0.00000      0.00000
     -1.53987     93.29630      0.00000      0.00000
     -1.52987     88.08605      0.00000      0.00000
     -1.51987     83.47965      0.00000      0.00000
     -1.50987     82.75148      0.00000      0.00000
     -1.49987     90.93285      0.00000      0.00000
     -1.48987     90.19682      0.00000      0.00000
     -1.47987     89.60261      0.00000      0.00000
     -1.46987     87.59888      0.00000      0.00000
     -1.45987     80.23251      0.00000      0.00000
     -1.44987     88.03090      0.00000      0.00000
     -1.43987     98.04462      0.00000      0.00000
     -1.42987     86.35008      0.00000      0.00000
     -1.41987     77.10438      0.00000      0.00000
     -1.40987     85.00717      0.00000      0.00000
     -1.39987    109.00603      0.00000      0.00000
     -1.38987    138.20860      0.00000      0.00000
     -1.37987    144.28746      0.00000      0.00000
     -1.36987    117.48409      0.00000      0.00000
     -1.35987     86.58065      0.00000      0.00000
     -1.34987     70.66418      0.00000      0.00000
     -1.33987     66.28540      0.00000      0.00000
     -1.32987     69.63451      0.00000      0.00000
     -1.31987     76.20899      0.00000      0.00000
     -1.30987     85.87133      0.00000      0.00000
     -1.29987    103.10900      0.00000      0.00000
     -1.28987    108.34082      0.00000      0.00000
     -1.27987     97.20638      0.00000      0.00000
     -1.26987     87.19916      0.00000      0.00000
     -1.25987     78.08713      0.00000      0.00000
     -1.24987     74.68324      0.00000      0.00000
     -1.23987     75.00745      0.00000      0.00000
     -1.22987     75.55729      0.00000      0.00000
     -1.21987     75.61193      0.00000      0.00000
     -1.20987     75.13626      0.00000      0.00000
     -1.19987     75.32771      0.00000      0.00000
     -1.18987     86.23955      0.00000      0.00000
     -1.17987    108.82819      0.00000      0.00000
     -1.16987    110.71705      0.00000      0.00000
     -1.15987     86.98059      0.00000      0.00000
     -1.14987     74.47156      0.00000      0.00000
     -1.13987     83.38435      0.00000      0.00000
     -1.12987    105.41879      0.00000      0.00000
     -1.11987    112.89751      0.00000      0.00000
     -1.10987     98.99403      0.00000      0.00000
     -1.09987     90.62784      0.00000      0.00000
     -1.08987     92.03778      0.00000      0.00000
     -1.07987     92.98759      0.00000      0.00000
     -1.06987     94.17742      0.00000      0.00000
     -1.05987     84.50739      0.00000      0.00000
     -1.04987     75.51785      0.00000      0.00000
     -1.03987     82.64425      0.00000      0.00000
     -1.02987     99.73197      0.00000      0.00000
     -1.01987    105.02594      0.00000      0.00000
     -1.00987    102.45840      0.00000      0.00000
     -0.99987    102.23302      0.00000      0.00000
     -0.98987    100.19489      0.00000      0.00000
     -0.97987     99.06331      0.00000      0.00000
     -0.96987     96.49706      0.00000      0.00000
     -0.95987     99.84222      0.00000      0.00000
     -0.94987    106.25011      0.00000      0.00000
     -0.93987    111.84560      0.00000      0.00000
     -0.92987    121.59595      0.00000      0.00000
     -0.91987    118.46273      0.00000      0.00000
     -0.90987    100.60606      0.00000      0.00000
     -0.89987     83.64108      0.00000      0.00000
     -0.88987     75.17736      0.00000      0.00000
     -0.87987     78.59357      0.00000      0.00000
     -0.86987     86.79005      0.00000      0.00000
     -0.85987     79.74245      0.00000      0.00000
     -0.84987     68.98895      0.00000      0.00000
     -0.83987     65.67322      0.00000      0.00000
     -0.82987     64.15874      0.00000      0.00000
     -0.81987     61.15609      0.00000      0.00000
     -0.80987     59.66782      0.00000      0.00000
     -0.79987     67.02739      0.00000      0.00000
     -0.78987     76.34006      0.00000      0.00000
     -0.77987     76.94950      0.00000      0.00000
     -0.76987     73.24908      0.00000      0.00000
     -0.75987     75.37393      0.00000      0.00000
     -0.74987     84.86677      0.00000      0.00000
     -0.73987     77.55715      0.00000      0.00000
     -0.72987     55.78656      0.00000      0.00000
     -0.71987     46.75019      0.00000      0.00000
     -0.70987     52.87648      0.00000      0.00000
     -0.69987     50.03347      0.00000      0.00000
     -0.68987     39.19904      0.00000      0.00000
     -0.67987     33.35990      0.00000      0.00000
     -0.66987     30.15801      0.00000      0.00000
     -0.65987     29.97489      0.00000      0.00000
     -0.64987     36.98747      0.00000      0.00000
     -0.63987     46.08370      0.00000      0.00000
     -0.62987     48.14462      0.00000      0.00000
     -0.61987     55.71116      0.00000      0.00000
     -0.60987     60.44122      0.00000      0.00000
     -0.59987     55.01484      0.00000      0.00000
     -0.58987     50.06884      0.00000      0.00000
     -0.57987     41.37496      0.00000      0.00000
     -0.56987     39.83309      0.00000      0.00000
     -0.55987     38.49308      0.00000      0.00000
     -0.54987     28.63923      0.00000      0.00000
     -0.53987     21.44873      0.00000      0.00000
     -0.52987     17.50911      0.00000      0.00000
     -0.51987     15.75847      0.00000      0.00000
     -0.50987     17.61686      0.00000      0.00000
     -0.49987     26.42394      0.00000      0.00000
     -0.48987     35.06152      0.00000      0.00000
     -0.47987     27.74541      0.00000      0.00000
     -0.46987     16.03866      0.00000      0.00000
     -0.45987     12.56598      0.00000      0.00000
     -0.44987     14.75659      0.00000      0.00000
     -0.43987     21.46120      0.00000      0.00000
     -0.42987     32.48083      0.00000      0.00000
     -0.41987     34.61740      0.00000      0.00000
     -0.40987     24.26723      0.00000      0.00000
     -0.39987     16.59469      0.00000      0.00000
     -0.38987     14.61396      0.00000      0.00000
     -0.37987     14.98607      0.00000      0.00000
     -0.36987     15.68914      0.00000      0.00000
     -0.35987     16.22463      0.00000      0.00000
     -0.34987     15.47183      0.00000      0.00000
     -0.33987     14.29004      0.00000      0.00000
     -0.32987     17.99947      0.00000      0.00000
     -0.31987     28.24242      0.00000      0.00000
     -0.30987     31.72388      0.00000      0.00000
     -0.29987     23.85029      0.00000      0.00000
     -0.28987     19.19142      0.00000      0.00000
     -0.27987     18.77467      0.00000      0.00000
     -0.26987     19.38101      0.00000      0.00000
     -0.25987     19.59737      0.00000      0.00000
     -0.24987     17.61296      0.00000      0.00000
     -0.23987     17.85548      0.00000      0.00000
     -0.22987     27.98262      0.00000      0.00000
     -0.21987     41.34268      0.00000      0.00000
     -0.20987     44.36782      0.00000      0.00000
     -0.19987     40.47710      0.00000      0.00000
     -0.18987     30.64614      0.00000      0.00000
     -0.17987     22.83648      0.00000      0.00000
     -0.16987     20.06242      0.00000      0.00000
     -0.15987     20.19246      0.00000      0.00000
     -0.14987     21.02438      0.00000      0.00000
     -0.13987     21.33847      0.00000      0.00000
     -0.12987     21.68455      0.00000      0.00000
     -0.11987     24.66558      0.00000      0.00000
     -0.10987     28.12503      0.00000      0.00000
     -0.09987     26.79030      0.00000      0.00000
     -0.08987     22.31432      0.00000      0.00000
     -0.07987     19.01986      0.00000      0.00000
     -0.06987     18.49530      0.00000      0.00000
     -0.05987     18.83409      0.00000      0.00000
     -0.04987     21.25048      0.00000      0.00000
     -0.03987     29.52571      0.00000      0.00000
     -0.02987     34.13440      0.00000      0.00000
     -0.01987     26.21713      0.00000      0.00000
     -0.00987     25.52785      0.00000      0.00000
      0.00013     43.79165      0.00000      0.00000
      0.01013     60.50050      0.00000      0.00000
      0.02013     55.39251      0.00000      0.00000
      0.03013     38.26202      0.00000      0.00000
      0.04013     32.78470      0.00000      0.00000
      0.05013     38.97262      0.00000      0.00000
      0.06013     35.61911      0.00000      0.00000
      0.07013     27.37168      0.00000      0.00000
      0.08013     24.46365      0.00000      0.00000
      0.09013     27.10202      0.00000      0.00000
      0.10013     37.46766      0.00000      0.00000
      0.11013     50.11995      0.00000      0.00000
      0.12013     47.09158      0.00000      0.00000
      0.13013     30.87269      0.00000      0.00000
      0.14013     22.56377      0.00000      0.00000
      0.15013     23.64801      0.00000      0.00000
      0.16013     24.95671      0.00000      0.00000
      0.17013     32.63735      0.00000      0.00000
      0.18013     50.85485      0.00000      0.00000
      0.19013     67.35318      0.00000      0.00000
      0.20013     65.95653      0.00000      0.00000
      0.21013     53.15632      0.00000      0.00000
      0.22013     37.73527      0.00000      0.00000
      0.23013     27.28598      0.00000      0.00000
      0.24013     26.95793      0.00000      0.00000
      0.25013     30.73806      0.00000      0.00000
      0.26013     41.82772      0.00000      0.00000
      0.27013     65.25829      0.00000      0.00000
      0.28013     75.09721      0.00000      0.00000
      0.29013     62.09124      0.00000      0.00000
      0.30013     58.59398      0.00000      0.00000
      0.31013     60.99855      0.00000      0.00000
      0.32013     52.75676      0.00000      0.00000
      0.33013     55.03136      0.00000      0.00000
      0.34013     73.05197      0.00000      0.00000
      0.35013     70.87911      0.00000      0.00000
      0.36013     61.00879      0.00000      0.00000
      0.37013     72.21059      0.00000      0.00000
      0.38013     81.27295      0.00000      0.00000
      0.39013     68.08568      0.00000      0.00000
      0.40013     55.45330      0.00000      0.00000
      0.41013     57.32509      0.00000      0.00000
      0.42013     70.22690      0.00000      0.00000
      0.43013     76.47621      0.00000      0.00000
      0.44013     67.07866      0.00000      0.00000
      0.45013     61.84661      0.00000      0.00000
      0.46013     70.51641      0.00000      0.00000
      0.47013     76.63265      0.00000      0.00000
      0.48013     75.26975      0.00000      0.00000
      0.49013     69.65899      0.00000      0.00000
      0.50013     65.14506      0.00000      0.00000
      0.51013     57.73652      0.00000      0.00000
      0.52013     48.51930      0.00000      0.00000
      0.53013     47.02752      0.00000      0.00000
      0.54013     55.43552      0.00000      0.00000
      0.55013     68.12069      0.00000      0.00000
      0.56013     70.07680      0.00000      0.00000
      0.57013     69.38297      0.00000      0.00000
      0.58013     69.91804      0.00000      0.00000
      0.59013     64.70421      0.00000      0.00000
      0.60013     68.61681      0.00000      0.00000
      0.61013     77.83779      0.00000      0.00000
      0.62013     82.88595      0.00000      0.00000
      0.63013     74.58977      0.00000      0.00000
      0.64013     60.30057      0.00000      0.00000
      0.65013     58.34046      0.00000      0.00000
      0.66013     69.09788      0.00000      0.00000
      0.67013     72.44735      0.00000      0.00000
      0.68013     63.96203      0.00000      0.00000
      0.69013     61.23057      0.00000      0.00000
      0.70013     67.83958      0.00000      0.00000
      0.71013     68.11630      0.00000      0.00000
      0.72013     56.69072      0.00000      0.00000
      0.73013     49.19204      0.00000      0.00000
      0.74013     47.53702      0.00000      0.00000
      0.75013     47.19792      0.00000      0.00000
      0.76013     45.97729      0.00000      0.00000
      0.77013     45.14449      0.00000      0.00000
      0.78013     43.82795      0.00000      0.00000
      0.79013     47.19509      0.00000      0.00000
      0.80013     57.04787      0.00000      0.00000
      0.81013     56.43308      0.00000      0.00000
      0.82013     44.51132      0.00000      0.00000
      0.83013     37.73340      0.00000      0.00000
      0.84013     39.31568      0.00000      0.00000
      0.85013     49.09534      0.00000      0.00000
      0.86013     57.20524      0.00000      0.00000
      0.87013     53.35801      0.00000      0.00000
      0.88013     48.90357      0.00000      0.00000
      0.89013     49.19500      0.00000      0.00000
      0.90013     53.09432      0.00000      0.00000
      0.91013     55.20181      0.00000      0.00000
      0.92013     50.64624      0.00000      0.00000
      0.93013     45.85729      0.00000      0.00000
      0.94013     43.15791      0.00000      0.00000
      0.95013     41.15657      0.00000      0.00000
      0.96013     46.32335      0.00000      0.00000
      0.97013     58.22953      0.00000      0.00000
      0.98013     59.15036      0.00000      0.00000
      0.99013     51.29734      0.00000      0.00000
      1.00013     50.14163      0.00000      0.00000
      1.01013     51.93116      0.00000      0.00000
      1.02013     54.57772      0.00000      0.00000
      1.03013     64.04574      0.00000      0.00000
      1.04013     78.34349      0.00000      0.00000
      1.05013     82.42367      0.00000      0.00000
      1.06013     71.34309      0.00000      0.00000
      1.07013     57.96322      0.00000      0.00000
      1.08013     53.55526      0.00000      0.00000
      1.09013     53.94783      0.00000      0.00000
      1.10013     62.71665      0.00000      0.00000
      1.11013     80.40476      0.00000      0.00000
      1.12013     93.65209      0.00000      0.00000
      1.13013    106.47678      0.00000      0.00000
      1.14013    110.81147      0.00000      0.00000
      1.15013     91.86877      0.00000      0.00000
      1.16013     69.69606      0.00000      0.00000
      1.17013     61.16359      0.00000      0.00000
      1.18013     62.24194      0.00000      0.00000
      1.19013     63.35082      0.00000      0.00000
      1.20013     67.30523      0.00000      0.00000
      1.21013     85.76528      0.00000      0.00000
      1.22013    104.75003      0.00000      0.00000
      1.23013     98.36402      0.00000      0.00000
      1.24013     83.62911      0.00000      0.00000
      1.25013     75.34248      0.00000      0.00000
      1.26013     72.30763      0.00000      0.00000
      1.27013     83.48636      0.00000      0.00000
      1.28013     93.86418      0.00000      0.00000
      1.29013     82.57537      0.00000      0.00000
      1.30013     67.31504      0.00000      0.00000
      1.31013     71.20579      0.00000      0.00000
      1.32013     87.02116      0.00000      0.00000
      1.33013     83.16940      0.00000      0.00000
      1.34013     66.16172      0.00000      0.00000
      1.35013     59.47659      0.00000      0.00000
      1.36013     59.84660      0.00000      0.00000
      1.37013     65.24991      0.00000      0.00000
      1.38013     78.36004      0.00000      0.00000
      1.39013     94.46003      0.00000      0.00000
      1.40013     98.32187      0.00000      0.00000
      1.41013     93.24673      0.00000      0.00000
      1.42013     88.07781      0.00000      0.00000
      1.43013     76.84357      0.00000      0.00000
      1.44013     66.95110      0.00000      0.00000
      1.45013     64.03203      0.00000      0.00000
      1.46013     67.03748      0.00000      0.00000
      1.47013     70.89679      0.00000      0.00000
      1.48013     72.11018      0.00000      0.00000
      1.49013     78.29964      0.00000      0.00000
      1.50013     92.90069      0.00000      0.00000
      1.51013     97.30155      0.00000      0.00000
      1.52013     89.95261      0.00000      0.00000
      1.53013     91.27796      0.00000      0.00000
      1.54013     85.89638      0.00000      0.00000
      1.55013     68.64385      0.00000      0.00000
      1.56013     59.70386      0.00000      0.00000
      1.57013     65.09898      0.00000      0.00000
      1.58013     77.03934      0.00000      0.00000
      1.59013     77.92658      0.00000      0.00000
      1.60013     74.61553      0.00000      0.00000
      1.61013     82.70651      0.00000      0.00000
      1.62013     89.26738      0.00000      0.00000
      1.63013     84.56979      0.00000      0.00000
      1.64013     72.18141      0.00000      0.00000
      1.65013     70.82850      0.00000      0.00000
      1.66013     79.54653      0.00000      0.00000
      1.67013     89.55714      0.00000      0.00000
      1.68013     82.82568      0.00000      0.00000
      1.69013     77.92494      0.00000      0.00000
      1.70013     83.15903      0.00000      0.00000
      1.71013     66.13639      0.00000      0.00000
      1.72013     49.51890      0.00000      0.00000
      1.73013     52.70363      0.00000      0.00000
      1.74013     65.01680      0.00000      0.00000
      1.75013     71.25120      0.00000      0.00000
      1.76013     66.97982      0.00000      0.00000
      1.77013     55.70446      0.00000      0.00000
      1.78013     47.85949      0.00000      0.00000
      1.79013     47.95773      0.00000      0.00000
      1.80013     54.27087      0.00000      0.00000
      1.81013     64.48244      0.00000      0.00000
      1.82013     73.40792      0.00000      0.00000
      1.83013     78.23517      0.00000      0.00000
      1.84013     64.40206      0.00000      0.00000
      1.85013     47.46358      0.00000      0.00000
      1.86013     42.13082      0.00000      0.00000
      1.87013     43.09526      0.00000      0.00000
      1.88013     43.90900      0.00000      0.00000
      1.89013     44.01995      0.00000      0.00000
      1.90013     46.26067      0.00000      0.00000
      1.91013     50.20976      0.00000      0.00000
      1.92013     51.58247      0.00000      0.00000
      1.93013     51.02781      0.00000      0.00000
      1.94013     49.61141      0.00000      0.00000
      1.95013     47.59677      0.00000      0.00000
      1.96013     48.50304      0.00000      0.00000
      1.97013     54.55659      0.00000      0.00000
      1.98013     62.63061      0.00000      0.00000
      1.99013     59.62905      0.00000      0.00000
      2.00013     51.78531      0.00000      0.00000
      2.01013     50.21575      0.00000      0.00000
      2.02013     49.48981      0.00000      0.00000
      2.03013     49.15438      0.00000      0.00000
      2.04013     58.36211      0.00000      0.00000
      2.05013     68.79188      0.00000      0.00000
      2.06013     62.23205      0.00000      0.00000
      2.07013     51.20855      0.00000      0.00000
      2.08013     48.92878      0.00000      0.00000
      2.09013     57.34005      0.00000      0.00000
      2.10013     70.61667      0.00000      0.00000
      2.11013     70.14642      0.00000      0.00000
      2.12013     58.02588      0.00000      0.00000
      2.13013     59.98167      0.00000      0.00000
      2.14013     76.54121      0.00000      0.00000
      2.15013     84.54826      0.00000      0.00000
      2.16013     82.23906      0.00000      0.00000
      2.17013     71.52836      0.00000      0.00000
      2.18013     62.69566      0.00000      0.00000
      2.19013     66.13330      0.00000      0.00000
      2.20013     81.20735      0.00000      0.00000
      2.21013     98.86204      0.00000      0.00000
      2.22013    103.21457      0.00000      0.00000
      2.23013     96.41174      0.00000      0.00000
      2.24013     93.32578      0.00000      0.00000
      2.25013     90.11225      0.00000      0.00000
      2.26013     81.81103      0.00000      0.00000
      2.27013     69.89171      0.00000      0.00000
      2.28013     61.59886      0.00000      0.00000
      2.29013     67.59509      0.00000      0.00000
      2.30013     71.70992      0.00000      0.00000
      2.31013     69.87913      0.00000      0.00000
      2.32013     65.41791      0.00000      0.00000
      2.33013     56.40409      0.00000      0.00000
      2.34013     52.75947      0.00000      0.00000
      2.35013     59.44338      0.00000      0.00000
      2.36013     76.18393      0.00000      0.00000
      2.37013     78.81018      0.00000      0.00000
      2.38013     72.97598      0.00000      0.00000
      2.39013     69.28425      0.00000      0.00000
      2.40013     64.74031      0.00000      0.00000
      2.41013     72.29671      0.00000      0.00000
      2.42013     78.52171      0.00000      0.00000
      2.43013     74.61013      0.00000      0.00000
      2.44013     70.07083      0.00000      0.00000
      2.45013     68.36370      0.00000      0.00000
      2.46013     61.92004      0.00000      0.00000
      2.47013     62.30145      0.00000      0.00000
      2.48013     61.16859      0.00000      0.00000
      2.49013     54.97643      0.00000      0.00000
      2.50013     61.88376      0.00000      0.00000
      2.51013     70.24011      0.00000      0.00000
      2.52013     60.17440      0.00000      0.00000
      2.53013     43.64628      0.00000      0.00000
      2.54013     39.76888      0.00000      0.00000
      2.55013     51.08024      0.00000      0.00000
      2.56013     65.60742      0.00000      0.00000
      2.57013     70.33146      0.00000      0.00000
      2.58013     62.60248      0.00000      0.00000
      2.59013     47.82876      0.00000      0.00000
      2.60013     40.95828      0.00000      0.00000
      2.61013     43.02214      0.00000      0.00000
      2.62013     49.17811      0.00000      0.00000
      2.63013     49.02495      0.00000      0.00000
      2.64013     48.08124      0.00000      0.00000
      2.65013     61.17078      0.00000      0.00000
      2.66013     66.23248      0.00000      0.00000
      2.67013     50.32443      0.00000      0.00000
      2.68013     36.43316      0.00000      0.00000
      2.69013     34.42852      0.00000      0.00000
      2.70013     36.41953      0.00000      0.00000
      2.71013     36.84917      0.00000      0.00000
      2.72013     34.06481      0.00000      0.00000
      2.73013     32.44069      0.00000      0.00000
      2.74013     33.46974      0.00000      0.00000
      2.75013     33.20055      0.00000      0.00000
      2.76013     32.00125      0.00000      0.00000
      2.77013     34.67497      0.00000      0.00000
      2.78013     41.15847      0.00000      0.00000
      2.79013     44.91684      0.00000      0.00000
      2.80013     42.02760      0.00000      0.00000
      2.81013     38.45521      0.00000      0.00000
      2.82013     39.06276      0.00000      0.00000
      2.83013     41.27699      0.00000      0.00000
      2.84013     40.86812      0.00000      0.00000
      2.85013     38.39894      0.00000      0.00000
      2.86013     39.80391      0.00000      0.00000
      2.87013     43.33365      0.00000      0.00000
      2.88013     45.08373      0.00000      0.00000
      2.89013     47.31566      0.00000      0.00000
      2.90013     51.86785      0.00000      0.00000
      2.91013     55.88766      0.00000      0.00000
      2.92013     57.57365      0.00000      0.00000
      2.93013     60.21120      0.00000      0.00000
      2.94013     58.92886      0.00000      0.00000
      2.95013     52.49703      0.00000      0.00000
      2.96013     50.87066      0.00000      0.00000
      2.97013     54.62932      0.00000      0.00000
      2.98013     59.09083      0.00000      0.00000
      2.99013     60.69265      0.00000      0.00000
      3.00013     57.46389      0.00000      0.00000
      3.01013     54.14340      0.00000      0.00000
      3.02013     56.74115      0.00000      0.00000
      3.03013     60.10047      0.00000      0.00000
      3.04013     59.06772      0.00000      0.00000
      3.05013     58.81525      0.00000      0.00000
      3.06013     60.94079      0.00000      0.00000
      3.07013     63.58706      0.00000      0.00000
      3.08013     62.39720      0.00000      0.00000
      3.09013     59.49835      0.00000      0.00000
      3.10013     58.50509      0.00000      0.00000
      3.11013     60.17589      0.00000      0.00000
      3.12013     63.19321      0.00000      0.00000
      3.13013     63.13945      0.00000      0.00000
      3.14013     60.26973      0.00000      0.00000
      3.15013     58.07864      0.00000      0.00000
      3.16013     59.36815      0.00000      0.00000
      3.17013     61.80189      0.00000      0.00000
      3.18013     61.78564      0.00000      0.00000
      3.19013     62.03279      0.00000      0.00000
      3.20013     61.43285      0.00000      0.00000
      3.21013     59.54637      0.00000      0.00000
      3.22013     61.70936      0.00000      0.00000
      3.23013     64.45985      0.00000      0.00000
      3.24013     62.75846      0.00000      0.00000
      3.25013     58.06208      0.00000      0.00000
      3.26013     55.58518      0.00000      0.00000
      3.27013     54.66412      0.00000      0.00000
      3.28013     52.70974      0.00000      0.00000
      3.29013     52.14335      0.00000      0.00000
      3.30013     53.44362      0.00000      0.00000
      3.31013     54.82087      0.00000      0.00000
      3.32013     54.54173      0.00000      0.00000
      3.33013     53.85020      0.00000      0.00000
      3.34013     55.78020      0.00000      0.00000
      3.35013     63.84243      0.00000      0.00000
      3.36013     69.08078      0.00000      0.00000
      3.37013     64.94073      0.00000      0.00000
      3.38013     63.75462      0.00000      0.00000
      3.39013     63.49261      0.00000      0.00000
      3.40013     62.57925      0.00000      0.00000
      3.41013     61.43790      0.00000      0.00000
      3.42013     58.53370      0.00000      0.00000
      3.43013     56.69548      0.00000      0.00000
      3.44013     56.95359      0.00000      0.00000
      3.45013     56.44790      0.00000      0.00000
      3.46013     53.97783      0.00000      0.00000
      3.47013     52.15848      0.00000      0.00000
      3.48013     54.98211      0.00000      0.00000
      3.49013     58.87831      0.00000      0.00000
      3.50013     61.10498      0.00000      0.00000
      3.51013     61.91104      0.00000      0.00000
      3.52013     60.54395      0.00000      0.00000
      3.53013     60.08584      0.00000      0.00000
      3.54013     61.22597      0.00000      0.00000
      3.55013     66.85329      0.00000      0.00000
      3.56013     76.65997      0.00000      0.00000
      3.57013     72.25702      0.00000      0.00000
      3.58013     59.73873      0.00000      0.00000
      3.59013     54.95099      0.00000      0.00000
      3.60013     56.14814      0.00000      0.00000
      3.61013     56.53336      0.00000      0.00000
      3.62013     54.89803      0.00000      0.00000
      3.63013     53.27955      0.00000      0.00000
      3.64013     51.29602      0.00000      0.00000
      3.65013     52.20202      0.00000      0.00000
      3.66013     55.28334      0.00000      0.00000
      3.67013     55.35967      0.00000      0.00000
      3.68013     53.87847      0.00000      0.00000
      3.69013     54.72430      0.00000      0.00000
      3.70013     56.15992      0.00000      0.00000
      3.71013     55.74769      0.00000      0.00000
      3.72013     55.24439      0.00000      0.00000
      3.73013     55.12405      0.00000      0.00000
      3.74013     55.30751      0.00000      0.00000
      3.75013     56.35637      0.00000      0.00000
      3.76013     56.23208      0.00000      0.00000
      3.77013     54.30082      0.00000      0.00000
      3.78013     51.63083      0.00000      0.00000
      3.79013     49.35287      0.00000      0.00000
      3.80013     48.94209      0.00000      0.00000
      3.81013     47.92771      0.00000      0.00000
      3.82013     45.18902      0.00000      0.00000
      3.83013     41.70383      0.00000      0.00000
      3.84013     40.66768      0.00000      0.00000
      3.85013     41.79673      0.00000      0.00000
      3.86013     43.67763      0.00000      0.00000
      3.87013     45.64576      0.00000      0.00000
      3.88013     47.36616      0.00000      0.00000
      3.89013     45.93273      0.00000      0.00000
      3.90013     44.03759      0.00000      0.00000
      3.91013     44.21416      0.00000      0.00000
      3.92013     44.49749      0.00000      0.00000
      3.93013     42.54400      0.00000      0.00000
      3.94013     40.69011      0.00000      0.00000
      3.95013     40.96132      0.00000      0.00000
      3.96013     42.78643      0.00000      0.00000
      3.97013     46.40366      0.00000      0.00000
      3.98013     54.16300      0.00000      0.00000
      3.99013     59.34200      0.00000      0.00000
      4.00013     48.94234      0.00000      0.00000
      4.01013     38.55265      0.00000      0.00000
      4.02013     39.25613      0.00000      0.00000
      4.03013     41.05511      0.00000      0.00000
      4.04013     37.66999      0.00000      0.00000
      4.05013     32.37117      0.00000      0.00000
      4.06013     30.20810      0.00000      0.00000
      4.07013     33.28938      0.00000      0.00000
      4.08013     35.54646      0.00000      0.00000
      4.09013     34.65832      0.00000      0.00000
      4.10013     33.55532      0.00000      0.00000
      4.11013     33.21062      0.00000      0.00000
      4.12013     33.56080      0.00000      0.00000
      4.13013     34.81649      0.00000      0.00000
      4.14013     35.42930      0.00000      0.00000
      4.15013     35.47308      0.00000      0.00000
      4.16013     37.78972      0.00000      0.00000
      4.17013     41.37347      0.00000      0.00000
      4.18013     44.65080      0.00000      0.00000
      4.19013     44.37394      0.00000      0.00000
      4.20013     40.31673      0.00000      0.00000
      4.21013     36.81864      0.00000      0.00000
      4.22013     35.09980      0.00000      0.00000
      4.23013     33.38234      0.00000      0.00000
      4.24013     34.29807      0.00000      0.00000
      4.25013     44.86252      0.00000      0.00000
      4.26013     54.19511      0.00000      0.00000
      4.27013     45.77767      0.00000      0.00000
      4.28013     36.62748      0.00000      0.00000
      4.29013     38.03255      0.00000      0.00000
      4.30013     38.67455      0.00000      0.00000
      4.31013     36.02030      0.00000      0.00000
      4.32013     34.93556      0.00000      0.00000
      4.33013     35.94964      0.00000      0.00000
      4.34013     38.56008      0.00000      0.00000
      4.35013     38.04742      0.00000      0.00000
      4.36013     36.60581      0.00000      0.00000
      4.37013     39.24096      0.00000      0.00000
      4.38013     51.36314      0.00000      0.00000
      4.39013     75.14007      0.00000      0.00000
