Energy-E_F (eV)    DOS (1/eV)    PDOS (1/eV)  of atom type Bi Te 
     -4.99000     13.19329      4.67331      8.51998
     -4.98000     14.45773      5.11391      9.34381
     -4.97000     14.21750      5.04530      9.17221
     -4.96000     12.17677      4.33970      7.83707
     -4.95000     11.60687      4.12809      7.47877
     -4.94000     13.38187      4.74780      8.63407
     -4.93000     14.97508      5.32112      9.65396
     -4.92000     14.18337      5.04501      9.13836
     -4.91000     12.69590      4.50961      8.18630
     -4.90000     13.52979      4.81615      8.71364
     -4.89000     15.20694      5.45266      9.75428
     -4.88000     15.52455      5.59354      9.93100
     -4.87000     15.59581      5.60622      9.98959
     -4.86000     15.28351      5.47830      9.80521
     -4.85000     14.50931      5.16522      9.34409
     -4.84000     15.37495      5.40505      9.96990
     -4.83000     17.68275      6.20313     11.47962
     -4.82000     19.70695      6.95563     12.75132
     -4.81000     19.62160      6.94229     12.67931
     -4.80000     18.34851      6.47225     11.87626
     -4.79000     18.53452      6.51773     12.01679
     -4.78000     19.64513      6.91394     12.73119
     -4.77000     20.52518      7.21397     13.31121
     -4.76000     21.82922      7.66452     14.16470
     -4.75000     24.18364      8.50668     15.67696
     -4.74000     25.25962      8.86544     16.39418
     -4.73000     23.33141      8.12228     15.20913
     -4.72000     20.43028      7.04262     13.38766
     -4.71000     19.33413      6.62959     12.70454
     -4.70000     20.73880      7.10237     13.63643
     -4.69000     22.31134      7.65592     14.65541
     -4.68000     22.62655      7.76949     14.85706
     -4.67000     21.64667      7.41267     14.23400
     -4.66000     19.83209      6.78002     13.05207
     -4.65000     19.54486      6.66145     12.88341
     -4.64000     22.05231      7.53049     14.52182
     -4.63000     21.98727      7.50128     14.48599
     -4.62000     17.98312      6.08634     11.89678
     -4.61000     15.70715      5.31963     10.38752
     -4.60000     16.70072      5.70777     10.99295
     -4.59000     18.88207      6.49475     12.38732
     -4.58000     21.24686      7.31527     13.93158
     -4.57000     23.83885      8.22404     15.61480
     -4.56000     25.78499      8.89132     16.89367
     -4.55000     24.41696      8.36563     16.05133
     -4.54000     22.03975      7.55265     14.48710
     -4.53000     20.31150      7.00836     13.30314
     -4.52000     21.01408      7.29060     13.72347
     -4.51000     23.77573      8.32584     15.44989
     -4.50000     26.88103      9.44133     17.43971
     -4.49000     30.82267     10.77016     20.05251
     -4.48000     33.71461     11.78037     21.93424
     -4.47000     32.45825     11.38108     21.07717
     -4.46000     28.83942     10.08799     18.75142
     -4.45000     27.67781      9.59367     18.08414
     -4.44000     29.47147     10.19319     19.27828
     -4.43000     31.34167     10.83273     20.50894
     -4.42000     31.77205     10.92977     20.84229
     -4.41000     29.35210     10.08492     19.26718
     -4.40000     27.00011      9.26193     17.73818
     -4.39000     24.45569      8.34090     16.11478
     -4.38000     21.72341      7.38981     14.33360
     -4.37000     22.89753      7.82156     15.07597
     -4.36000     25.67799      8.80060     16.87739
     -4.35000     24.87848      8.51297     16.36551
     -4.34000     23.15984      7.93474     15.22510
     -4.33000     23.91769      8.17840     15.73928
     -4.32000     25.79464      8.74379     17.05086
     -4.31000     28.04515      9.46854     18.57660
     -4.30000     32.60818     11.03372     21.57446
     -4.29000     36.93853     12.57354     24.36499
     -4.28000     36.59497     12.54903     24.04594
     -4.27000     35.61282     12.28462     23.32820
     -4.26000     34.93436     12.02870     22.90567
     -4.25000     33.23136     11.36470     21.86666
     -4.24000     32.90781     11.20107     21.70673
     -4.23000     34.28787     11.68984     22.59804
     -4.22000     35.12238     12.03019     23.09218
     -4.21000     32.91603     11.28899     21.62705
     -4.20000     28.48715      9.76999     18.71716
     -4.19000     24.87961      8.52613     16.35348
     -4.18000     24.61213      8.43624     16.17589
     -4.17000     27.32180      9.37634     17.94547
     -4.16000     28.55223      9.75738     18.79484
     -4.15000     28.25081      9.59189     18.65892
     -4.14000     28.14419      9.55059     18.59361
     -4.13000     26.43738      9.02502     17.41236
     -4.12000     25.91395      8.93649     16.97746
     -4.11000     28.40494      9.88610     18.51883
     -4.10000     30.48985     10.57502     19.91484
     -4.09000     31.04805     10.69621     20.35183
     -4.08000     30.74593     10.56233     20.18360
     -4.07000     30.26415     10.39397     19.87018
     -4.06000     30.30570     10.42042     19.88528
     -4.05000     30.50634     10.46354     20.04279
     -4.04000     29.52023     10.09794     19.42228
     -4.03000     28.75624      9.84887     18.90737
     -4.02000     28.72141      9.86923     18.85219
     -4.01000     28.50265      9.80561     18.69704
     -4.00000     28.26938      9.73265     18.53674
     -3.99000     28.82028      9.95609     18.86418
     -3.98000     31.47601     10.88246     20.59355
     -3.97000     34.00786     11.73535     22.27251
     -3.96000     33.83354     11.63904     22.19450
     -3.95000     31.34277     10.76638     20.57639
     -3.94000     29.67756     10.23740     19.44016
     -3.93000     31.71243     11.00016     20.71228
     -3.92000     34.52252     11.99168     22.53085
     -3.91000     34.39611     11.93854     22.45757
     -3.90000     32.54090     11.25957     21.28133
     -3.89000     31.66042     10.91075     20.74967
     -3.88000     33.25984     11.47253     21.78731
     -3.87000     36.94351     12.83558     24.10794
     -3.86000     39.27240     13.71561     25.55678
     -3.85000     38.55047     13.45183     25.09864
     -3.84000     36.60739     12.75169     23.85570
     -3.83000     36.41318     12.70969     23.70349
     -3.82000     39.17063     13.71327     25.45736
     -3.81000     41.34783     14.50874     26.83909
     -3.80000     39.38083     13.78392     25.59692
     -3.79000     37.11834     12.91503     24.20331
     -3.78000     36.90482     12.78176     24.12307
     -3.77000     36.43829     12.58420     23.85409
     -3.76000     35.17321     12.14363     23.02958
     -3.75000     33.97625     11.73345     22.24280
     -3.74000     31.89759     11.02471     20.87287
     -3.73000     31.93569     11.07116     20.86453
     -3.72000     34.33314     11.91450     22.41864
     -3.71000     34.31268     11.86103     22.45166
     -3.70000     33.71342     11.58978     22.12364
     -3.69000     35.10342     12.05677     23.04665
     -3.68000     36.69097     12.64237     24.04860
     -3.67000     35.45833     12.22347     23.23486
     -3.66000     32.34875     11.12120     21.22755
     -3.65000     32.17106     11.06468     21.10638
     -3.64000     33.62528     11.56840     22.05688
     -3.63000     32.95521     11.29395     21.66126
     -3.62000     31.49562     10.78382     20.71179
     -3.61000     31.56314     10.80503     20.75811
     -3.60000     33.17129     11.31840     21.85289
     -3.59000     33.70297     11.47399     22.22898
     -3.58000     36.32564     12.31186     24.01378
     -3.57000     47.23091     15.81245     31.41846
     -3.56000     62.13999     20.40644     41.73356
     -3.55000     65.84027     21.30884     44.53142
     -3.54000     55.56043     18.17460     37.38583
     -3.53000     42.50500     14.26027     28.24473
     -3.52000     35.49959     12.00671     23.49287
     -3.51000     34.64276     11.68541     22.95735
     -3.50000     35.41570     11.92116     23.49454
     -3.49000     33.55887     11.30977     22.24909
     -3.48000     31.80375     10.73434     21.06943
     -3.47000     32.44389     10.83651     21.60825
     -3.46000     35.94185     11.70557     24.25111
     -3.45000     49.06441     15.23955     33.92872
     -3.44000     76.71304     22.83964     54.19440
     -3.43000     97.57611     28.41203     69.67030
     -3.42000     92.69222     26.59373     66.62903
     -3.41000     72.32753     20.88089     51.94795
     -3.40000     57.02687     17.44838     40.02951
     -3.39000     56.73503     18.93469     38.07911
     -3.38000     56.31272     19.74004     36.66470
     -3.37000     47.00117     16.60142     30.41443
     -3.36000     41.63614     14.54509     27.09210
     -3.35000     40.53034     14.08330     26.44707
     -3.34000     41.55198     14.58128     26.97070
     -3.33000     50.35942     17.94523     32.41419
     -3.32000     59.06748     21.26389     37.80360
     -3.31000     59.54340     21.76810     37.77530
     -3.30000     56.04444     20.61112     35.43332
     -3.29000     47.42446     17.05667     30.36779
     -3.28000     48.26265     17.15434     31.10832
     -3.27000     56.99740     20.44842     36.54897
     -3.26000     53.14701     19.00003     34.14698
     -3.25000     42.53827     14.95378     27.58448
     -3.24000     40.51756     14.12418     26.39338
     -3.23000     47.31412     16.61301     30.70111
     -3.22000     49.95984     17.58530     32.37455
     -3.21000     42.53240     14.73736     27.79504
     -3.20000     41.63796     14.32080     27.31716
     -3.19000     48.59827     17.01096     31.58731
     -3.18000     47.48650     16.80426     30.68224
     -3.17000     38.36225     13.50520     24.85705
     -3.16000     32.72305     11.33593     21.38712
     -3.15000     28.91751      9.81441     19.10310
     -3.14000     28.35241      9.54979     18.80262
     -3.13000     31.14317     10.54820     20.59497
     -3.12000     31.76616     10.83276     20.93339
     -3.11000     31.35402     10.75372     20.60030
     -3.10000     32.59443     11.24173     21.35270
     -3.09000     32.98203     11.43746     21.54458
     -3.08000     31.66024     10.92195     20.73829
     -3.07000     31.37619     10.77018     20.60601
     -3.06000     32.94210     11.54458     21.39751
     -3.05000     34.29352     12.37410     21.91942
     -3.04000     35.15790     12.85725     22.30065
     -3.03000     34.67603     12.71205     21.96399
     -3.02000     33.95461     12.32087     21.63375
     -3.01000     39.87329     14.04659     25.82670
     -3.00000     51.01813     17.56989     33.44824
     -2.99000     47.56350     16.39568     31.16782
     -2.98000     35.02281     12.23873     22.78408
     -2.97000     31.21633     10.84345     20.37288
     -2.96000     32.27541     11.06529     21.21013
     -2.95000     36.92852     12.55812     24.37040
     -2.94000     48.17499     16.22519     31.94980
     -2.93000     50.80033     17.10699     33.69335
     -2.92000     39.66926     13.47938     26.18988
     -2.91000     37.52208     12.67137     24.85072
     -2.90000     44.79368     14.75288     30.04080
     -2.89000     43.04340     14.03707     29.00633
     -2.88000     42.70513     14.12094     28.58419
     -2.87000     58.99416     19.49946     39.49470
     -2.86000     64.56608     21.17817     43.38791
     -2.85000     45.84713     15.05584     30.79129
     -2.84000     31.89053     10.59177     21.29876
     -2.83000     28.45255      9.48394     18.96862
     -2.82000     29.70519      9.80484     19.90034
     -2.81000     37.25251     12.12280     25.12971
     -2.80000     47.61033     15.47542     32.13491
     -2.79000     48.51524     15.61813     32.89710
     -2.78000     49.57648     15.13194     34.44454
     -2.77000     54.21660     15.76118     38.45542
     -2.76000     47.70262     14.05830     33.64432
     -2.75000     43.12658     13.49530     29.63128
     -2.74000     48.77674     15.88517     32.89157
     -2.73000     46.12586     15.10584     31.02002
     -2.72000     38.44790     12.38521     26.06269
     -2.71000     38.75510     12.14158     26.61352
     -2.70000     43.41393     13.42511     29.98882
     -2.69000     42.21473     13.38038     28.83435
     -2.68000     43.57210     14.31288     29.25922
     -2.67000     39.55715     12.86147     26.69568
     -2.66000     31.79309      9.95875     21.83434
     -2.65000     36.78824     11.57206     25.21619
     -2.64000     45.12770     14.41760     30.71010
     -2.63000     39.54679     12.69464     26.85214
     -2.62000     31.40452     10.12309     21.28144
     -2.61000     34.49612     11.14789     23.34823
     -2.60000     48.05194     15.35016     32.70178
     -2.59000     54.99726     17.33379     37.66346
     -2.58000     46.64139     14.75830     31.88309
     -2.57000     33.18654     10.72424     22.46231
     -2.56000     29.02680      9.35252     19.67428
     -2.55000     33.59001     10.19079     23.39922
     -2.54000     44.51431     12.51057     32.00373
     -2.53000     56.18237     15.99014     40.19223
     -2.52000     69.44812     21.19756     48.25056
     -2.51000     75.92666     24.08601     51.84065
     -2.50000     58.35282     18.74783     39.60499
     -2.49000     35.38241     11.31769     24.06472
     -2.48000     26.27176      8.35420     17.91756
     -2.47000     31.78314     10.34936     21.43378
     -2.46000     41.18596     13.64239     27.54357
     -2.45000     36.01186     11.77826     24.23360
     -2.44000     25.15180      7.90011     17.25170
     -2.43000     25.15546      7.68045     17.47501
     -2.42000     36.78034     11.25855     25.52179
     -2.41000     45.14946     13.69031     31.45915
     -2.40000     39.20906     11.45370     27.75537
     -2.39000     33.34769      9.24716     24.10053
     -2.38000     33.30993      9.03216     24.27777
     -2.37000     35.46101      9.65670     25.80432
     -2.36000     36.35664      9.93823     26.41841
     -2.35000     34.87958      9.64983     25.22975
     -2.34000     35.02880      9.69245     25.33635
     -2.33000     41.18265     11.03693     30.14573
     -2.32000     44.42916     11.72019     32.70898
     -2.31000     35.52152      9.62267     25.89885
     -2.30000     28.67577      8.11094     20.56483
     -2.29000     29.64106      8.45208     21.18898
     -2.28000     37.98043     10.79515     27.18528
     -2.27000     51.84723     14.86267     36.98456
     -2.26000     52.87296     15.05639     37.81657
     -2.25000     41.60422     11.47322     30.13101
     -2.24000     39.94743     10.98415     28.96329
     -2.23000     52.26600     14.92373     37.34227
     -2.22000     64.96279     18.69763     46.26517
     -2.21000     55.40343     15.65948     39.74395
     -2.20000     39.36406     10.98106     28.38300
     -2.19000     38.90667     10.92752     27.97915
     -2.18000     47.09805     13.40270     33.69535
     -2.17000     43.89001     12.49438     31.39563
     -2.16000     34.03900      9.57959     24.45941
     -2.15000     31.58838      8.78953     22.79885
     -2.14000     32.51241      8.99460     23.51782
     -2.13000     37.26681     10.40637     26.86044
     -2.12000     52.98435     14.99854     37.98581
     -2.11000     60.54792     17.06790     43.48002
     -2.10000     44.63009     12.41414     32.21595
     -2.09000     31.60007      8.70302     22.89705
     -2.08000     31.41297      8.76356     22.64941
     -2.07000     38.89209     11.14071     27.75138
     -2.06000     44.12710     12.57114     31.55596
     -2.05000     37.71014     10.30674     27.40340
     -2.04000     32.53772      8.65685     23.88087
     -2.03000     31.23853      8.35304     22.88549
     -2.02000     30.14822      8.09691     22.05131
     -2.01000     30.92615      8.32506     22.60109
     -2.00000     41.91418     11.42404     30.49015
     -1.99000     61.39838     16.88179     44.51659
     -1.98000     60.57573     16.45173     44.12400
     -1.97000     45.54101     12.01283     33.52818
     -1.96000     44.27960     11.62006     32.65954
     -1.95000     45.14163     11.92231     33.21932
     -1.94000     37.48937      9.77382     27.71555
     -1.93000     34.58432      8.88070     25.70363
     -1.92000     35.60821      9.13019     26.47802
     -1.91000     34.69239      8.77673     25.91566
     -1.90000     34.53137      8.48588     26.04549
     -1.89000     34.36166      8.26363     26.09803
     -1.88000     33.33997      7.95048     25.38949
     -1.87000     34.70636      8.19270     26.51366
     -1.86000     45.86923     11.07429     34.79495
     -1.85000     64.19782     15.82388     48.37394
     -1.84000     71.12883     16.92722     54.20161
     -1.83000     58.20077     13.35362     44.84714
     -1.82000     44.44236     10.34977     34.09259
     -1.81000     41.74155      9.89041     31.85114
     -1.80000     48.57989     11.23215     37.34773
     -1.79000     57.50947     12.95969     44.54978
     -1.78000     52.67649     12.16133     40.51516
     -1.77000     41.38758     10.04874     31.33884
     -1.76000     36.89465      9.00686     27.88780
     -1.75000     42.35502      9.77565     32.57937
     -1.74000     52.26428     11.49976     40.76453
     -1.73000     53.83641     11.75824     42.07816
     -1.72000     59.62185     12.87933     46.74252
     -1.71000     66.57724     14.33521     52.24204
     -1.70000     56.25296     12.39555     43.85741
     -1.69000     42.55416      9.71740     32.83676
     -1.68000     46.51755     10.73359     35.78397
     -1.67000     57.35857     13.30849     44.05008
     -1.66000     53.02970     12.58304     40.44666
     -1.65000     41.47375     10.02466     31.44909
     -1.64000     36.69300      8.78819     27.90481
     -1.63000     42.84484      9.82798     33.01686
     -1.62000     52.82439     11.61569     41.20870
     -1.61000     50.13917     10.98616     39.15301
     -1.60000     40.51443      9.16609     31.34834
     -1.59000     35.92895      8.31345     27.61550
     -1.58000     34.86280      8.10412     26.75868
     -1.57000     33.44223      7.90019     25.54204
     -1.56000     31.78677      7.63937     24.14740
     -1.55000     33.98021      8.25159     25.72862
     -1.54000     39.15392      9.62704     29.52688
     -1.53000     47.58712     11.77004     35.81709
     -1.52000     54.78126     13.47893     41.30233
     -1.51000     49.98217     12.10647     37.87570
     -1.50000     49.38589     11.64686     37.73905
     -1.49000     57.50482     13.40774     44.09735
     -1.48000     55.52978     13.05471     42.47695
     -1.47000     48.37119     11.37377     37.01068
     -1.46000     46.29839     10.75146     35.62517
     -1.45000     45.56117     10.47219     35.42977
     -1.44000     42.04805      9.51924     33.43334
     -1.43000     41.97873      9.61643     33.66696
     -1.42000     50.81782     12.20685     39.84626
     -1.41000     54.79412     13.12713     42.81866
     -1.40000     46.29837     10.43870     36.91472
     -1.39000     39.83301      8.67848     31.96504
     -1.38000     39.89404      8.82350     31.68242
     -1.37000     42.14372      9.40814     33.26244
     -1.36000     42.68669      9.77731     33.27913
     -1.35000     42.03209      9.82316     32.41390
     -1.34000     41.31153      9.72821     31.69259
     -1.33000     49.93610     12.57156     37.40505
     -1.32000     65.03120     17.03844     48.00133
     -1.31000     62.94513     16.47094     46.48254
     -1.30000     54.66561     14.43216     40.25612
     -1.29000     44.92822     11.57866     33.38296
     -1.28000     37.48253      9.07173     28.44637
     -1.27000     34.50791      8.18794     26.35860
     -1.26000     33.20525      7.98826     25.27386
     -1.25000     35.74894      8.71392     27.11378
     -1.24000     45.47970     11.53369     34.01496
     -1.23000     53.03683     13.75800     39.33771
     -1.22000     47.91319     12.17433     35.79897
     -1.21000     46.16238     11.63530     34.59050
     -1.20000     53.07563     13.87146     39.26241
     -1.19000     53.52747     14.17049     39.40096
     -1.18000     54.50507     14.43992     40.09940
     -1.17000     58.11578     15.56716     42.57805
     -1.16000     47.62355     12.51113     35.13837
     -1.15000     34.46861      8.74056     25.74952
     -1.14000     27.63403      6.97075     20.68319
     -1.13000     24.11563      6.19394     17.94362
     -1.12000     23.16500      5.97526     17.21059
     -1.11000     22.58635      5.82751     16.76859
     -1.10000     22.39653      5.86015     16.53815
     -1.09000     22.38384      5.78513     16.59883
     -1.08000     23.28271      5.85595     17.42676
     -1.07000     26.05885      6.69382     19.36503
     -1.06000     30.14671      8.06935     22.07736
     -1.05000     41.55665     11.45960     30.09705
     -1.04000     53.94005     14.75877     39.18128
     -1.03000     46.14740     12.34431     33.80309
     -1.02000     29.80482      8.02925     21.77557
     -1.01000     22.77737      6.35247     16.42491
     -1.00000     23.99384      6.94974     17.04410
     -0.99000     31.88053      9.49759     22.38293
     -0.98000     35.41090     10.68964     24.72126
     -0.97000     25.59899      7.72768     17.87131
     -0.96000     17.38425      5.19530     12.18895
     -0.95000     16.07194      4.81417     11.25777
     -0.94000     16.72916      4.96809     11.76107
     -0.93000     15.90537      4.59847     11.30690
     -0.92000     18.27836      5.34754     12.93082
     -0.91000     26.98867      7.91193     19.07674
     -0.90000     28.43764      8.24082     20.19695
     -0.89000     21.65042      6.29078     15.36167
     -0.88000     24.77496      7.00609     17.78273
     -0.87000     30.12963      8.22024     21.95356
     -0.86000     27.30282      7.45206     19.92664
     -0.85000     29.51735      8.19361     21.40503
     -0.84000     27.82532      7.76193     20.12671
     -0.83000     18.11208      4.91844     13.23720
     -0.82000     15.52070      3.87752     11.67389
     -0.81000     22.83141      5.47926     17.36696
     -0.80000     27.17443      6.60510     20.57260
     -0.79000     18.73866      4.73773     14.00122
     -0.78000     10.85968      2.87463      7.98506
     -0.77000      8.62516      2.32681      6.29835
     -0.76000      9.55093      2.81776      6.73317
     -0.75000     11.80313      3.72863      8.07450
     -0.74000     12.54117      3.84942      8.69175
     -0.73000     10.79978      3.17143      7.62835
     -0.72000      8.71357      2.51601      6.19756
     -0.71000      7.82715      2.17880      5.64835
     -0.70000      7.42293      2.00933      5.41360
     -0.69000      7.14063      1.89052      5.25011
     -0.68000      6.98934      1.90151      5.08783
     -0.67000      6.59559      1.92511      4.67048
     -0.66000      6.21107      1.73755      4.47352
     -0.65000      5.80597      1.47058      4.33538
     -0.64000      5.40009      1.34084      4.05924
     -0.63000      5.36417      1.25875      4.10542
     -0.62000      5.05787      1.24354      3.81432
     -0.61000      4.83841      1.27183      3.56659
     -0.60000      5.43049      1.46502      3.96557
     -0.59000      6.11578      1.77446      4.34176
     -0.58000      5.74860      1.66629      4.08304
     -0.57000      5.34095      1.64731      3.69409
     -0.56000      6.06946      2.19253      3.87704
     -0.55000      6.97962      2.90226      4.07742
     -0.54000      7.88532      3.38794      4.49775
     -0.53000      8.63261      3.35739      5.27600
     -0.52000      9.45089      3.34928      6.10223
     -0.51000     11.11033      3.80025      7.31026
     -0.50000     12.58502      4.41665      8.16839
     -0.49000     13.51797      4.96763      8.55034
     -0.48000     13.03485      4.99972      8.03514
     -0.47000     12.59174      5.20953      7.38221
     -0.46000     13.00165      5.83033      7.17132
     -0.45000     13.10881      5.94371      7.16516
     -0.44000     12.54623      5.80190      6.74514
     -0.43000     12.66539      5.97299      6.69755
     -0.42000     13.78137      6.15537      7.63841
     -0.41000     13.82038      6.26413      7.56893
     -0.40000     13.47650      6.54138      6.95083
     -0.39000     12.92561      6.57285      6.39381
     -0.38000     11.73770      6.31471      5.49202
     -0.37000     11.00588      6.16516      4.94060
     -0.36000     10.79098      6.27426      4.67783
     -0.35000     11.66335      6.97993      4.96446
     -0.34000     13.08409      8.35065      5.26636
     -0.33000     13.37351      9.23647      4.90741
     -0.32000     14.18621      9.66821      5.33504
     -0.31000     21.26595     12.49320      9.56560
     -0.30000     29.93220     16.46358     14.31423
     -0.29000     24.54791     14.19660     11.13084
     -0.28000     15.56560     10.05020      6.14867
     -0.27000     12.58954      8.55545      4.59214
     -0.26000     11.17711      7.76667      3.86800
     -0.25000     10.94184      7.65758      3.71265
     -0.24000     11.20573      7.61002      4.08540
     -0.23000     11.57985      7.80970      4.30442
     -0.22000     11.42024      7.74244      4.20942
     -0.21000      9.66661      6.52143      3.63646
     -0.20000      9.10456      6.24723      3.38770
     -0.19000     10.20058      7.04872      3.70044
     -0.18000     10.44797      7.05091      3.88632
     -0.17000     10.25553      6.97405      3.84593
     -0.16000     10.27687      7.20972      3.71094
     -0.15000      9.85849      6.91123      3.47321
     -0.14000      9.22362      6.43447      3.24524
     -0.13000      8.68769      6.01137      3.18861
     -0.12000      9.58314      6.04426      4.06733
     -0.11000     17.23046      8.85947      8.96564
     -0.10000     26.47054     11.71483     15.33826
     -0.09000     21.53383      9.44423     12.54924
     -0.08000     12.89160      7.10991      6.23116
     -0.07000     17.15603     10.84972      6.76354
     -0.06000     28.13726     17.57871     10.94554
     -0.05000     26.03206     16.30124     10.16394
     -0.04000     14.96088      9.61881      5.92555
     -0.03000      9.63238      6.07535      4.10758
     -0.02000      8.04128      4.39487      3.96691
     -0.01000     10.60895      5.13500      5.74818
      0.00000     20.40519      9.31099     11.42331
      0.01000     26.17388     11.45429     14.97735
      0.02000     17.67587      8.08512      9.91256
      0.03000      9.91805      5.45079      4.96586
      0.04000      7.78780      4.64038      3.57675
      0.05000      7.19202      3.99387      3.38926
      0.06000      7.71017      4.14690      3.72974
      0.07000      8.43795      4.72773      3.98350
      0.08000     12.83445      7.65595      5.41268
      0.09000     22.68749     14.02295      8.81706
      0.10000     23.70052     14.39690      9.47289
      0.11000     15.67824      9.09204      6.84618
      0.12000     12.90157      7.38115      5.83943
      0.13000     19.51947     11.67744      8.06800
      0.14000     28.71993     17.99848     10.83134
      0.15000     24.70901     15.61577      9.18543
      0.16000     15.15057      9.56771      5.73378
      0.17000     12.40699      7.72241      4.82602
      0.18000     13.27472      8.14617      5.20945
      0.19000     15.27768      9.79410      5.54827
      0.20000     19.35266     12.46974      6.93584
      0.21000     26.43381     16.47131      9.98456
      0.22000     26.62128     16.41622     10.21385
      0.23000     18.65628     11.82674      6.84559
      0.24000     19.48780     12.97710      6.54598
      0.25000     33.51565     22.16080     11.42751
      0.26000     44.71762     28.98933     15.84941
      0.27000     40.71142     26.21555     14.61729
      0.28000     30.15930     19.46382     10.75505
      0.29000     29.64230     18.74498     10.91498
      0.30000     28.62807     17.46864     11.17223
      0.31000     21.50153     12.37507      9.13918
      0.32000     20.83573     11.39344      9.45099
      0.33000     22.95220     12.42567     10.53448
      0.34000     23.39219     12.88169     10.52038
      0.35000     28.52001     16.62383     11.90929
      0.36000     44.14921     26.81577     17.37365
      0.37000     56.84262     34.61924     22.30828
      0.38000     52.84851     31.79255     21.13847
      0.39000     38.46833     22.65329     15.85321
      0.40000     29.65613     17.29320     12.37394
      0.41000     29.42865     17.28695     12.14783
      0.42000     35.70792     20.98743     14.73083
      0.43000     46.37595     27.42239     18.96410
      0.44000     45.12166     26.81898     18.30818
      0.45000     35.04007     20.76247     14.28180
      0.46000     38.33932     22.50485     15.84552
      0.47000     56.63379     33.08021     23.58889
      0.48000     68.90129     40.06215     28.89451
      0.49000     64.87485     36.41672     28.51376
      0.50000     58.48253     30.92167     27.61690
      0.51000     47.89268     25.49123     22.45519
      0.52000     36.08385     20.30306     15.82394
      0.53000     30.98697     17.79443     13.21075
      0.54000     31.48901     17.94616     13.54710
      0.55000     35.60064     20.47579     15.12787
      0.56000     46.80385     27.50325     19.30292
      0.57000     53.76626     31.53305     22.23390
      0.58000     48.06309     27.68919     20.37398
      0.59000     43.95708     25.08768     18.86940
      0.60000     46.94683     26.65268     20.29414
      0.61000     55.43388     31.14690     24.28697
      0.62000     54.56380     30.56705     23.99675
      0.63000     41.87743     23.56940     18.30802
      0.64000     38.00184     21.49796     16.50388
      0.65000     41.68523     23.65936     18.02587
      0.66000     46.67793     26.61891     20.05902
      0.67000     53.59341     30.80455     22.78886
      0.68000     50.59327     28.92938     21.66389
      0.69000     43.24234     24.15738     19.08496
      0.70000     48.10584     26.58518     21.52066
      0.71000     61.82822     34.13985     27.68837
      0.72000     64.12559     35.39762     28.72797
      0.73000     51.94186     28.80351     23.13835
      0.74000     48.04261     26.74687     21.29575
      0.75000     52.20806     28.90903     23.29903
      0.76000     52.29692     28.72368     23.57323
      0.77000     57.96466     31.59909     26.36556
      0.78000     58.99643     32.10987     26.88656
      0.79000     48.71877     26.67804     22.04083
      0.80000     41.37001     22.85363     18.51801
      0.81000     43.36302     23.91032     19.46287
      0.82000     53.44263     29.30392     24.16379
      0.83000     53.51225     29.34124     24.19662
      0.84000     44.81000     24.59869     20.22258
      0.85000     44.43622     24.21375     20.22461
      0.86000     53.03782     28.20308     24.83490
      0.87000     56.66721     29.53479     27.13243
      0.88000     48.83298     25.74526     23.08771
      0.89000     47.66557     26.36807     21.29750
      0.90000     46.34540     26.24514     20.10026
      0.91000     36.00569     19.92969     16.07600
      0.92000     34.65089     18.50613     16.14477
      0.93000     41.26971     21.76950     19.50021
      0.94000     39.49298     20.77201     18.72097
      0.95000     34.82334     18.44959     16.37376
      0.96000     32.10279     17.13379     14.96900
      0.97000     30.54493     16.13256     14.41237
      0.98000     30.84281     16.06983     14.77298
      0.99000     28.40352     14.79272     13.61080
      1.00000     28.06602     14.71666     13.34936
      1.01000     32.42707     16.97303     15.45404
      1.02000     36.31502     18.81523     17.49979
      1.03000     38.60877     19.72590     18.88287
      1.04000     41.78191     20.28630     21.49561
      1.05000     51.50723     22.27180     29.23543
      1.06000     58.41430     24.04191     34.37240
      1.07000     50.35973     22.60922     27.75051
      1.08000     40.58062     20.17525     20.40537
      1.09000     38.07907     19.42163     18.65744
      1.10000     38.80274     19.67722     19.12553
      1.11000     37.96779     19.07089     18.89691
      1.12000     36.12090     18.05567     18.06522
      1.13000     34.67748     17.29959     17.37789
      1.14000     34.82118     17.41138     17.40981
      1.15000     35.36838     17.85755     17.51083
      1.16000     35.95238     18.23763     17.71476
      1.17000     39.39844     19.45659     19.94185
      1.18000     49.47225     21.88980     27.58245
      1.19000     61.41945     24.47141     36.94804
      1.20000     58.51842     24.40358     34.11484
      1.21000     51.42318     25.01126     26.41206
      1.22000     51.19768     27.61067     23.58849
      1.23000     44.60462     24.52748     20.08277
      1.24000     35.27061     19.07840     16.20007
      1.25000     31.63028     16.84193     14.79238
      1.26000     28.57017     15.09250     13.47843
      1.27000     25.60286     13.54413     12.05878
      1.28000     25.27864     13.38157     11.89707
      1.29000     26.88805     14.21024     12.67781
      1.30000     30.41467     16.32922     14.08544
      1.31000     42.40575     23.70341     18.70234
      1.32000     56.74833     32.57143     24.17690
      1.33000     48.26185     27.70632     20.55553
      1.34000     31.33317     17.38793     13.94524
      1.35000     25.30159     13.57761     11.72398
      1.36000     22.51112     12.01530     10.49581
      1.37000     21.42322     11.38769     10.03553
      1.38000     24.84194     13.15962     11.68232
      1.39000     36.60077     19.78119     16.81958
      1.40000     52.69936     29.13820     23.56116
      1.41000     50.66160     28.04332     22.61828
      1.42000     32.86472     17.63387     15.23085
      1.43000     23.34776     11.96353     11.38423
      1.44000     25.13342     12.81984     12.31359
      1.45000     35.03113     18.28412     16.74727
      1.46000     43.32253     22.96869     20.35605
      1.47000     38.55754     20.35082     18.21351
      1.48000     38.47328     20.27657     18.20447
      1.49000     41.85917     22.12011     19.74369
      1.50000     35.01821     18.14097     16.88438
      1.51000     30.87457     15.55599     15.32979
      1.52000     37.83530     19.04386     18.79835
      1.53000     51.29948     25.97552     25.32553
      1.54000     51.41569     26.00908     25.40675
      1.55000     44.40082     22.50549     21.89534
      1.56000     50.22530     25.86271     24.36258
      1.57000     53.34981     27.46800     25.88181
      1.58000     46.28572     23.62029     22.66544
      1.59000     43.54578     22.28245     21.26333
      1.60000     37.08562     18.78906     18.29655
      1.61000     31.46727     15.82708     15.64019
      1.62000     37.10412     19.13256     17.97156
      1.63000     40.35338     21.09975     19.25363
      1.64000     30.47926     15.70886     14.77041
      1.65000     21.59497     10.80404     10.79093
      1.66000     20.74405     10.21775     10.52630
      1.67000     27.52771     13.57105     13.95666
      1.68000     37.34602     18.63209     18.71393
      1.69000     36.15820     18.25830     17.89989
      1.70000     32.74014     17.21403     15.52611
      1.71000     38.94503     21.41899     17.52605
      1.72000     39.26303     21.60690     17.65630
      1.73000     38.31902     20.47886     17.84204
      1.74000     37.17247     19.55081     17.62979
      1.75000     30.50630     15.95151     14.56792
      1.76000     27.15399     14.07786     13.08403
      1.77000     27.89701     14.45993     13.43885
      1.78000     28.31156     14.76701     13.54470
      1.79000     24.02994     12.42843     11.60152
      1.80000     22.20801     11.20972     10.99829
      1.81000     32.41109     16.69125     15.71984
      1.82000     55.02391     29.71494     25.30903
      1.83000     67.62341     36.91781     30.70713
      1.84000     51.42036     27.52229     23.91254
      1.85000     30.71961     16.14681     14.62664
      1.86000     23.49239     12.37316     11.20752
      1.87000     21.14317     11.12031     10.09747
      1.88000     19.39690     10.03026      9.40808
      1.89000     21.83355     11.27389     10.58872
      1.90000     29.57750     15.86079     13.73506
      1.91000     38.73930     21.26424     17.48012
      1.92000     40.73126     22.08561     18.64657
      1.93000     39.93547     21.16806     18.77112
      1.94000     32.18465     16.88095     15.31620
      1.95000     24.36951     12.77703     11.60809
      1.96000     23.03447     12.02905     11.01258
      1.97000     24.43894     12.59990     11.84025
      1.98000     25.83176     13.14800     12.68385
      1.99000     28.81394     14.76870     14.04547
      2.00000     40.88345     21.23125     19.65488
      2.01000     50.44377     25.78947     24.66557
      2.02000     41.63675     20.61843     21.03578
      2.03000     27.32095     13.47801     13.85289
      2.04000     20.67822     10.57385     10.10646
      2.05000     20.94975     11.11158      9.83833
      2.06000     26.14233     14.14654     11.99580
      2.07000     36.47463     19.89109     16.58372
      2.08000     37.31503     20.22993     17.08951
      2.09000     27.12928     14.35495     12.81743
      2.10000     22.77478     11.59492     11.34719
      2.11000     25.45452     12.70117     13.02878
      2.12000     28.55843     14.31028     14.48451
      2.13000     27.57512     13.96735     13.78118
      2.14000     25.03717     12.85144     12.37002
      2.15000     26.64244     13.82865     13.07232
      2.16000     30.34325     15.82693     14.77756
      2.17000     30.95906     16.08230     15.07683
      2.18000     30.54907     15.81505     14.90674
      2.19000     28.80502     14.84385     14.26789
      2.20000     26.74340     13.66128     13.56028
      2.21000     26.98712     14.00391     13.32119
      2.22000     26.87426     14.24490     12.75823
      2.23000     27.27797     14.56379     12.79356
      2.24000     30.22852     16.03162     14.34438
      2.25000     31.50053     16.82307     14.83780
      2.26000     30.42215     16.51529     13.97601
      2.27000     30.47804     16.36733     14.13034
      2.28000     31.79300     16.83620     15.01288
      2.29000     34.09217     17.97499     16.25951
      2.30000     37.04308     19.39166     17.79434
      2.31000     38.58265     20.05246     18.58921
      2.32000     36.87494     19.22520     17.67378
      2.33000     33.02101     17.16898     15.91261
      2.34000     29.34846     15.00124     14.51191
      2.35000     27.84299     14.13923     13.98224
      2.36000     27.38419     14.23191     13.39491
      2.37000     27.31873     14.56646     12.87616
      2.38000     26.86203     14.39098     12.52923
      2.39000     25.61555     13.75554     11.88221
      2.40000     23.61319     12.53712     11.11701
      2.41000     23.16160     11.72589     11.68475
      2.42000     25.54788     12.00049     14.33993
      2.43000     27.03776     12.14802     16.15287
      2.44000     26.44791     12.08548     15.48503
      2.45000     26.89307     12.62689     15.01283
      2.46000     26.73590     12.79250     14.38784
      2.47000     25.09159     12.32760     12.97071
      2.48000     25.84063     12.99412     12.96756
      2.49000     28.39119     14.69078     13.78692
      2.50000     29.25294     15.23374     14.05118
      2.51000     27.95800     14.17332     13.81467
      2.52000     26.17385     12.89694     13.38608
      2.53000     25.05804     12.31021     12.92924
      2.54000     25.55820     12.77097     12.95674
      2.55000     27.79356     13.91513     14.04748
      2.56000     29.08585     14.77109     14.45924
      2.57000     29.14087     15.30965     13.90357
      2.58000     33.90157     18.31053     15.64094
      2.59000     43.61992     23.87240     19.87018
      2.60000     41.94662     22.81584     19.31653
      2.61000     29.86160     15.87085     14.16453
      2.62000     23.66106     12.40799     11.39088
      2.63000     23.32142     12.19931     11.22539
      2.64000     27.20143     14.23911     13.05340
      2.65000     30.94810     16.21328     14.82292
      2.66000     30.80805     15.78845     15.10923
      2.67000     30.11779     14.94939     15.23692
      2.68000     33.80231     16.66140     17.17820
      2.69000     35.69593     17.29536     18.42803
      2.70000     30.26798     14.35729     15.92710
      2.71000     24.16690     11.48095     12.69025
      2.72000     25.11649     12.16510     12.95209
      2.73000     29.57047     14.68317     14.88749
      2.74000     30.90678     15.21438     15.69244
      2.75000     33.12853     14.96736     18.16117
      2.76000     43.83862     17.56627     26.27234
      2.77000     48.19501     18.91990     29.27511
      2.78000     37.53208     16.19231     21.33977
      2.79000     30.13326     14.28221     15.85105
      2.80000     30.17840     14.78600     15.39240
      2.81000     32.02512     15.97775     16.04737
      2.82000     32.18799     16.21630     15.97169
      2.83000     31.03769     15.63060     15.40708
      2.84000     30.35395     15.21814     15.13581
      2.85000     30.87135     15.52529     15.34606
      2.86000     30.17646     15.26867     14.90779
      2.87000     28.87804     14.66772     14.21031
      2.88000     28.85549     14.70756     14.14793
      2.89000     28.86685     14.62243     14.24441
      2.90000     28.72779     14.35352     14.37427
      2.91000     28.71779     14.24404     14.47375
      2.92000     28.52487     14.09774     14.42712
      2.93000     29.22446     14.47780     14.74666
      2.94000     28.70934     14.33160     14.37774
      2.95000     25.77609     12.95245     12.82364
      2.96000     23.48302     11.87220     11.61082
      2.97000     25.41106     12.85111     12.55995
      2.98000     28.90628     14.45149     14.45479
      2.99000     29.94152     14.78426     15.15726
      3.00000     30.19507     14.78376     15.41131
      3.01000     30.75545     14.90679     15.84873
      3.02000     30.68832     14.80245     15.88704
      3.03000     31.02149     15.13718     15.89120
      3.04000     32.08383     15.85188     16.24703
      3.05000     31.10970     15.21565     15.90791
      3.06000     29.64368     14.21889     15.43758
      3.07000     29.40712     14.11944     15.30425
      3.08000     29.38078     14.13981     15.25144
      3.09000     28.09503     13.63212     14.46717
      3.10000     28.45919     14.03834     14.43909
      3.11000     33.75109     16.75363     17.07051
      3.12000     36.23403     18.11121     18.26559
      3.13000     35.02568     17.70258     17.58193
      3.14000     34.20915     18.20437     16.78584
      3.15000     35.30041     22.98799     15.64223
      3.16000     43.09154     38.49499     15.07070
      3.17000     50.29386     48.41620     16.42817
      3.18000     44.95205     35.08833     18.06924
      3.19000     38.35848     22.71029     18.28497
      3.20000     34.78106     19.22473     17.15470
      3.21000     30.95847     17.53337     15.15412
      3.22000     27.44292     16.51172     13.03460
      3.23000     25.19584     15.54837     11.71479
      3.24000     25.10341     14.43194     12.21295
      3.25000     24.96491     13.19428     12.90896
      3.26000     25.20493     12.62560     13.40461
      3.27000     26.56748     13.14489     14.07526
      3.28000     26.99212     13.07795     14.43859
      3.29000     28.54185     13.08460     15.94201
      3.30000     30.95784     13.84825     17.75112
      3.31000     31.24347     14.15338     17.73983
      3.32000     30.16941     13.68195     16.95949
      3.33000     29.50976     13.40195     16.57814
      3.34000     29.00245     13.46574     16.17075
      3.35000     28.52460     13.41519     15.73321
      3.36000     27.70088     12.97827     15.30210
      3.37000     26.12262     11.81761     14.83644
      3.38000     25.37832     11.08911     14.73411
      3.39000     25.83880     11.26080     14.88240
      3.40000     25.73230     11.39981     14.48287
      3.41000     25.69793     11.75908     14.04364
      3.42000     27.11254     12.53950     14.75372
      3.43000     27.59429     12.60969     15.22434
      3.44000     25.83953     11.69305     14.34451
      3.45000     23.79227     10.77212     13.11503
      3.46000     22.82449     10.37191     12.53728
      3.47000     22.29467     10.17268     12.27087
      3.48000     22.64659     10.38902     12.45788
      3.49000     22.76468     10.33792     12.77924
      3.50000     22.22311     10.09923     12.61865
      3.51000     20.79072      9.66580     11.48481
      3.52000     20.75507     10.39614     10.53828
      3.53000     27.85995     17.37571     10.93625
      3.54000     39.48059     28.92782     11.66065
      3.55000     38.27489     27.69024     11.72624
      3.56000     28.45099     17.33171     11.78909
      3.57000     25.71767     13.30310     12.79456
      3.58000     26.19648     12.71656     13.71883
      3.59000     26.44872     12.30600     14.40762
      3.60000     27.10658     12.35117     14.98116
      3.61000     26.59763     12.20443     14.48514
      3.62000     25.81326     11.91608     13.96474
      3.63000     25.13307     11.85236     13.40287
      3.64000     24.72142     11.86513     12.97787
      3.65000     25.25798     11.96613     13.43089
      3.66000     24.60157     11.27417     13.57769
      3.67000     24.59581     10.70466     14.35121
      3.68000     27.72819     11.51763     16.78311
      3.69000     29.71194     12.23134     17.82571
      3.70000     29.97581     12.77956     17.30444
      3.71000     28.57642     12.67962     15.94624
      3.72000     25.15419     11.40455     13.82990
      3.73000     22.64561     10.27646     12.52171
      3.74000     21.36302      9.48004     12.08644
      3.75000     24.55671     11.32272     13.43324
      3.76000     35.05517     17.39019     17.81053
      3.77000     38.71146     19.24104     19.56614
      3.78000     29.70149     13.66759     16.11126
      3.79000     22.32944      9.31677     13.10427
      3.80000     22.77149      8.23106     14.72920
      3.81000     33.02007      8.88037     24.62388
      3.82000     39.61008      9.44506     30.81407
      3.83000     30.91881      9.17828     22.08279
      3.84000     21.34574      8.33205     13.08297
      3.85000     17.64083      7.69272      9.95369
      3.86000     17.54471      7.94129      9.60362
      3.87000     17.75924      8.04399      9.71524
      3.88000     17.72132      7.83154      9.88981
      3.89000     18.35874      7.95853     10.40089
      3.90000     18.38215      7.98461     10.40257
      3.91000     18.31410      7.86960     10.45805
      3.92000     17.89814      7.55870     10.35290
      3.93000     17.24727      7.33315      9.91904
      3.94000     17.30394      7.53305      9.77155
      3.95000     17.61742      7.79234      9.82511
      3.96000     17.38659      7.72855      9.65805
      3.97000     17.43760      7.72834      9.70926
      3.98000     18.64719      8.28738     10.35981
      3.99000     19.56404      8.64083     10.92321
      4.00000     18.71890      8.12424     10.59466
      4.01000     17.54417      7.53704     10.00713
      4.02000     18.23447      7.82160     10.41286
      4.03000     18.35707      7.87129     10.48578
      4.04000     17.64458      7.57109     10.07349
      4.05000     17.57656      7.51523     10.06133
      4.06000     17.66848      7.50913     10.15936
      4.07000     17.11695      7.28138      9.83556
      4.08000     16.54062      7.08252      9.45810
      4.09000     17.79529      7.70724     10.08805
      4.10000     22.21542      9.71769     12.49773
      4.11000     31.99411     14.00611     17.98800
      4.12000     37.25784     16.21005     21.04779
      4.13000     29.29369     12.55336     16.74033
