Energy-E_F (eV)    DOS (1/eV)    PDOS (1/eV)  of atom type Bi Te 
     -4.83775     26.38659      0.00000      0.00000
     -4.82775     28.91545      0.00000      0.00000
     -4.81775     28.43501      0.00000      0.00000
     -4.80775     24.35354      0.00000      0.00000
     -4.79775     23.21374      0.00000      0.00000
     -4.78775     26.76375      0.00000      0.00000
     -4.77775     29.95015      0.00000      0.00000
     -4.76775     28.36674      0.00000      0.00000
     -4.75775     25.39181      0.00000      0.00000
     -4.74775     27.05958      0.00000      0.00000
     -4.73775     30.41389      0.00000      0.00000
     -4.72775     31.04909      0.00000      0.00000
     -4.71775     31.19163      0.00000      0.00000
     -4.70775     30.56703      0.00000      0.00000
     -4.69775     29.01862      0.00000      0.00000
     -4.68775     30.74990      0.00000      0.00000
     -4.67775     35.36550      0.00000      0.00000
     -4.66775     39.41390      0.00000      0.00000
     -4.65775     39.24320      0.00000      0.00000
     -4.64775     36.69703      0.00000      0.00000
     -4.63775     37.06904      0.00000      0.00000
     -4.62775     39.29026      0.00000      0.00000
     -4.61775     41.05036      0.00000      0.00000
     -4.60775     43.65844      0.00000      0.00000
     -4.59775     48.36727      0.00000      0.00000
     -4.58775     50.51924      0.00000      0.00000
     -4.57775     46.66281      0.00000      0.00000
     -4.56775     40.86056      0.00000      0.00000
     -4.55775     38.66826      0.00000      0.00000
     -4.54775     41.47760      0.00000      0.00000
     -4.53775     44.62267      0.00000      0.00000
     -4.52775     45.25310      0.00000      0.00000
     -4.51775     43.29334      0.00000      0.00000
     -4.50775     39.66419      0.00000      0.00000
     -4.49775     39.08973      0.00000      0.00000
     -4.48775     44.10462      0.00000      0.00000
     -4.47775     43.97454      0.00000      0.00000
     -4.46775     35.96625      0.00000      0.00000
     -4.45775     31.41429      0.00000      0.00000
     -4.44775     33.40144      0.00000      0.00000
     -4.43775     37.76414      0.00000      0.00000
     -4.42775     42.49371      0.00000      0.00000
     -4.41775     47.67769      0.00000      0.00000
     -4.40775     51.56998      0.00000      0.00000
     -4.39775     48.83393      0.00000      0.00000
     -4.38775     44.07950      0.00000      0.00000
     -4.37775     40.62300      0.00000      0.00000
     -4.36775     42.02816      0.00000      0.00000
     -4.35775     47.55146      0.00000      0.00000
     -4.34775     53.76207      0.00000      0.00000
     -4.33775     61.64533      0.00000      0.00000
     -4.32775     67.42921      0.00000      0.00000
     -4.31775     64.91650      0.00000      0.00000
     -4.30775     57.67883      0.00000      0.00000
     -4.29775     55.35563      0.00000      0.00000
     -4.28775     58.94294      0.00000      0.00000
     -4.27775     62.68335      0.00000      0.00000
     -4.26775     63.54410      0.00000      0.00000
     -4.25775     58.70421      0.00000      0.00000
     -4.24775     54.00022      0.00000      0.00000
     -4.23775     48.91137      0.00000      0.00000
     -4.22775     43.44682      0.00000      0.00000
     -4.21775     45.79506      0.00000      0.00000
     -4.20775     51.35598      0.00000      0.00000
     -4.19775     49.75696      0.00000      0.00000
     -4.18775     46.31968      0.00000      0.00000
     -4.17775     47.83537      0.00000      0.00000
     -4.16775     51.58929      0.00000      0.00000
     -4.15775     56.09030      0.00000      0.00000
     -4.14775     65.21635      0.00000      0.00000
     -4.13775     73.87706      0.00000      0.00000
     -4.12775     73.18994      0.00000      0.00000
     -4.11775     71.22563      0.00000      0.00000
     -4.10775     69.86873      0.00000      0.00000
     -4.09775     66.46272      0.00000      0.00000
     -4.08775     65.81561      0.00000      0.00000
     -4.07775     68.57575      0.00000      0.00000
     -4.06775     70.24476      0.00000      0.00000
     -4.05775     65.83207      0.00000      0.00000
     -4.04775     56.97430      0.00000      0.00000
     -4.03775     49.75922      0.00000      0.00000
     -4.02775     49.22426      0.00000      0.00000
     -4.01775     54.64361      0.00000      0.00000
     -4.00775     57.10445      0.00000      0.00000
     -3.99775     56.50162      0.00000      0.00000
     -3.98775     56.28839      0.00000      0.00000
     -3.97775     52.87476      0.00000      0.00000
     -3.96775     51.82790      0.00000      0.00000
     -3.95775     56.80987      0.00000      0.00000
     -3.94775     60.97970      0.00000      0.00000
     -3.93775     62.09609      0.00000      0.00000
     -3.92775     61.49186      0.00000      0.00000
     -3.91775     60.52830      0.00000      0.00000
     -3.90775     60.61141      0.00000      0.00000
     -3.89775     61.01267      0.00000      0.00000
     -3.88775     59.04045      0.00000      0.00000
     -3.87775     57.51247      0.00000      0.00000
     -3.86775     57.44284      0.00000      0.00000
     -3.85775     57.00607      0.00000      0.00000
     -3.84775     56.55367      0.00000      0.00000
     -3.83775     57.74697      0.00000      0.00000
     -3.82775     63.23163      0.00000      0.00000
     -3.81775     68.28598      0.00000      0.00000
     -3.80775     67.76319      0.00000      0.00000
     -3.79775     62.69813      0.00000      0.00000
     -3.78775     59.35691      0.00000      0.00000
     -3.77775     63.44524      0.00000      0.00000
     -3.76775     69.17275      0.00000      0.00000
     -3.75775     69.08681      0.00000      0.00000
     -3.74775     65.33179      0.00000      0.00000
     -3.73775     63.39887      0.00000      0.00000
     -3.72775     66.52864      0.00000      0.00000
     -3.71775     73.88741      0.00000      0.00000
     -3.70775     78.54480      0.00000      0.00000
     -3.69775     77.10094      0.00000      0.00000
     -3.68775     73.21478      0.00000      0.00000
     -3.67775     72.82638      0.00000      0.00000
     -3.66775     78.34246      0.00000      0.00000
     -3.65775     82.71614      0.00000      0.00000
     -3.64775     78.88982      0.00000      0.00000
     -3.63775     74.53346      0.00000      0.00000
     -3.62775     74.08793      0.00000      0.00000
     -3.61775     73.10890      0.00000      0.00000
     -3.60775     70.66176      0.00000      0.00000
     -3.59775     68.17633      0.00000      0.00000
     -3.58775     63.85513      0.00000      0.00000
     -3.57775     63.87730      0.00000      0.00000
     -3.56775     68.66649      0.00000      0.00000
     -3.55775     68.62537      0.00000      0.00000
     -3.54775     67.42684      0.00000      0.00000
     -3.53775     70.20685      0.00000      0.00000
     -3.52775     73.38219      0.00000      0.00000
     -3.51775     70.92343      0.00000      0.00000
     -3.50775     64.76324      0.00000      0.00000
     -3.49775     64.58198      0.00000      0.00000
     -3.48775     67.60829      0.00000      0.00000
     -3.47775     66.19703      0.00000      0.00000
     -3.46775     63.15109      0.00000      0.00000
     -3.45775     63.17494      0.00000      0.00000
     -3.44775     66.33991      0.00000      0.00000
     -3.43775     67.09061      0.00000      0.00000
     -3.42775     68.40546      0.00000      0.00000
     -3.41775     72.17996      0.00000      0.00000
     -3.40775     74.09102      0.00000      0.00000
     -3.39775     76.12447      0.00000      0.00000
     -3.38775     80.16549      0.00000      0.00000
     -3.37775     77.68429      0.00000      0.00000
     -3.36775     70.90595      0.00000      0.00000
     -3.35775     70.20089      0.00000      0.00000
     -3.34775     71.77687      0.00000      0.00000
     -3.33775     67.66309      0.00000      0.00000
     -3.32775     63.75476      0.00000      0.00000
     -3.31775     64.79173      0.00000      0.00000
     -3.30775     69.63715      0.00000      0.00000
     -3.29775     80.69655      0.00000      0.00000
     -3.28775     94.69474      0.00000      0.00000
     -3.27775     95.91391      0.00000      0.00000
     -3.26775     89.42312      0.00000      0.00000
     -3.25775     88.93484      0.00000      0.00000
     -3.24775     89.36970      0.00000      0.00000
     -3.23775     84.35122      0.00000      0.00000
     -3.22775     80.49932      0.00000      0.00000
     -3.21775     80.43646      0.00000      0.00000
     -3.20775     81.70616      0.00000      0.00000
     -3.19775     80.98042      0.00000      0.00000
     -3.18775     76.70681      0.00000      0.00000
     -3.17775     75.08900      0.00000      0.00000
     -3.16775     77.55244      0.00000      0.00000
     -3.15775     77.17907      0.00000      0.00000
     -3.14775     74.96799      0.00000      0.00000
     -3.13775     75.22282      0.00000      0.00000
     -3.12775     77.52636      0.00000      0.00000
     -3.11775     80.34521      0.00000      0.00000
     -3.10775     81.00445      0.00000      0.00000
     -3.09775     77.94062      0.00000      0.00000
     -3.08775     74.58416      0.00000      0.00000
     -3.07775     70.80914      0.00000      0.00000
     -3.06775     66.67092      0.00000      0.00000
     -3.05775     67.41683      0.00000      0.00000
     -3.04775     71.16846      0.00000      0.00000
     -3.03775     68.79813      0.00000      0.00000
     -3.02775     63.89925      0.00000      0.00000
     -3.01775     64.89732      0.00000      0.00000
     -3.00775     64.48072      0.00000      0.00000
     -2.99775     58.24442      0.00000      0.00000
     -2.98775     57.24800      0.00000      0.00000
     -2.97775     63.06242      0.00000      0.00000
     -2.96775     64.19428      0.00000      0.00000
     -2.95775     63.24366      0.00000      0.00000
     -2.94775     66.10624      0.00000      0.00000
     -2.93775     67.13808      0.00000      0.00000
     -2.92775     64.24227      0.00000      0.00000
     -2.91775     63.47090      0.00000      0.00000
     -2.90775     66.57425      0.00000      0.00000
     -2.89775     69.36351      0.00000      0.00000
     -2.88775     71.41437      0.00000      0.00000
     -2.87775     70.58249      0.00000      0.00000
     -2.86775     67.62816      0.00000      0.00000
     -2.85775     69.29350      0.00000      0.00000
     -2.84775     72.82403      0.00000      0.00000
     -2.83775     67.67053      0.00000      0.00000
     -2.82775     61.44441      0.00000      0.00000
     -2.81775     63.04736      0.00000      0.00000
     -2.80775     66.42661      0.00000      0.00000
     -2.79775     69.55084      0.00000      0.00000
     -2.78775     73.37522      0.00000      0.00000
     -2.77775     71.09488      0.00000      0.00000
     -2.76775     64.72337      0.00000      0.00000
     -2.75775     61.82484      0.00000      0.00000
     -2.74775     59.40295      0.00000      0.00000
     -2.73775     58.04791      0.00000      0.00000
     -2.72775     62.89033      0.00000      0.00000
     -2.71775     67.52026      0.00000      0.00000
     -2.70775     66.45672      0.00000      0.00000
     -2.69775     63.08283      0.00000      0.00000
     -2.68775     61.50131      0.00000      0.00000
     -2.67775     60.83278      0.00000      0.00000
     -2.66775     61.95706      0.00000      0.00000
     -2.65775     63.79326      0.00000      0.00000
     -2.64775     68.35325      0.00000      0.00000
     -2.63775     76.86671      0.00000      0.00000
     -2.62775     83.00845      0.00000      0.00000
     -2.61775     82.67284      0.00000      0.00000
     -2.60775     77.29818      0.00000      0.00000
     -2.59775     70.02204      0.00000      0.00000
     -2.58775     71.31908      0.00000      0.00000
     -2.57775     79.54408      0.00000      0.00000
     -2.56775     81.10701      0.00000      0.00000
     -2.55775     74.18157      0.00000      0.00000
     -2.54775     66.91658      0.00000      0.00000
     -2.53775     62.87720      0.00000      0.00000
     -2.52775     62.83232      0.00000      0.00000
     -2.51775     64.67391      0.00000      0.00000
     -2.50775     66.58196      0.00000      0.00000
     -2.49775     70.45504      0.00000      0.00000
     -2.48775     73.77539      0.00000      0.00000
     -2.47775     75.87441      0.00000      0.00000
     -2.46775     74.88243      0.00000      0.00000
     -2.45775     70.03246      0.00000      0.00000
     -2.44775     72.06110      0.00000      0.00000
     -2.43775     78.59155      0.00000      0.00000
     -2.42775     81.87423      0.00000      0.00000
     -2.41775     83.74284      0.00000      0.00000
     -2.40775     88.28269      0.00000      0.00000
     -2.39775     90.55886      0.00000      0.00000
     -2.38775     88.52208      0.00000      0.00000
     -2.37775     89.72759      0.00000      0.00000
     -2.36775     93.27025      0.00000      0.00000
     -2.35775     90.88602      0.00000      0.00000
     -2.34775     74.14504      0.00000      0.00000
     -2.33775     52.60466      0.00000      0.00000
     -2.32775     41.54875      0.00000      0.00000
     -2.31775     39.58213      0.00000      0.00000
     -2.30775     41.41337      0.00000      0.00000
     -2.29775     46.19627      0.00000      0.00000
     -2.28775     50.76566      0.00000      0.00000
     -2.27775     52.05565      0.00000      0.00000
     -2.26775     51.20042      0.00000      0.00000
     -2.25775     50.58406      0.00000      0.00000
     -2.24775     51.72296      0.00000      0.00000
     -2.23775     53.90999      0.00000      0.00000
     -2.22775     55.78717      0.00000      0.00000
     -2.21775     57.72840      0.00000      0.00000
     -2.20775     57.25939      0.00000      0.00000
     -2.19775     54.85182      0.00000      0.00000
     -2.18775     53.10428      0.00000      0.00000
     -2.17775     52.71152      0.00000      0.00000
     -2.16775     51.24457      0.00000      0.00000
     -2.15775     50.25940      0.00000      0.00000
     -2.14775     51.99258      0.00000      0.00000
     -2.13775     51.62989      0.00000      0.00000
     -2.12775     51.98247      0.00000      0.00000
     -2.11775     53.01857      0.00000      0.00000
     -2.10775     50.53455      0.00000      0.00000
     -2.09775     49.59170      0.00000      0.00000
     -2.08775     52.64700      0.00000      0.00000
     -2.07775     56.30788      0.00000      0.00000
     -2.06775     57.76827      0.00000      0.00000
     -2.05775     57.37972      0.00000      0.00000
     -2.04775     55.68621      0.00000      0.00000
     -2.03775     54.04195      0.00000      0.00000
     -2.02775     54.32801      0.00000      0.00000
     -2.01775     55.49607      0.00000      0.00000
     -2.00775     59.08551      0.00000      0.00000
     -1.99775     60.30498      0.00000      0.00000
     -1.98775     56.31737      0.00000      0.00000
     -1.97775     52.84873      0.00000      0.00000
     -1.96775     53.45375      0.00000      0.00000
     -1.95775     55.98575      0.00000      0.00000
     -1.94775     57.97775      0.00000      0.00000
     -1.93775     61.28089      0.00000      0.00000
     -1.92775     65.03155      0.00000      0.00000
     -1.91775     64.90029      0.00000      0.00000
     -1.90775     59.57387      0.00000      0.00000
     -1.89775     55.90927      0.00000      0.00000
     -1.88775     54.10877      0.00000      0.00000
     -1.87775     53.94354      0.00000      0.00000
     -1.86775     56.32545      0.00000      0.00000
     -1.85775     57.49367      0.00000      0.00000
     -1.84775     57.06502      0.00000      0.00000
     -1.83775     58.46099      0.00000      0.00000
     -1.82775     59.47069      0.00000      0.00000
     -1.81775     59.17993      0.00000      0.00000
     -1.80775     61.76306      0.00000      0.00000
     -1.79775     67.29116      0.00000      0.00000
     -1.78775     70.39341      0.00000      0.00000
     -1.77775     68.91096      0.00000      0.00000
     -1.76775     65.95782      0.00000      0.00000
     -1.75775     64.66017      0.00000      0.00000
     -1.74775     64.67962      0.00000      0.00000
     -1.73775     62.75067      0.00000      0.00000
     -1.72775     61.74812      0.00000      0.00000
     -1.71775     63.17284      0.00000      0.00000
     -1.70775     65.21505      0.00000      0.00000
     -1.69775     68.79385      0.00000      0.00000
     -1.68775     71.30594      0.00000      0.00000
     -1.67775     68.51112      0.00000      0.00000
     -1.66775     64.95522      0.00000      0.00000
     -1.65775     62.56070      0.00000      0.00000
     -1.64775     60.32928      0.00000      0.00000
     -1.63775     61.72112      0.00000      0.00000
     -1.62775     65.52744      0.00000      0.00000
     -1.61775     65.69789      0.00000      0.00000
     -1.60775     63.35534      0.00000      0.00000
     -1.59775     62.90956      0.00000      0.00000
     -1.58775     65.18341      0.00000      0.00000
     -1.57775     67.37707      0.00000      0.00000
     -1.56775     66.89848      0.00000      0.00000
     -1.55775     67.17762      0.00000      0.00000
     -1.54775     70.15652      0.00000      0.00000
     -1.53775     70.45933      0.00000      0.00000
     -1.52775     68.45686      0.00000      0.00000
     -1.51775     69.93755      0.00000      0.00000
     -1.50775     71.03892      0.00000      0.00000
     -1.49775     69.34536      0.00000      0.00000
     -1.48775     69.51261      0.00000      0.00000
     -1.47775     70.23385      0.00000      0.00000
     -1.46775     70.80360      0.00000      0.00000
     -1.45775     73.61498      0.00000      0.00000
     -1.44775     77.28954      0.00000      0.00000
     -1.43775     76.50749      0.00000      0.00000
     -1.42775     72.56557      0.00000      0.00000
     -1.41775     69.78064      0.00000      0.00000
     -1.40775     68.84260      0.00000      0.00000
     -1.39775     67.94868      0.00000      0.00000
     -1.38775     65.44311      0.00000      0.00000
     -1.37775     65.98111      0.00000      0.00000
     -1.36775     70.91667      0.00000      0.00000
     -1.35775     74.22505      0.00000      0.00000
     -1.34775     73.60023      0.00000      0.00000
     -1.33775     71.42103      0.00000      0.00000
     -1.32775     69.66134      0.00000      0.00000
     -1.31775     72.16910      0.00000      0.00000
     -1.30775     77.69407      0.00000      0.00000
     -1.29775     78.76438      0.00000      0.00000
     -1.28775     73.76526      0.00000      0.00000
     -1.27775     70.60601      0.00000      0.00000
     -1.26775     72.65540      0.00000      0.00000
     -1.25775     75.28116      0.00000      0.00000
     -1.24775     74.97035      0.00000      0.00000
     -1.23775     72.05892      0.00000      0.00000
     -1.22775     68.71884      0.00000      0.00000
     -1.21775     69.04371      0.00000      0.00000
     -1.20775     73.23456      0.00000      0.00000
     -1.19775     73.38147      0.00000      0.00000
     -1.18775     68.46872      0.00000      0.00000
     -1.17775     66.78916      0.00000      0.00000
     -1.16775     70.32030      0.00000      0.00000
     -1.15775     68.85848      0.00000      0.00000
     -1.14775     61.22897      0.00000      0.00000
     -1.13775     58.69294      0.00000      0.00000
     -1.12775     63.99908      0.00000      0.00000
     -1.11775     68.84280      0.00000      0.00000
     -1.10775     70.91572      0.00000      0.00000
     -1.09775     72.52711      0.00000      0.00000
     -1.08775     72.67870      0.00000      0.00000
     -1.07775     70.24927      0.00000      0.00000
     -1.06775     70.57717      0.00000      0.00000
     -1.05775     74.79312      0.00000      0.00000
     -1.04775     75.91697      0.00000      0.00000
     -1.03775     74.29419      0.00000      0.00000
     -1.02775     75.94103      0.00000      0.00000
     -1.01775     78.01608      0.00000      0.00000
     -1.00775     76.93000      0.00000      0.00000
     -0.99775     72.07835      0.00000      0.00000
     -0.98775     68.71605      0.00000      0.00000
     -0.97775     67.65577      0.00000      0.00000
     -0.96775     62.96888      0.00000      0.00000
     -0.95775     59.29380      0.00000      0.00000
     -0.94775     58.77917      0.00000      0.00000
     -0.93775     58.30383      0.00000      0.00000
     -0.92775     56.93414      0.00000      0.00000
     -0.91775     54.42059      0.00000      0.00000
     -0.90775     53.26700      0.00000      0.00000
     -0.89775     50.94378      0.00000      0.00000
     -0.88775     48.65682      0.00000      0.00000
     -0.87775     48.42616      0.00000      0.00000
     -0.86775     47.63854      0.00000      0.00000
     -0.85775     45.57939      0.00000      0.00000
     -0.84775     43.58838      0.00000      0.00000
     -0.83775     42.58622      0.00000      0.00000
     -0.82775     40.03356      0.00000      0.00000
     -0.81775     36.99644      0.00000      0.00000
     -0.80775     36.76903      0.00000      0.00000
     -0.79775     35.59934      0.00000      0.00000
     -0.78775     31.96540      0.00000      0.00000
     -0.77775     29.26865      0.00000      0.00000
     -0.76775     29.26126      0.00000      0.00000
     -0.75775     30.74675      0.00000      0.00000
     -0.74775     31.58873      0.00000      0.00000
     -0.73775     30.17195      0.00000      0.00000
     -0.72775     29.35352      0.00000      0.00000
     -0.71775     28.37008      0.00000      0.00000
     -0.70775     24.89799      0.00000      0.00000
     -0.69775     22.36452      0.00000      0.00000
     -0.68775     21.59433      0.00000      0.00000
     -0.67775     21.69528      0.00000      0.00000
     -0.66775     22.20870      0.00000      0.00000
     -0.65775     23.30469      0.00000      0.00000
     -0.64775     22.93155      0.00000      0.00000
     -0.63775     20.67368      0.00000      0.00000
     -0.62775     19.04973      0.00000      0.00000
     -0.61775     19.27842      0.00000      0.00000
     -0.60775     19.70362      0.00000      0.00000
     -0.59775     20.46218      0.00000      0.00000
     -0.58775     21.88110      0.00000      0.00000
     -0.57775     21.60036      0.00000      0.00000
     -0.56775     20.37054      0.00000      0.00000
     -0.55775     19.27838      0.00000      0.00000
     -0.54775     17.33208      0.00000      0.00000
     -0.53775     14.98424      0.00000      0.00000
     -0.52775     16.58130      0.00000      0.00000
     -0.51775     20.59128      0.00000      0.00000
     -0.50775     21.52556      0.00000      0.00000
     -0.49775     20.88218      0.00000      0.00000
     -0.48775     20.44863      0.00000      0.00000
     -0.47775     19.53456      0.00000      0.00000
     -0.46775     18.59464      0.00000      0.00000
     -0.45775     18.43438      0.00000      0.00000
     -0.44775     18.61625      0.00000      0.00000
     -0.43775     17.99565      0.00000      0.00000
     -0.42775     18.24166      0.00000      0.00000
     -0.41775     18.71255      0.00000      0.00000
     -0.40775     17.46226      0.00000      0.00000
     -0.39775     17.19020      0.00000      0.00000
     -0.38775     17.85959      0.00000      0.00000
     -0.37775     17.48828      0.00000      0.00000
     -0.36775     17.78501      0.00000      0.00000
     -0.35775     18.57011      0.00000      0.00000
     -0.34775     17.52428      0.00000      0.00000
     -0.33775     15.03649      0.00000      0.00000
     -0.32775     13.44386      0.00000      0.00000
     -0.31775     12.94638      0.00000      0.00000
     -0.30775     12.73340      0.00000      0.00000
     -0.29775     12.71307      0.00000      0.00000
     -0.28775     13.77364      0.00000      0.00000
     -0.27775     15.65183      0.00000      0.00000
     -0.26775     16.32633      0.00000      0.00000
     -0.25775     16.06090      0.00000      0.00000
     -0.24775     16.84484      0.00000      0.00000
     -0.23775     19.21723      0.00000      0.00000
     -0.22775     20.62809      0.00000      0.00000
     -0.21775     20.40439      0.00000      0.00000
     -0.20775     19.87533      0.00000      0.00000
     -0.19775     18.05398      0.00000      0.00000
     -0.18775     15.81146      0.00000      0.00000
     -0.17775     14.30629      0.00000      0.00000
     -0.16775     13.22247      0.00000      0.00000
     -0.15775     13.08553      0.00000      0.00000
     -0.14775     13.50802      0.00000      0.00000
     -0.13775     15.00560      0.00000      0.00000
     -0.12775     17.44342      0.00000      0.00000
     -0.11775     19.92860      0.00000      0.00000
     -0.10775     20.03201      0.00000      0.00000
     -0.09775     18.72113      0.00000      0.00000
     -0.08775     17.69238      0.00000      0.00000
     -0.07775     16.63122      0.00000      0.00000
     -0.06775     17.17963      0.00000      0.00000
     -0.05775     18.92653      0.00000      0.00000
     -0.04775     19.44120      0.00000      0.00000
     -0.03775     18.69622      0.00000      0.00000
     -0.02775     20.39968      0.00000      0.00000
     -0.01775     22.52975      0.00000      0.00000
     -0.00775     22.20594      0.00000      0.00000
      0.00225     21.91133      0.00000      0.00000
      0.01225     23.21519      0.00000      0.00000
      0.02225     24.25717      0.00000      0.00000
      0.03225     24.32244      0.00000      0.00000
      0.04225     22.48341      0.00000      0.00000
      0.05225     18.07414      0.00000      0.00000
      0.06225     15.00157      0.00000      0.00000
      0.07225     16.47082      0.00000      0.00000
      0.08225     21.59434      0.00000      0.00000
      0.09225     25.17117      0.00000      0.00000
      0.10225     24.53547      0.00000      0.00000
      0.11225     22.89632      0.00000      0.00000
      0.12225     23.36809      0.00000      0.00000
      0.13225     24.40055      0.00000      0.00000
      0.14225     23.82920      0.00000      0.00000
      0.15225     22.56189      0.00000      0.00000
      0.16225     22.20236      0.00000      0.00000
      0.17225     25.78841      0.00000      0.00000
      0.18225     32.32498      0.00000      0.00000
      0.19225     34.61865      0.00000      0.00000
      0.20225     30.27243      0.00000      0.00000
      0.21225     27.26828      0.00000      0.00000
      0.22225     30.22009      0.00000      0.00000
      0.23225     33.65303      0.00000      0.00000
      0.24225     33.30916      0.00000      0.00000
      0.25225     31.83558      0.00000      0.00000
      0.26225     32.41182      0.00000      0.00000
      0.27225     36.11412      0.00000      0.00000
      0.28225     41.82550      0.00000      0.00000
      0.29225     45.57927      0.00000      0.00000
      0.30225     46.90575      0.00000      0.00000
      0.31225     46.66746      0.00000      0.00000
      0.32225     45.34916      0.00000      0.00000
      0.33225     45.14925      0.00000      0.00000
      0.34225     43.47542      0.00000      0.00000
      0.35225     39.35018      0.00000      0.00000
      0.36225     38.09256      0.00000      0.00000
      0.37225     39.26449      0.00000      0.00000
      0.38225     40.97532      0.00000      0.00000
      0.39225     43.91138      0.00000      0.00000
      0.40225     46.21787      0.00000      0.00000
      0.41225     47.19443      0.00000      0.00000
      0.42225     46.12460      0.00000      0.00000
      0.43225     43.40077      0.00000      0.00000
      0.44225     43.46365      0.00000      0.00000
      0.45225     45.65441      0.00000      0.00000
      0.46225     45.16499      0.00000      0.00000
      0.47225     42.87580      0.00000      0.00000
      0.48225     40.99120      0.00000      0.00000
      0.49225     41.20130      0.00000      0.00000
      0.50225     41.78658      0.00000      0.00000
      0.51225     40.33078      0.00000      0.00000
      0.52225     40.78652      0.00000      0.00000
      0.53225     41.38993      0.00000      0.00000
      0.54225     39.83161      0.00000      0.00000
      0.55225     38.93813      0.00000      0.00000
      0.56225     39.88958      0.00000      0.00000
      0.57225     41.61526      0.00000      0.00000
      0.58225     42.04793      0.00000      0.00000
      0.59225     42.93303      0.00000      0.00000
      0.60225     44.53908      0.00000      0.00000
      0.61225     45.71055      0.00000      0.00000
      0.62225     46.59437      0.00000      0.00000
      0.63225     44.91181      0.00000      0.00000
      0.64225     44.31261      0.00000      0.00000
      0.65225     45.18949      0.00000      0.00000
      0.66225     45.03939      0.00000      0.00000
      0.67225     45.97966      0.00000      0.00000
      0.68225     48.05544      0.00000      0.00000
      0.69225     47.83620      0.00000      0.00000
      0.70225     44.13669      0.00000      0.00000
      0.71225     42.32986      0.00000      0.00000
      0.72225     44.35264      0.00000      0.00000
      0.73225     43.89891      0.00000      0.00000
      0.74225     40.39952      0.00000      0.00000
      0.75225     38.15725      0.00000      0.00000
      0.76225     38.06810      0.00000      0.00000
      0.77225     40.65854      0.00000      0.00000
      0.78225     43.85075      0.00000      0.00000
      0.79225     44.41741      0.00000      0.00000
      0.80225     42.29125      0.00000      0.00000
      0.81225     39.03470      0.00000      0.00000
      0.82225     40.37734      0.00000      0.00000
      0.83225     43.94970      0.00000      0.00000
      0.84225     43.18792      0.00000      0.00000
      0.85225     42.70602      0.00000      0.00000
      0.86225     47.38843      0.00000      0.00000
      0.87225     52.52642      0.00000      0.00000
      0.88225     53.89999      0.00000      0.00000
      0.89225     52.63131      0.00000      0.00000
      0.90225     51.13868      0.00000      0.00000
      0.91225     47.59881      0.00000      0.00000
      0.92225     45.04267      0.00000      0.00000
      0.93225     42.93849      0.00000      0.00000
      0.94225     42.49520      0.00000      0.00000
      0.95225     45.48465      0.00000      0.00000
      0.96225     48.79715      0.00000      0.00000
      0.97225     52.76635      0.00000      0.00000
      0.98225     56.10632      0.00000      0.00000
      0.99225     56.49639      0.00000      0.00000
      1.00225     59.04144      0.00000      0.00000
      1.01225     62.52751      0.00000      0.00000
      1.02225     62.42155      0.00000      0.00000
      1.03225     59.38692      0.00000      0.00000
      1.04225     56.24635      0.00000      0.00000
      1.05225     54.47499      0.00000      0.00000
      1.06225     52.69958      0.00000      0.00000
      1.07225     49.78679      0.00000      0.00000
      1.08225     46.22943      0.00000      0.00000
      1.09225     46.88100      0.00000      0.00000
      1.10225     53.31806      0.00000      0.00000
      1.11225     58.54065      0.00000      0.00000
      1.12225     57.97672      0.00000      0.00000
      1.13225     55.37749      0.00000      0.00000
      1.14225     55.61264      0.00000      0.00000
      1.15225     57.32561      0.00000      0.00000
      1.16225     58.23711      0.00000      0.00000
      1.17225     58.74661      0.00000      0.00000
      1.18225     59.66532      0.00000      0.00000
      1.19225     61.22594      0.00000      0.00000
      1.20225     62.90848      0.00000      0.00000
      1.21225     64.60129      0.00000      0.00000
      1.22225     66.47293      0.00000      0.00000
      1.23225     66.31559      0.00000      0.00000
      1.24225     63.42133      0.00000      0.00000
      1.25225     61.38394      0.00000      0.00000
      1.26225     60.70274      0.00000      0.00000
      1.27225     58.97993      0.00000      0.00000
      1.28225     56.56190      0.00000      0.00000
      1.29225     54.95537      0.00000      0.00000
      1.30225     55.89105      0.00000      0.00000
      1.31225     56.27395      0.00000      0.00000
      1.32225     55.67949      0.00000      0.00000
      1.33225     58.70009      0.00000      0.00000
      1.34225     63.14599      0.00000      0.00000
      1.35225     62.06336      0.00000      0.00000
      1.36225     57.34994      0.00000      0.00000
      1.37225     55.81107      0.00000      0.00000
      1.38225     58.34958      0.00000      0.00000
      1.39225     59.49148      0.00000      0.00000
      1.40225     58.60709      0.00000      0.00000
      1.41225     58.63858      0.00000      0.00000
      1.42225     59.41040      0.00000      0.00000
      1.43225     59.95407      0.00000      0.00000
      1.44225     59.16038      0.00000      0.00000
      1.45225     58.02412      0.00000      0.00000
      1.46225     58.46890      0.00000      0.00000
      1.47225     60.24016      0.00000      0.00000
      1.48225     59.89474      0.00000      0.00000
      1.49225     61.74975      0.00000      0.00000
      1.50225     63.13980      0.00000      0.00000
      1.51225     59.45482      0.00000      0.00000
      1.52225     58.19001      0.00000      0.00000
      1.53225     58.58508      0.00000      0.00000
      1.54225     55.96440      0.00000      0.00000
      1.55225     53.36199      0.00000      0.00000
      1.56225     51.09093      0.00000      0.00000
      1.57225     49.02713      0.00000      0.00000
      1.58225     47.80956      0.00000      0.00000
      1.59225     44.87635      0.00000      0.00000
      1.60225     43.72931      0.00000      0.00000
      1.61225     47.71094      0.00000      0.00000
      1.62225     51.38872      0.00000      0.00000
      1.63225     50.63975      0.00000      0.00000
      1.64225     49.87164      0.00000      0.00000
      1.65225     52.99784      0.00000      0.00000
      1.66225     56.22852      0.00000      0.00000
      1.67225     54.18254      0.00000      0.00000
      1.68225     48.89118      0.00000      0.00000
      1.69225     45.60930      0.00000      0.00000
      1.70225     44.38284      0.00000      0.00000
      1.71225     40.98653      0.00000      0.00000
      1.72225     35.66205      0.00000      0.00000
      1.73225     34.40073      0.00000      0.00000
      1.74225     34.94308      0.00000      0.00000
      1.75225     33.16722      0.00000      0.00000
      1.76225     30.46874      0.00000      0.00000
      1.77225     34.98111      0.00000      0.00000
      1.78225     51.60480      0.00000      0.00000
      1.79225     69.11708      0.00000      0.00000
      1.80225     73.49572      0.00000      0.00000
      1.81225     74.05834      0.00000      0.00000
      1.82225     78.32918      0.00000      0.00000
      1.83225     80.49664      0.00000      0.00000
      1.84225     78.64036      0.00000      0.00000
      1.85225     75.26089      0.00000      0.00000
      1.86225     74.19081      0.00000      0.00000
      1.87225     77.23151      0.00000      0.00000
      1.88225     80.04015      0.00000      0.00000
      1.89225     79.68715      0.00000      0.00000
      1.90225     81.78591      0.00000      0.00000
      1.91225     84.03462      0.00000      0.00000
      1.92225     86.98604      0.00000      0.00000
      1.93225     87.08702      0.00000      0.00000
      1.94225     74.98524      0.00000      0.00000
      1.95225     66.95721      0.00000      0.00000
      1.96225     73.22786      0.00000      0.00000
      1.97225     73.61809      0.00000      0.00000
      1.98225     65.80481      0.00000      0.00000
      1.99225     62.76161      0.00000      0.00000
      2.00225     63.33993      0.00000      0.00000
      2.01225     65.60142      0.00000      0.00000
      2.02225     63.69220      0.00000      0.00000
      2.03225     59.90112      0.00000      0.00000
      2.04225     60.53968      0.00000      0.00000
      2.05225     59.63028      0.00000      0.00000
      2.06225     58.63762      0.00000      0.00000
      2.07225     59.84629      0.00000      0.00000
      2.08225     58.84518      0.00000      0.00000
      2.09225     55.78636      0.00000      0.00000
      2.10225     55.21882      0.00000      0.00000
      2.11225     57.22062      0.00000      0.00000
      2.12225     60.52162      0.00000      0.00000
      2.13225     62.56936      0.00000      0.00000
      2.14225     62.60951      0.00000      0.00000
      2.15225     68.05197      0.00000      0.00000
      2.16225     77.59502      0.00000      0.00000
      2.17225     77.59169      0.00000      0.00000
      2.18225     62.51009      0.00000      0.00000
      2.19225     49.65769      0.00000      0.00000
      2.20225     46.85916      0.00000      0.00000
      2.21225     47.07981      0.00000      0.00000
      2.22225     48.30251      0.00000      0.00000
      2.23225     48.85698      0.00000      0.00000
      2.24225     47.51237      0.00000      0.00000
      2.25225     48.84773      0.00000      0.00000
      2.26225     55.07785      0.00000      0.00000
      2.27225     60.22395      0.00000      0.00000
      2.28225     57.69315      0.00000      0.00000
      2.29225     52.31892      0.00000      0.00000
      2.30225     55.07667      0.00000      0.00000
      2.31225     62.37452      0.00000      0.00000
      2.32225     63.89781      0.00000      0.00000
      2.33225     63.42617      0.00000      0.00000
      2.34225     59.55741      0.00000      0.00000
      2.35225     54.79017      0.00000      0.00000
      2.36225     55.24756      0.00000      0.00000
      2.37225     55.32952      0.00000      0.00000
      2.38225     55.93503      0.00000      0.00000
      2.39225     61.23577      0.00000      0.00000
      2.40225     63.48387      0.00000      0.00000
      2.41225     61.48505      0.00000      0.00000
      2.42225     61.75441      0.00000      0.00000
      2.43225     64.35239      0.00000      0.00000
      2.44225     68.86289      0.00000      0.00000
      2.45225     74.73360      0.00000      0.00000
      2.46225     78.13401      0.00000      0.00000
      2.47225     75.26954      0.00000      0.00000
      2.48225     67.84646      0.00000      0.00000
      2.49225     59.94963      0.00000      0.00000
      2.50225     56.29747      0.00000      0.00000
      2.51225     55.46011      0.00000      0.00000
      2.52225     55.43861      0.00000      0.00000
      2.53225     54.34825      0.00000      0.00000
      2.54225     51.77602      0.00000      0.00000
      2.55225     48.09514      0.00000      0.00000
      2.56225     47.68770      0.00000      0.00000
      2.57225     52.20986      0.00000      0.00000
      2.58225     54.62570      0.00000      0.00000
      2.59225     53.59245      0.00000      0.00000
      2.60225     54.81165      0.00000      0.00000
      2.61225     54.52159      0.00000      0.00000
      2.62225     51.38636      0.00000      0.00000
      2.63225     52.84363      0.00000      0.00000
      2.64225     57.76980      0.00000      0.00000
      2.65225     59.90412      0.00000      0.00000
      2.66225     57.88008      0.00000      0.00000
      2.67225     53.93482      0.00000      0.00000
      2.68225     51.04967      0.00000      0.00000
      2.69225     51.94791      0.00000      0.00000
      2.70225     56.46829      0.00000      0.00000
      2.71225     58.87092      0.00000      0.00000
      2.72225     57.52115      0.00000      0.00000
      2.73225     58.01303      0.00000      0.00000
      2.74225     58.18237      0.00000      0.00000
      2.75225     53.29521      0.00000      0.00000
      2.76225     48.63134      0.00000      0.00000
      2.77225     46.99116      0.00000      0.00000
      2.78225     47.70873      0.00000      0.00000
      2.79225     55.00070      0.00000      0.00000
      2.80225     62.55016      0.00000      0.00000
      2.81225     62.87102      0.00000      0.00000
      2.82225     61.82042      0.00000      0.00000
      2.83225     69.03296      0.00000      0.00000
      2.84225     72.48875      0.00000      0.00000
      2.85225     61.34200      0.00000      0.00000
      2.86225     49.37934      0.00000      0.00000
      2.87225     52.18710      0.00000      0.00000
      2.88225     61.42958      0.00000      0.00000
      2.89225     62.59064      0.00000      0.00000
      2.90225     59.26159      0.00000      0.00000
      2.91225     61.54422      0.00000      0.00000
      2.92225     63.73329      0.00000      0.00000
      2.93225     60.63836      0.00000      0.00000
      2.94225     59.02899      0.00000      0.00000
      2.95225     62.11448      0.00000      0.00000
      2.96225     66.22638      0.00000      0.00000
      2.97225     66.84774      0.00000      0.00000
      2.98225     64.81768      0.00000      0.00000
      2.99225     63.11784      0.00000      0.00000
      3.00225     63.26787      0.00000      0.00000
      3.01225     61.35070      0.00000      0.00000
      3.02225     58.54035      0.00000      0.00000
      3.03225     58.38823      0.00000      0.00000
      3.04225     58.57833      0.00000      0.00000
      3.05225     58.26616      0.00000      0.00000
      3.06225     58.09212      0.00000      0.00000
      3.07225     58.05129      0.00000      0.00000
      3.08225     59.73895      0.00000      0.00000
      3.09225     58.69126      0.00000      0.00000
      3.10225     53.21026      0.00000      0.00000
      3.11225     48.99036      0.00000      0.00000
      3.12225     52.56496      0.00000      0.00000
      3.13225     59.41886      0.00000      0.00000
      3.14225     61.77930      0.00000      0.00000
      3.15225     62.27009      0.00000      0.00000
      3.16225     63.17791      0.00000      0.00000
      3.17225     62.98483      0.00000      0.00000
      3.18225     63.48978      0.00000      0.00000
      3.19225     65.67716      0.00000      0.00000
      3.20225     63.96256      0.00000      0.00000
      3.21225     61.02717      0.00000      0.00000
      3.22225     60.09872      0.00000      0.00000
      3.23225     59.64280      0.00000      0.00000
      3.24225     57.04733      0.00000      0.00000
      3.25225     57.68286      0.00000      0.00000
      3.26225     68.07025      0.00000      0.00000
      3.27225     73.13468      0.00000      0.00000
      3.28225     70.68541      0.00000      0.00000
      3.29225     68.28351      0.00000      0.00000
      3.30225     64.55095      0.00000      0.00000
      3.31225     61.98647      0.00000      0.00000
      3.32225     66.13900      0.00000      0.00000
      3.33225     71.90091      0.00000      0.00000
      3.34225     73.30649      0.00000      0.00000
      3.35225     69.55779      0.00000      0.00000
      3.36225     62.47861      0.00000      0.00000
      3.37225     55.85329      0.00000      0.00000
      3.38225     51.61130      0.00000      0.00000
      3.39225     51.27880      0.00000      0.00000
      3.40225     50.62578      0.00000      0.00000
      3.41225     50.87866      0.00000      0.00000
      3.42225     53.80069      0.00000      0.00000
      3.43225     55.07923      0.00000      0.00000
      3.44225     58.21661      0.00000      0.00000
      3.45225     62.63985      0.00000      0.00000
      3.46225     63.04663      0.00000      0.00000
      3.47225     60.94893      0.00000      0.00000
      3.48225     59.53919      0.00000      0.00000
      3.49225     58.47145      0.00000      0.00000
      3.50225     57.45379      0.00000      0.00000
      3.51225     55.66132      0.00000      0.00000
      3.52225     52.51611      0.00000      0.00000
      3.53225     51.07460      0.00000      0.00000
      3.54225     51.90378      0.00000      0.00000
      3.55225     51.84087      0.00000      0.00000
      3.56225     52.16250      0.00000      0.00000
      3.57225     55.25862      0.00000      0.00000
      3.58225     56.38564      0.00000      0.00000
      3.59225     52.83069      0.00000      0.00000
      3.60225     48.78816      0.00000      0.00000
      3.61225     47.00559      0.00000      0.00000
      3.62225     45.84913      0.00000      0.00000
      3.63225     46.64522      0.00000      0.00000
      3.64225     47.02614      0.00000      0.00000
      3.65225     45.72387      0.00000      0.00000
      3.66225     42.38835      0.00000      0.00000
      3.67225     40.10062      0.00000      0.00000
      3.68225     42.93712      0.00000      0.00000
      3.69225     47.03473      0.00000      0.00000
      3.70225     47.66957      0.00000      0.00000
      3.71225     47.33018      0.00000      0.00000
      3.72225     50.34615      0.00000      0.00000
      3.73225     52.59137      0.00000      0.00000
      3.74225     53.19227      0.00000      0.00000
      3.75225     54.36774      0.00000      0.00000
      3.76225     53.41530      0.00000      0.00000
      3.77225     52.25975      0.00000      0.00000
      3.78225     51.25247      0.00000      0.00000
      3.79225     50.44103      0.00000      0.00000
      3.80225     51.41655      0.00000      0.00000
      3.81225     50.01515      0.00000      0.00000
      3.82225     49.86294      0.00000      0.00000
      3.83225     55.97209      0.00000      0.00000
      3.84225     60.02496      0.00000      0.00000
      3.85225     60.43891      0.00000      0.00000
      3.86225     57.32639      0.00000      0.00000
      3.87225     50.36276      0.00000      0.00000
      3.88225     45.46966      0.00000      0.00000
      3.89225     42.42336      0.00000      0.00000
      3.90225     41.73011      0.00000      0.00000
      3.91225     43.58897      0.00000      0.00000
      3.92225     44.59929      0.00000      0.00000
      3.93225     44.59751      0.00000      0.00000
      3.94225     41.61034      0.00000      0.00000
      3.95225     39.08007      0.00000      0.00000
      3.96225     41.89859      0.00000      0.00000
      3.97225     45.37492      0.00000      0.00000
      3.98225     44.47244      0.00000      0.00000
      3.99225     39.45768      0.00000      0.00000
      4.00225     35.18566      0.00000      0.00000
      4.01225     35.58831      0.00000      0.00000
      4.02225     36.36175      0.00000      0.00000
      4.03225     36.06782      0.00000      0.00000
      4.04225     36.99701      0.00000      0.00000
      4.05225     37.13866      0.00000      0.00000
      4.06225     37.24862      0.00000      0.00000
      4.07225     36.21481      0.00000      0.00000
      4.08225     34.65478      0.00000      0.00000
      4.09225     34.83750      0.00000      0.00000
      4.10225     35.54254      0.00000      0.00000
      4.11225     34.93100      0.00000      0.00000
      4.12225     34.90501      0.00000      0.00000
      4.13225     37.29646      0.00000      0.00000
      4.14225     39.12814      0.00000      0.00000
      4.15225     37.43781      0.00000      0.00000
      4.16225     35.08938      0.00000      0.00000
      4.17225     36.48743      0.00000      0.00000
      4.18225     36.83546      0.00000      0.00000
      4.19225     35.58886      0.00000      0.00000
      4.20225     35.47074      0.00000      0.00000
      4.21225     35.56596      0.00000      0.00000
      4.22225     34.37139      0.00000      0.00000
      4.23225     33.10041      0.00000      0.00000
      4.24225     34.96363      0.00000      0.00000
      4.25225     37.92452      0.00000      0.00000
      4.26225     39.34057      0.00000      0.00000
      4.27225     40.16724      0.00000      0.00000
      4.28225     40.97703      0.00000      0.00000
