Energy-E_F (eV)    DOS (1/eV)    PDOS (1/eV)  of atom type Bi Te 
     -4.99000     13.19329      4.67331      8.51998
     -4.98000     14.45773      5.11391      9.34381
     -4.97000     14.21750      5.04530      9.17221
     -4.96000     12.17677      4.33970      7.83707
     -4.95000     11.60687      4.12809      7.47877
     -4.94000     13.38187      4.74780      8.63407
     -4.93000     14.97508      5.32112      9.65396
     -4.92000     14.18337      5.04501      9.13836
     -4.91000     12.69590      4.50961      8.18630
     -4.90000     13.52979      4.81615      8.71364
     -4.89000     15.20694      5.45266      9.75428
     -4.88000     15.52455      5.59354      9.93100
     -4.87000     15.59581      5.60622      9.98959
     -4.86000     15.28351      5.47830      9.80521
     -4.85000     14.50931      5.16522      9.34409
     -4.84000     15.37495      5.40505      9.96990
     -4.83000     17.68275      6.20313     11.47962
     -4.82000     19.70695      6.95563     12.75132
     -4.81000     19.62160      6.94229     12.67931
     -4.80000     18.34851      6.47225     11.87626
     -4.79000     18.53452      6.51773     12.01679
     -4.78000     19.64513      6.91394     12.73119
     -4.77000     20.52518      7.21397     13.31121
     -4.76000     21.82922      7.66452     14.16470
     -4.75000     24.18364      8.50668     15.67696
     -4.74000     25.25962      8.86544     16.39418
     -4.73000     23.33141      8.12228     15.20913
     -4.72000     20.43028      7.04262     13.38766
     -4.71000     19.33413      6.62959     12.70454
     -4.70000     20.73880      7.10237     13.63643
     -4.69000     22.31134      7.65592     14.65541
     -4.68000     22.62655      7.76949     14.85706
     -4.67000     21.64667      7.41267     14.23400
     -4.66000     19.83209      6.78002     13.05207
     -4.65000     19.54486      6.66145     12.88341
     -4.64000     22.05231      7.53049     14.52182
     -4.63000     21.98727      7.50128     14.48599
     -4.62000     17.98312      6.08634     11.89678
     -4.61000     15.70715      5.31963     10.38752
     -4.60000     16.70072      5.70777     10.99295
     -4.59000     18.88207      6.49475     12.38732
     -4.58000     21.24686      7.31527     13.93158
     -4.57000     23.83885      8.22404     15.61480
     -4.56000     25.78499      8.89132     16.89367
     -4.55000     24.41696      8.36563     16.05133
     -4.54000     22.03975      7.55265     14.48710
     -4.53000     20.31150      7.00836     13.30314
     -4.52000     21.01408      7.29060     13.72347
     -4.51000     23.77573      8.32584     15.44989
     -4.50000     26.88103      9.44133     17.43971
     -4.49000     30.82267     10.77016     20.05251
     -4.48000     33.71461     11.78037     21.93424
     -4.47000     32.45825     11.38108     21.07717
     -4.46000     28.83942     10.08799     18.75142
     -4.45000     27.67781      9.59367     18.08414
     -4.44000     29.47147     10.19319     19.27828
     -4.43000     31.34167     10.83273     20.50894
     -4.42000     31.77205     10.92977     20.84229
     -4.41000     29.35210     10.08492     19.26718
     -4.40000     27.00011      9.26193     17.73818
     -4.39000     24.45569      8.34090     16.11478
     -4.38000     21.72341      7.38981     14.33360
     -4.37000     22.89753      7.82156     15.07597
     -4.36000     25.67799      8.80060     16.87739
     -4.35000     24.87848      8.51297     16.36551
     -4.34000     23.15984      7.93474     15.22510
     -4.33000     23.91769      8.17840     15.73928
     -4.32000     25.79464      8.74379     17.05086
     -4.31000     28.04515      9.46854     18.57660
     -4.30000     32.60818     11.03372     21.57446
     -4.29000     36.93853     12.57354     24.36499
     -4.28000     36.59497     12.54903     24.04594
     -4.27000     35.61282     12.28462     23.32819
     -4.26000     34.93436     12.02870     22.90567
     -4.25000     33.23136     11.36470     21.86666
     -4.24000     32.90781     11.20107     21.70673
     -4.23000     34.28787     11.68984     22.59804
     -4.22000     35.12238     12.03019     23.09218
     -4.21000     32.91603     11.28899     21.62705
     -4.20000     28.48715      9.76999     18.71716
     -4.19000     24.87961      8.52613     16.35348
     -4.18000     24.61213      8.43624     16.17589
     -4.17000     27.32181      9.37634     17.94547
     -4.16000     28.55223      9.75738     18.79485
     -4.15000     28.25081      9.59189     18.65892
     -4.14000     28.14419      9.55059     18.59361
     -4.13000     26.43738      9.02502     17.41236
     -4.12000     25.91395      8.93649     16.97746
     -4.11000     28.40494      9.88610     18.51883
     -4.10000     30.48985     10.57502     19.91484
     -4.09000     31.04805     10.69621     20.35183
     -4.08000     30.74593     10.56233     20.18360
     -4.07000     30.26415     10.39397     19.87018
     -4.06000     30.30570     10.42042     19.88528
     -4.05000     30.50634     10.46354     20.04279
     -4.04000     29.52023     10.09794     19.42228
     -4.03000     28.75624      9.84887     18.90737
     -4.02000     28.72141      9.86923     18.85219
     -4.01000     28.50265      9.80561     18.69704
     -4.00000     28.26938      9.73265     18.53674
     -3.99000     28.82028      9.95609     18.86418
     -3.98000     31.47601     10.88246     20.59355
     -3.97000     34.00786     11.73535     22.27251
     -3.96000     33.83354     11.63904     22.19450
     -3.95000     31.34277     10.76637     20.57639
     -3.94000     29.67756     10.23740     19.44016
     -3.93000     31.71243     11.00016     20.71228
     -3.92000     34.52252     11.99168     22.53085
     -3.91000     34.39611     11.93854     22.45757
     -3.90000     32.54090     11.25957     21.28133
     -3.89000     31.66042     10.91075     20.74967
     -3.88000     33.25984     11.47253     21.78731
     -3.87000     36.94352     12.83558     24.10794
     -3.86000     39.27240     13.71561     25.55678
     -3.85000     38.55047     13.45183     25.09864
     -3.84000     36.60739     12.75169     23.85570
     -3.83000     36.41318     12.70969     23.70349
     -3.82000     39.17063     13.71327     25.45736
     -3.81000     41.34783     14.50874     26.83909
     -3.80000     39.38083     13.78392     25.59692
     -3.79000     37.11834     12.91503     24.20331
     -3.78000     36.90482     12.78176     24.12307
     -3.77000     36.43829     12.58420     23.85409
     -3.76000     35.17321     12.14363     23.02958
     -3.75000     33.97625     11.73345     22.24280
     -3.74000     31.89759     11.02471     20.87287
     -3.73000     31.93569     11.07116     20.86453
     -3.72000     34.33314     11.91450     22.41864
     -3.71000     34.31268     11.86103     22.45166
     -3.70000     33.71342     11.58978     22.12364
     -3.69000     35.10342     12.05677     23.04665
     -3.68000     36.69097     12.64237     24.04860
     -3.67000     35.45833     12.22347     23.23486
     -3.66000     32.34875     11.12120     21.22755
     -3.65000     32.17106     11.06468     21.10638
     -3.64000     33.62528     11.56840     22.05688
     -3.63000     32.95521     11.29395     21.66126
     -3.62000     31.49562     10.78382     20.71179
     -3.61000     31.56314     10.80503     20.75811
     -3.60000     33.16691     11.31698     21.84993
     -3.59000     33.54509     11.42293     22.12216
     -3.58000     34.20012     11.62666     22.57346
     -3.57000     36.05474     12.24308     23.81166
     -3.56000     36.86449     12.51181     24.35268
     -3.55000     37.67273     12.80761     24.86512
     -3.54000     39.62755     13.50196     26.12559
     -3.53000     38.44980     13.08764     25.36216
     -3.52000     35.08662     11.88791     23.19871
     -3.51000     34.62684     11.68084     22.94600
     -3.50000     35.41547     11.92109     23.49438
     -3.49000     33.55887     11.30977     22.24909
     -3.48000     31.80254     10.73387     21.06869
     -3.47000     32.38228     10.81287     21.57029
     -3.46000     34.77565     11.26182     23.52867
     -3.45000     40.21878     11.93772     28.38492
     -3.44000     47.19783     12.23898     35.27985
     -3.43000     47.85049     11.63696     36.71975
     -3.42000     44.53238     11.55740     33.50553
     -3.41000     44.20525     12.64567     32.06089
     -3.40000     44.40927     13.51615     31.34414
     -3.39000     41.77857     13.44253     28.61481
     -3.38000     39.70708     13.52301     26.27610
     -3.37000     39.71835     13.87220     25.86083
     -3.36000     40.44453     14.09851     26.34707
     -3.35000     40.11445     13.92728     26.18720
     -3.34000     38.09076     13.28233     24.80843
     -3.33000     37.35719     13.05997     24.29722
     -3.32000     38.48791     13.47680     25.01111
     -3.31000     38.31856     13.56682     24.75174
     -3.30000     37.35955     13.28230     24.07725
     -3.29000     37.48756     13.16391     24.32364
     -3.28000     38.56830     13.44284     25.12546
     -3.27000     39.93248     13.94857     25.98391
     -3.26000     40.18253     14.06307     26.11946
     -3.25000     38.58233     13.45044     25.13190
     -3.24000     36.86965     12.76707     24.10257
     -3.23000     34.94321     12.02309     22.92011
     -3.22000     32.76765     11.20672     21.56093
     -3.21000     33.16299     11.26046     21.90253
     -3.20000     35.12501     11.89853     23.22648
     -3.19000     33.91167     11.54443     22.36724
     -3.18000     31.42133     10.82447     20.59687
     -3.17000     31.84920     11.08090     20.76830
     -3.16000     31.75150     10.97429     20.77720
     -3.15000     28.86419      9.79456     19.06963
     -3.14000     28.35133      9.54939     18.80194
     -3.13000     31.14317     10.54820     20.59497
     -3.12000     31.76616     10.83276     20.93339
     -3.11000     31.35402     10.75372     20.60030
     -3.10000     32.59443     11.24173     21.35270
     -3.09000     32.98203     11.43746     21.54458
     -3.08000     31.66024     10.92195     20.73829
     -3.07000     31.37619     10.77018     20.60601
     -3.06000     32.94210     11.54458     21.39751
     -3.05000     34.29352     12.37410     21.91942
     -3.04000     35.15699     12.85696     22.30003
     -3.03000     34.62907     12.69714     21.93193
     -3.02000     33.06648     12.03902     21.02746
     -3.01000     33.69457     12.08577     21.60880
     -3.00000     35.20477     12.55152     22.65325
     -2.99000     32.67485     11.67077     21.00408
     -2.98000     29.86565     10.60210     19.26354
     -2.97000     30.54347     10.63000     19.91347
     -2.96000     31.84066     10.92937     20.91130
     -2.95000     33.11941     11.36862     21.75078
     -2.94000     34.96371     12.09964     22.86407
     -2.93000     33.88640     11.82636     22.06004
     -2.92000     30.72611     10.70795     20.01816
     -2.91000     29.41382     10.27870     19.13512
     -2.90000     28.44386      9.98205     18.46181
     -2.89000     27.70973      9.53610     18.17363
     -2.88000     29.88232     10.14346     19.73886
     -2.87000     32.21622     10.95675     21.25947
     -2.86000     31.76996     10.74116     21.02880
     -2.85000     29.90941     10.00436     19.90504
     -2.84000     28.88560      9.64275     19.24285
     -2.83000     28.12294      9.37883     18.74412
     -2.82000     28.06590      9.26955     18.79635
     -2.81000     28.52325      9.27220     19.25105
     -2.80000     30.34679      9.84633     20.50046
     -2.79000     34.48663     11.16588     23.32076
     -2.78000     37.56578     11.90119     25.66459
     -2.77000     36.59473     11.36656     25.22818
     -2.76000     33.25763     10.30342     22.95422
     -2.75000     30.06891      9.37675     20.69216
     -2.74000     31.08147      9.92346     21.15800
     -2.73000     34.57628     11.20280     23.37348
     -2.72000     33.66560     10.85158     22.81403
     -2.71000     28.63848      9.12809     19.51038
     -2.70000     24.89304      7.87724     17.01580
     -2.69000     23.75017      7.55814     16.19203
     -2.68000     24.38742      7.82422     16.56320
     -2.67000     25.20836      7.92365     17.28471
     -2.66000     25.51264      7.82222     17.69041
     -2.65000     26.79250      8.27362     18.51888
     -2.64000     27.77379      8.70458     19.06921
     -2.63000     27.77267      8.81914     18.95353
     -2.62000     26.60906      8.55035     18.05871
     -2.61000     24.05296      7.75015     16.30282
     -2.60000     25.07014      7.93721     17.13293
     -2.59000     27.90905      8.73392     19.17513
     -2.58000     28.35644      9.03220     19.32425
     -2.57000     27.23831      8.87517     18.36314
     -2.56000     27.61860      8.97813     18.64047
     -2.55000     28.41488      9.08742     19.32746
     -2.54000     28.03173      8.87813     19.15360
     -2.53000     28.41962      9.00036     19.41926
     -2.52000     28.53777      9.05944     19.47833
     -2.51000     29.24158      9.29751     19.94407
     -2.50000     30.09391      9.58092     20.51299
     -2.49000     27.48214      8.72174     18.76040
     -2.48000     23.89925      7.52995     16.36930
     -2.47000     23.50847      7.38778     16.12069
     -2.46000     24.19890      7.56029     16.63861
     -2.45000     23.10872      7.15888     15.94985
     -2.44000     21.24654      6.51656     14.72998
     -2.43000     21.60239      6.56161     15.04078
     -2.42000     24.56407      7.47229     17.09179
     -2.41000     27.94206      8.35804     19.58402
     -2.40000     30.28249      8.68752     21.59498
     -2.39000     31.64410      8.71925     22.92485
     -2.38000     33.19033      8.99510     24.19523
     -2.37000     35.45780      9.65571     25.80209
     -2.36000     36.34690      9.93588     26.41102
     -2.35000     34.59630      9.58131     25.01499
     -2.34000     31.99806      8.95944     23.03862
     -2.33000     29.25380      8.15186     21.10194
     -2.32000     27.15672      7.54273     19.61399
     -2.31000     26.32052      7.39731     18.92321
     -2.30000     26.84628      7.66615     19.18013
     -2.29000     28.92068      8.22639     20.69429
     -2.28000     33.14728      9.20524     23.94204
     -2.27000     37.31288     10.08056     27.23231
     -2.26000     36.77254      9.75904     27.01350
     -2.25000     34.73819      9.21641     25.52178
     -2.24000     35.18478      9.47127     25.71351
     -2.23000     34.43440      9.48221     24.95219
     -2.22000     31.94139      9.00191     22.93948
     -2.21000     30.93829      8.76380     22.17449
     -2.20000     31.22361      8.75143     22.47218
     -2.19000     31.52105      8.79692     22.72413
     -2.18000     30.96313      8.69891     22.26421
     -2.17000     29.36638      8.25926     21.10713
     -2.16000     29.21845      8.17389     21.04455
     -2.15000     30.95698      8.60522     22.35176
     -2.14000     31.57338      8.71743     22.85595
     -2.13000     29.76059      8.20045     21.56013
     -2.12000     28.46608      7.84113     20.62495
     -2.11000     28.02761      7.64964     20.37797
     -2.10000     26.99023      7.34424     19.64599
     -2.09000     27.42181      7.49764     19.92417
     -2.08000     27.76787      7.60107     20.16680
     -2.07000     26.45410      7.13158     19.32252
     -2.06000     26.98272      7.04442     19.93829
     -2.05000     29.00903      7.50182     21.50721
     -2.04000     30.91316      8.13315     22.78001
     -2.03000     31.12308      8.31594     22.80714
     -2.02000     29.99141      8.05106     21.94035
     -2.01000     28.58938      7.64436     20.94502
     -2.00000     28.22642      7.44615     20.78027
     -1.99000     30.03250      7.79234     22.24016
     -1.98000     31.83078      8.15359     23.67719
     -1.97000     31.35688      7.98779     23.36909
     -1.96000     29.20935      7.48341     21.72593
     -1.95000     28.43932      7.35874     21.08058
     -1.94000     30.05194      7.74213     22.30981
     -1.93000     33.36103      8.54653     24.81450
     -1.92000     35.53417      9.10997     26.42421
     -1.91000     34.69074      8.77628     25.91446
     -1.90000     34.53137      8.48588     26.04549
     -1.89000     34.36043      8.26326     26.09716
     -1.88000     33.27896      7.93235     25.34661
     -1.87000     33.58523      7.86479     25.72045
     -1.86000     37.85299      8.81312     29.03987
     -1.85000     40.55010      9.61659     30.93351
     -1.84000     40.23633      9.66112     30.57521
     -1.83000     39.85038      9.50647     30.34391
     -1.82000     39.61248      9.41726     30.19522
     -1.81000     39.69676      9.51025     30.18651
     -1.80000     40.06812      9.64746     30.42066
     -1.79000     40.43088      9.77987     30.65102
     -1.78000     40.03921      9.80845     30.23077
     -1.77000     37.85593      9.39200     28.46393
     -1.76000     35.11819      8.68854     26.42965
     -1.75000     34.16040      8.32054     25.83985
     -1.74000     34.17278      8.27979     25.89299
     -1.73000     32.92266      7.97817     24.94449
     -1.72000     33.33695      7.97012     25.36682
     -1.71000     36.24258      8.52503     27.71755
     -1.70000     36.71527      8.58538     28.12989
     -1.69000     34.38520      8.09730     26.28791
     -1.68000     34.89795      8.39333     26.50463
     -1.67000     39.92081      9.79250     30.12830
     -1.66000     42.84648     10.52973     32.31675
     -1.65000     39.21064      9.56871     29.64193
     -1.64000     35.31417      8.51647     26.79770
     -1.63000     35.46559      8.37861     27.08698
     -1.62000     36.22882      8.35618     27.87264
     -1.61000     36.39953      8.28758     28.11195
     -1.60000     36.32974      8.34418     27.98555
     -1.59000     35.46008      8.22136     27.23872
     -1.58000     34.84347      8.10032     26.74315
     -1.57000     33.44193      7.90013     25.54180
     -1.56000     31.78270      7.63839     24.14431
     -1.55000     33.83276      8.21585     25.61691
     -1.54000     37.18987      9.15097     28.03890
     -1.53000     37.95998      9.43656     28.52342
     -1.52000     37.31770      9.24914     28.06856
     -1.51000     36.82636      8.96474     27.86162
     -1.50000     37.80380      9.09020     28.71362
     -1.49000     40.08705      9.67633     30.41098
     -1.48000     43.16816     10.41136     32.75869
     -1.47000     45.10064     10.67447     34.43943
     -1.46000     45.97949     10.68324     35.37448
     -1.45000     45.52582     10.46266     35.40395
     -1.44000     41.50025      9.35693     33.04784
     -1.43000     37.36817      8.25030     30.42253
     -1.42000     36.53860      7.97585     29.79805
     -1.41000     38.52512      8.30655     31.37025
     -1.40000     39.47934      8.41819     32.11620
     -1.39000     38.78156      8.36692     31.22513
     -1.38000     39.83440      8.80583     31.64045
     -1.37000     42.14240      9.40775     33.26151
     -1.36000     42.67795      9.77476     33.27294
     -1.35000     41.72954      9.73508     32.19943
     -1.34000     37.39581      8.59210     28.91298
     -1.33000     30.86687      7.05712     23.85025
     -1.32000     28.82820      6.57459     22.26217
     -1.31000     30.21345      6.86729     23.35450
     -1.30000     31.41318      7.36998     24.06586
     -1.29000     32.64130      7.78503     24.88967
     -1.28000     34.54326      8.16132     26.41750
     -1.27000     34.22980      8.10193     26.16650
     -1.26000     32.89729      7.89789     25.05627
     -1.25000     32.61002      7.79438     24.89440
     -1.24000     33.35502      7.98178     25.44218
     -1.23000     35.76166      8.69684     27.12369
     -1.22000     38.00637      9.26398     28.80250
     -1.21000     38.18908      9.24300     29.00950
     -1.20000     36.84102      8.96950     27.92976
     -1.19000     35.84531      8.82909     27.06020
     -1.18000     37.82469      9.39702     28.46192
     -1.17000     40.12967     10.12727     30.03184
     -1.16000     38.03592      9.61122     28.45067
     -1.15000     32.53005      8.15421     24.39730
     -1.14000     27.48946      6.92702     20.58234
     -1.13000     24.11166      6.19274     17.94085
     -1.12000     23.16500      5.97526     17.21059
     -1.11000     22.58635      5.82751     16.76859
     -1.10000     22.39653      5.86015     16.53815
     -1.09000     22.38368      5.78508     16.59872
     -1.08000     23.27024      5.85217     17.41807
     -1.07000     25.69972      6.58608     19.11364
     -1.06000     26.17237      6.89963     19.27273
     -1.05000     24.06442      6.47727     17.58715
     -1.04000     22.08303      6.09845     15.98458
     -1.03000     21.56275      5.99809     15.56466
     -1.02000     21.84403      6.06153     15.78250
     -1.01000     21.46151      6.01690     15.44461
     -1.00000     20.95625      6.00774     14.94850
     -0.99000     20.03546      5.80883     14.22663
     -0.98000     18.12073      5.30506     12.81567
     -0.97000     16.31353      4.83596     11.47757
     -0.96000     15.54977      4.62400     10.92577
     -0.95000     15.93807      4.77249     11.16557
     -0.94000     16.69425      4.95789     11.73636
     -0.93000     15.24006      4.40557     10.83449
     -0.92000     13.08219      3.84099      9.24120
     -0.91000     12.05149      3.58132      8.47017
     -0.90000     12.40937      3.60021      8.80928
     -0.89000     12.73007      3.77791      8.95417
     -0.88000     12.40082      3.72083      8.69385
     -0.87000     11.99614      3.42115      8.61917
     -0.86000     12.12977      3.31158      8.89407
     -0.85000     12.30422      3.26513      9.12039
     -0.84000     12.15641      3.23354      8.98618
     -0.83000     11.99434      3.16397      8.87393
     -0.82000     11.54497      2.88587      8.68981
     -0.81000     10.60276      2.54997      8.06760
     -0.80000      9.96276      2.48498      7.48106
     -0.79000      9.79782      2.59749      7.20063
     -0.78000      9.15101      2.46561      6.68541
     -0.77000      8.50503      2.29805      6.20698
     -0.76000      9.54783      2.81702      6.73081
     -0.75000     11.80313      3.72863      8.07450
     -0.74000     12.54117      3.84942      8.69175
     -0.73000     10.79978      3.17143      7.62835
     -0.72000      8.71357      2.51601      6.19756
     -0.71000      7.82715      2.17880      5.64835
     -0.70000      7.42293      2.00933      5.41360
     -0.69000      7.14063      1.89052      5.25011
     -0.68000      6.98934      1.90151      5.08783
     -0.67000      6.59559      1.92511      4.67048
     -0.66000      6.21107      1.73755      4.47352
     -0.65000      5.80597      1.47058      4.33538
     -0.64000      5.40009      1.34084      4.05924
     -0.63000      5.36417      1.25875      4.10542
     -0.62000      5.05787      1.24354      3.81432
     -0.61000      4.83841      1.27183      3.56659
     -0.60000      5.43049      1.46502      3.96557
     -0.59000      6.11579      1.77446      4.34176
     -0.58000      5.74860      1.66629      4.08304
     -0.57000      5.34095      1.64731      3.69409
     -0.56000      6.06946      2.19253      3.87704
     -0.55000      6.97962      2.90226      4.07742
     -0.54000      7.88532      3.38794      4.49775
     -0.53000      8.63261      3.35739      5.27600
     -0.52000      9.45089      3.34928      6.10223
     -0.51000     11.11033      3.80025      7.31026
     -0.50000     12.58502      4.41665      8.16839
     -0.49000     13.51797      4.96763      8.55034
     -0.48000     13.03485      4.99972      8.03513
     -0.47000     12.59174      5.20953      7.38221
     -0.46000     13.00165      5.83033      7.17132
     -0.45000     13.10881      5.94371      7.16516
     -0.44000     12.54623      5.80190      6.74514
     -0.43000     12.66539      5.97299      6.69755
     -0.42000     13.78137      6.15537      7.63841
     -0.41000     13.82038      6.26413      7.56893
     -0.40000     13.47650      6.54138      6.95083
     -0.39000     12.92561      6.57285      6.39381
     -0.38000     11.73770      6.31471      5.49202
     -0.37000     11.00588      6.16516      4.94060
     -0.36000     10.79098      6.27426      4.67783
     -0.35000     11.66335      6.97993      4.96446
     -0.34000     13.08047      8.34912      5.26427
     -0.33000     13.23864      9.17942      4.82959
     -0.32000     12.33736      8.88614      4.26826
     -0.31000     11.94215      8.54922      4.18577
     -0.30000     12.63439      9.14659      4.33342
     -0.29000     12.74213      9.20274      4.31892
     -0.28000     12.60143      8.79635      4.43835
     -0.27000     12.31575      8.43964      4.43416
     -0.26000     11.16781      7.76273      3.86263
     -0.25000     10.94172      7.65753      3.71258
     -0.24000     11.20573      7.61002      4.08540
     -0.23000     11.57985      7.80970      4.30442
     -0.22000     11.42024      7.74244      4.20942
     -0.21000      9.66661      6.52143      3.63646
     -0.20000      9.10456      6.24723      3.38770
     -0.19000     10.20058      7.04872      3.70044
     -0.18000     10.44797      7.05091      3.88632
     -0.17000     10.25553      6.97405      3.84593
     -0.16000     10.27687      7.20972      3.71094
     -0.15000      9.85849      6.91123      3.47321
     -0.14000      9.22185      6.43393      3.24401
     -0.13000      8.60921      5.98738      3.13412
     -0.12000      8.30916      5.65490      3.18272
     -0.11000      9.62219      6.53419      3.68264
     -0.10000      9.75378      6.60532      3.73101
     -0.09000      7.96024      5.27463      3.14525
     -0.08000      7.77401      5.17993      3.04356
     -0.07000      9.71553      6.24814      3.92463
     -0.06000     11.73674      7.11968      5.00405
     -0.05000     11.92862      7.30215      5.05959
     -0.04000     10.49446      6.76888      4.30906
     -0.03000      9.10403      5.74013      3.91444
     -0.02000      7.77402      4.28298      3.81154
     -0.01000      7.85287      4.03614      4.09097
      0.00000      9.00049      4.76421      4.56540
      0.01000      8.81038      4.53188      4.53626
      0.02000      7.95072      4.20794      4.06460
      0.03000      7.91422      4.65191      3.76091
      0.04000      7.63591      4.57982      3.48541
      0.05000      7.18691      3.99160      3.38642
      0.06000      7.66475      4.11681      3.71441
      0.07000      7.57067      4.15311      3.69083
      0.08000      6.74186      3.61930      3.35675
      0.09000      6.94230      3.59095      3.50387
      0.10000      8.72945      4.47776      4.42097
      0.11000     10.36199      5.56786      5.05411
      0.12000     10.92816      6.04331      5.20386
      0.13000     11.79306      6.37861      5.64043
      0.14000     11.96239      6.50441      5.56786
      0.15000     11.28397      6.40747      4.96869
      0.16000     11.19379      6.85374      4.49098
      0.17000     11.97731      7.42774      4.69101
      0.18000     13.22093      8.11226      5.18957
      0.19000     14.53274      9.34383      5.25360
      0.20000     13.78975      9.10748      4.73518
      0.21000     11.14571      7.23105      3.93671
      0.22000     11.12786      7.04979      4.08686
      0.23000     12.13096      7.84016      4.30684
      0.24000     12.74206      8.58216      4.19518
      0.25000     14.97204     10.05799      4.98671
      0.26000     17.21962     11.35062      5.99011
      0.27000     17.13756     11.39352      5.86546
      0.28000     15.03953      9.97463      5.12446
      0.29000     12.80368      8.02068      4.80065
      0.30000     12.83793      7.38140      5.46933
      0.31000     15.50316      8.54222      6.97367
      0.32000     19.99107     10.85369      9.14608
      0.33000     22.87215     12.37351     10.50659
      0.34000     22.63885     12.37966     10.26907
      0.35000     22.58294     12.67377      9.92228
      0.36000     25.04105     14.16162     10.91965
      0.37000     28.07388     15.74152     12.41725
      0.38000     30.23714     17.10396     13.21570
      0.39000     29.83033     17.07494     12.79356
      0.40000     28.22453     16.37276     11.86278
      0.41000     28.45704     16.69844     11.76472
      0.42000     29.53578     17.27163     12.27450
      0.43000     30.56835     17.90602     12.67286
      0.44000     30.17612     17.82378     12.35785
      0.45000     28.92164     17.12022     11.80563
      0.46000     30.46010     18.03138     12.43977
      0.47000     34.02811     20.07864     13.98477
      0.48000     36.22169     21.02774     15.24931
      0.49000     36.35614     20.92467     15.48710
      0.50000     35.84538     20.67529     15.22614
      0.51000     35.07160     20.22301     14.90234
      0.52000     32.86941     19.01040     13.90216
      0.53000     30.65395     17.65477     13.01738
      0.54000     30.88921     17.56667     13.32678
      0.55000     30.77796     17.40398     13.37700
      0.56000     32.27771     18.25072     14.02931
      0.57000     37.66942     21.28009     16.39002
      0.58000     41.47671     23.49614     17.98065
      0.59000     42.41277     24.15365     18.25912
      0.60000     42.21642     24.05381     18.16261
      0.61000     41.07572     23.27307     17.80266
      0.62000     38.34753     21.67435     16.67318
      0.63000     35.13851     19.87387     15.26464
      0.64000     36.93198     20.90939     16.02260
      0.65000     40.83712     23.15696     17.68016
      0.66000     40.91238     23.18500     17.72739
      0.67000     38.12343     21.59063     16.53280
      0.68000     35.29297     19.81748     15.47549
      0.69000     37.08420     20.51093     16.57327
      0.70000     42.43071     23.37731     19.05340
      0.71000     47.13774     25.90177     21.23597
      0.72000     47.99008     26.35184     21.63824
      0.73000     43.69360     24.19682     19.49678
      0.74000     37.80560     21.10013     16.70547
      0.75000     33.95104     18.87053     15.08051
      0.76000     34.07365     18.80605     15.26760
      0.77000     39.02495     21.46767     17.55729
      0.78000     43.96824     24.11055     19.85770
      0.79000     43.64306     23.97761     19.66555
      0.80000     39.89988     22.06581     17.83569
      0.81000     37.35284     20.67204     16.69096
      0.82000     37.78753     20.86848     16.94413
      0.83000     38.42825     21.21394     17.23992
      0.84000     39.15811     21.56538     17.60400
      0.85000     40.50730     22.22174     18.28770
      0.86000     40.70206     22.03036     18.67187
      0.87000     39.12239     20.71675     18.40564
      0.88000     36.45290     19.13244     17.32046
      0.89000     33.19057     17.60690     15.58367
      0.90000     29.07781     15.58316     13.49465
      0.91000     25.87186     13.84034     12.03152
      0.92000     23.95045     12.81799     11.13246
      0.93000     23.89779     12.77229     11.12551
      0.94000     27.56278     14.59983     12.96294
      0.95000     31.79318     16.88197     14.91121
      0.96000     31.81960     16.98729     14.83231
      0.97000     30.53520     16.12753     14.40767
      0.98000     30.84269     16.06977     14.77292
      0.99000     28.40352     14.79272     13.61080
      1.00000     28.06602     14.71666     13.34936
      1.01000     32.42693     16.97300     15.45393
      1.02000     36.30458     18.81316     17.49142
      1.03000     38.31062     19.66665     18.64397
      1.04000     38.64854     19.66362     18.98492
      1.05000     39.39314     19.86442     19.52872
      1.06000     41.18470     20.61795     20.56675
      1.07000     41.34473     20.81771     20.52702
      1.08000     38.84537     19.83041     19.01496
      1.09000     37.95620     19.39721     18.55899
      1.10000     38.79954     19.67658     19.12296
      1.11000     37.96779     19.07089     18.89691
      1.12000     36.12090     18.05567     18.06522
      1.13000     34.67748     17.29959     17.37789
      1.14000     34.82118     17.41138     17.40981
      1.15000     35.36581     17.85714     17.50867
      1.16000     35.84827     18.22081     17.62747
      1.17000     37.84938     19.20635     18.64303
      1.18000     40.99107     20.51875     20.47232
      1.19000     44.25603     21.65765     22.59838
      1.20000     44.47477     21.49391     22.98086
      1.21000     39.97033     19.48391     20.48656
      1.22000     33.95626     17.06506     16.89268
      1.23000     31.47442     16.38146     15.09859
      1.24000     31.52395     16.75236     14.77944
      1.25000     31.23663     16.59753     14.64313
      1.26000     28.55495     15.08305     13.47266
      1.27000     25.60264     13.54400     12.05870
      1.28000     25.27221     13.37779     11.89442
      1.29000     26.65994     14.07571     12.58423
      1.30000     27.33448     14.50299     12.83149
      1.31000     26.35293     14.12025     12.23267
      1.32000     24.09064     12.91955     11.17109
      1.33000     22.17208     11.87782     10.29426
      1.34000     23.16452     12.39536     10.76916
      1.35000     24.30822     12.96686     11.34136
      1.36000     22.45922     11.98351     10.47570
      1.37000     21.22997     11.27720      9.95277
      1.38000     22.30402     11.70750     10.59651
      1.39000     23.34638     12.18111     11.16527
      1.40000     23.65258     12.42491     11.22767
      1.41000     22.58480     11.82217     10.76262
      1.42000     20.92131     10.71061     10.21070
      1.43000     21.06560     10.63963     10.42597
      1.44000     22.88386     11.53486     11.34901
      1.45000     25.04745     12.58870     12.45901
      1.46000     25.56645     12.84642     12.72225
      1.47000     23.82088     12.01701     11.81065
      1.48000     22.98687     11.70566     11.28896
      1.49000     24.62701     12.63860     11.99303
      1.50000     26.68872     13.56049     13.13538
      1.51000     28.51387     14.26648     14.25860
      1.52000     31.59755     15.67460     15.92986
      1.53000     35.49152     17.43877     18.05433
      1.54000     35.96101     17.64722     18.31392
      1.55000     34.69026     17.12036     17.56991
      1.56000     35.28166     17.34859     17.93308
      1.57000     35.31171     17.20495     18.10676
      1.58000     30.53673     14.84396     15.69276
      1.59000     25.27115     12.27376     12.99739
      1.60000     24.30723     11.80173     12.50550
      1.61000     24.44743     11.93120     12.51623
      1.62000     23.63871     11.56248     12.07624
      1.63000     23.46004     11.59622     11.86382
      1.64000     22.50461     11.22263     11.28199
      1.65000     20.14920      9.99451     10.15469
      1.66000     19.59406      9.63791      9.95616
      1.67000     20.66776     10.14527     10.52249
      1.68000     20.98464     10.45524     10.52939
      1.69000     20.75621     10.45178     10.30443
      1.70000     20.93174     10.59781     10.33393
      1.71000     21.44785     11.02245     10.42541
      1.72000     21.25972     11.11366     10.14622
      1.73000     20.41549     10.72034      9.69702
      1.74000     20.01000     10.45507      9.56306
      1.75000     22.96541     11.96888     11.00965
      1.76000     25.90572     13.41882     12.49479
      1.77000     27.82083     14.41971     13.40289
      1.78000     28.30925     14.76576     13.54364
      1.79000     23.99049     12.40541     11.58508
      1.80000     21.24122     10.64650     10.59472
      1.81000     23.50116     11.52167     11.97949
      1.82000     23.15009     11.40458     11.74557
      1.83000     20.52292     10.40491     10.11955
      1.84000     20.24827     10.50305      9.75969
      1.85000     21.15845     11.08069     10.13160
      1.86000     22.20246     11.70280     10.58795
      1.87000     21.06776     11.08115     10.06122
      1.88000     19.22904      9.93223      9.33825
      1.89000     19.69927     10.02619      9.70214
      1.90000     19.41104      9.92073      9.50866
      1.91000     19.55779     10.10194      9.46091
      1.92000     20.48931     10.51848      9.97175
      1.93000     20.07262     10.05948     10.01684
      1.94000     19.98134     10.09620      9.89764
      1.95000     21.30423     11.07425     10.24559
      1.96000     22.74698     11.86936     10.88477
      1.97000     24.41520     12.58660     11.82982
      1.98000     25.46500     12.94110     12.52398
      1.99000     25.23364     12.74899     12.48489
      2.00000     28.02163     13.97565     14.04866
      2.01000     33.44600     16.20070     17.25657
      2.02000     33.37281     15.95659     17.43369
      2.03000     25.84235     12.64390     13.20839
      2.04000     20.54898     10.50126     10.04981
      2.05000     20.27217     10.73606      9.53628
      2.06000     20.89931     11.24094      9.65838
      2.07000     21.49776     11.59113      9.90680
      2.08000     21.57641     11.50783     10.07300
      2.09000     21.04488     10.98307     10.10491
      2.10000     21.90946     11.11537     10.96142
      2.11000     25.40925     12.67608     13.00859
      2.12000     28.55756     14.30980     14.48412
      2.13000     27.57512     13.96735     13.78118
      2.14000     25.03717     12.85144     12.37002
      2.15000     26.64244     13.82865     13.07232
      2.16000     30.34325     15.82693     14.77756
      2.17000     30.95906     16.08230     15.07683
      2.18000     30.54907     15.81505     14.90674
      2.19000     28.80502     14.84385     14.26789
      2.20000     26.74340     13.66128     13.56028
      2.21000     26.98712     14.00391     13.32119
      2.22000     26.87426     14.24490     12.75823
      2.23000     27.27797     14.56379     12.79356
      2.24000     30.22852     16.03162     14.34438
      2.25000     31.50053     16.82307     14.83780
      2.26000     30.42215     16.51529     13.97601
      2.27000     30.47804     16.36733     14.13034
      2.28000     31.79300     16.83620     15.01288
      2.29000     34.09217     17.97499     16.25951
      2.30000     37.04308     19.39166     17.79434
      2.31000     38.58265     20.05246     18.58921
      2.32000     36.87494     19.22520     17.67378
      2.33000     33.02101     17.16898     15.91261
      2.34000     29.34846     15.00124     14.51191
      2.35000     27.84299     14.13923     13.98224
      2.36000     27.38419     14.23191     13.39491
      2.37000     27.31873     14.56646     12.87616
      2.38000     26.86203     14.39098     12.52923
      2.39000     25.61555     13.75554     11.88221
      2.40000     23.61319     12.53712     11.11701
      2.41000     23.16160     11.72589     11.68475
      2.42000     25.54788     12.00049     14.33993
      2.43000     27.03776     12.14802     16.15287
      2.44000     26.44791     12.08548     15.48503
      2.45000     26.89307     12.62689     15.01283
      2.46000     26.73590     12.79250     14.38784
      2.47000     25.09159     12.32760     12.97071
      2.48000     25.84063     12.99412     12.96756
      2.49000     28.39119     14.69078     13.78692
      2.50000     29.25294     15.23374     14.05118
      2.51000     27.95800     14.17332     13.81467
      2.52000     26.17385     12.89694     13.38608
      2.53000     25.05804     12.31021     12.92924
      2.54000     25.55820     12.77097     12.95674
      2.55000     27.79304     13.91482     14.04727
      2.56000     29.05520     14.75276     14.44691
      2.57000     28.48612     14.91811     13.64036
      2.58000     28.75588     15.23339     13.57239
      2.59000     28.74295     14.97593     13.88967
      2.60000     26.12355     13.35360     12.95569
      2.61000     23.67043     12.16852     11.67570
      2.62000     22.76989     11.87507     11.03263
      2.63000     23.27423     12.17109     11.20642
      2.64000     27.20051     14.23856     13.05304
      2.65000     30.94810     16.21328     14.82292
      2.66000     30.80805     15.78845     15.10923
      2.67000     30.11779     14.94939     15.23692
      2.68000     33.80231     16.66140     17.17820
      2.69000     35.69593     17.29536     18.42803
      2.70000     30.26798     14.35729     15.92710
      2.71000     24.16690     11.48095     12.69025
      2.72000     25.11624     12.16505     12.95190
      2.73000     29.55371     14.67963     14.87428
      2.74000     30.48436     15.12511     15.35928
      2.75000     29.21036     14.13939     15.07098
      2.76000     30.46877     14.74100     15.72777
      2.77000     31.41175     15.37331     16.03844
      2.78000     29.78155     14.55449     15.22706
      2.79000     28.81655     14.00397     14.81258
      2.80000     30.09611     14.76861     15.32750
      2.81000     32.02323     15.97735     16.04588
      2.82000     32.18799     16.21630     15.97169
      2.83000     31.03769     15.63060     15.40708
      2.84000     30.35395     15.21814     15.13581
      2.85000     30.87135     15.52529     15.34606
      2.86000     30.17646     15.26867     14.90779
      2.87000     28.87804     14.66772     14.21031
      2.88000     28.85549     14.70756     14.14793
      2.89000     28.86685     14.62243     14.24441
      2.90000     28.72779     14.35352     14.37427
      2.91000     28.71779     14.24404     14.47375
      2.92000     28.52487     14.09774     14.42712
      2.93000     29.22446     14.47780     14.74666
      2.94000     28.70934     14.33160     14.37774
      2.95000     25.77609     12.95245     12.82364
      2.96000     23.48302     11.87220     11.61082
      2.97000     25.41106     12.85111     12.55995
      2.98000     28.90628     14.45149     14.45479
      2.99000     29.94152     14.78426     15.15726
      3.00000     30.19507     14.78376     15.41131
      3.01000     30.75545     14.90679     15.84873
      3.02000     30.68832     14.80245     15.88704
      3.03000     31.02149     15.13718     15.89120
      3.04000     32.08383     15.85188     16.24703
      3.05000     31.10970     15.21565     15.90791
      3.06000     29.64368     14.21889     15.43758
      3.07000     29.40712     14.11944     15.30425
      3.08000     29.38078     14.13981     15.25144
      3.09000     28.09503     13.63212     14.46717
      3.10000     28.45919     14.03834     14.43909
      3.11000     33.75109     16.75363     17.07051
      3.12000     36.23390     18.11097     18.26559
      3.13000     35.01520     17.68410     17.58193
      3.14000     33.91009     17.67705     16.78584
      3.15000     32.16084     17.45211     15.64223
      3.16000     30.96643     17.11529     15.07070
      3.17000     33.06699     18.04077     16.42817
      3.18000     35.94810     19.21205     18.06924
      3.19000     36.62721     19.65762     18.28497
      3.20000     34.65860     19.00879     17.15470
      3.21000     30.95529     17.52775     15.15412
      3.22000     27.44292     16.51172     13.03460
      3.23000     25.19584     15.54837     11.71479
      3.24000     25.10341     14.43194     12.21295
      3.25000     24.96491     13.19428     12.90896
      3.26000     25.20493     12.62560     13.40461
      3.27000     26.56749     13.14489     14.07526
      3.28000     26.99212     13.07795     14.43859
      3.29000     28.54185     13.08460     15.94201
      3.30000     30.95784     13.84825     17.75112
      3.31000     31.24347     14.15338     17.73983
      3.32000     30.16941     13.68195     16.95949
      3.33000     29.50976     13.40195     16.57814
      3.34000     29.00245     13.46575     16.17075
      3.35000     28.52460     13.41519     15.73321
      3.36000     27.70088     12.97827     15.30210
      3.37000     26.12262     11.81761     14.83644
      3.38000     25.37832     11.08911     14.73411
      3.39000     25.83880     11.26080     14.88240
      3.40000     25.73230     11.39981     14.48287
      3.41000     25.69793     11.75908     14.04364
      3.42000     27.11254     12.53950     14.75372
      3.43000     27.59429     12.60969     15.22434
      3.44000     25.83953     11.69305     14.34451
      3.45000     23.79227     10.77212     13.11503
      3.46000     22.82449     10.37191     12.53728
      3.47000     22.29467     10.17268     12.27087
      3.48000     22.64659     10.38902     12.45788
      3.49000     22.76468     10.33792     12.77924
      3.50000     22.22200     10.09804     12.61865
      3.51000     20.73587      9.60741     11.48481
      3.52000     19.76393      9.34100     10.53828
      3.53000     21.27070     10.36091     10.93625
      3.54000     23.36499     11.77144     11.66065
      3.55000     23.77509     12.25400     11.72624
      3.56000     23.65163     12.22240     11.78909
      3.57000     25.13327     12.68095     12.79456
      3.58000     26.17030     12.68869     13.71883
      3.59000     26.44829     12.30554     14.40762
      3.60000     27.10658     12.35117     14.98116
      3.61000     26.59763     12.20443     14.48514
      3.62000     25.81326     11.91608     13.96474
      3.63000     25.13307     11.85236     13.40287
      3.64000     24.72142     11.86513     12.97787
      3.65000     25.25798     11.96613     13.43089
      3.66000     24.60157     11.27417     13.57769
      3.67000     24.59581     10.70466     14.35121
      3.68000     27.72820     11.51763     16.78311
      3.69000     29.71194     12.23134     17.82571
      3.70000     29.97581     12.77956     17.30444
      3.71000     28.57642     12.67962     15.94624
      3.72000     25.15391     11.40438     13.82978
      3.73000     22.62679     10.26565     12.51371
      3.74000     20.90314      9.21581     11.89079
      3.75000     20.42266      8.94742     11.67449
      3.76000     21.38381      9.53504     11.99432
      3.77000     22.07899      9.68460     12.49010
      3.78000     22.24686      9.39055     12.93327
      3.79000     20.79932      8.61257     12.26717
      3.80000     19.52073      8.18840     11.40443
      3.81000     20.82802      8.87942     11.98509
      3.82000     22.39977      9.44506     12.97172
      3.83000     21.98030      9.17828     12.81601
      3.84000     19.63790      8.33205     11.31241
      3.85000     17.52079      7.69272      9.82924
      3.86000     17.54161      7.94129      9.60040
      3.87000     17.75924      8.04399      9.71525
      3.88000     17.72132      7.83154      9.88981
      3.89000     18.35874      7.95853     10.40089
      3.90000     18.38215      7.98461     10.40257
      3.91000     18.31410      7.86960     10.45805
      3.92000     17.89814      7.55870     10.35290
      3.93000     17.24727      7.33315      9.91904
      3.94000     17.30394      7.53305      9.77155
      3.95000     17.61742      7.79234      9.82511
      3.96000     17.38659      7.72855      9.65805
      3.97000     17.43760      7.72834      9.70926
      3.98000     18.64719      8.28738     10.35981
      3.99000     19.56404      8.64083     10.92321
      4.00000     18.71890      8.12424     10.59466
      4.01000     17.54417      7.53704     10.00713
      4.02000     18.23447      7.82160     10.41286
      4.03000     18.35707      7.87129     10.48578
      4.04000     17.64458      7.57109     10.07349
      4.05000     17.57656      7.51523     10.06133
      4.06000     17.66848      7.50912     10.15936
      4.07000     17.11680      7.28132      9.83548
      4.08000     16.52933      7.07762      9.45171
      4.09000     17.47936      7.57020      9.90915
      4.10000     18.96215      8.30657     10.65558
      4.11000     19.67028      8.66059     11.00970
      4.12000     20.08362      8.76064     11.32298
      4.13000     20.48851      8.73407     11.75444
